Added Component: Designator=PWR1_DR2(TERM2)
Added Component: Designator=PWR2_DR2(TERM2)
Added Pin To Net: NetName=PGND Pin=PWR1_DR2-1
Added Pin To Net: NetName=V_MOTOR Pin=PWR1_DR2-2
Added Pin To Net: NetName=PGND Pin=PWR2_DR2-1
Added Pin To Net: NetName=V_MOTOR Pin=PWR2_DR2-2
Added Member To Class: ClassName=DR1 Member=Component C28_DR1 (C28) 1000uF/16V
Added Member To Class: ClassName=DR2 Member=Component C28_DR2 (C28) 1000uF/16V
Added Member To Class: ClassName=DR1 Member=Component C31_DR1 (C31) 1000uF/16V
Added Member To Class: ClassName=DR2 Member=Component C31_DR2 (C31) 1000uF/16V
Added Member To Class: ClassName=DR1 Member=Component C40_DR1 (C40) 100uF/16V
Added Member To Class: ClassName=DR2 Member=Component C40_DR2 (C40) 100uF/16V
Added Member To Class: ClassName=DR1 Member=Component D1_DR1 (D1) 1N5821
Added Member To Class: ClassName=DR2 Member=Component D1_DR2 (D1) 1N5821
Added Member To Class: ClassName=DR1 Member=Component L3_DR1 (L3) 100uH
Added Member To Class: ClassName=DR2 Member=Component L3_DR2 (L3) 100uH
Added Member To Class: ClassName=DR1 Member=Component PWR1_DR1 (PWR1) Computer Power
Added Member To Class: ClassName=DR2 Member=Component PWR1_DR2 (PWR1) Computer Power
Added Member To Class: ClassName=DR1 Member=Component PWR2_DR1 (PWR2) Battery Power
Added Member To Class: ClassName=DR2 Member=Component PWR2_DR2 (PWR2) Battery Power
Added Rule: Name=Schematic Width Constraint_8
Added Rule: Name=Schematic Width Constraint_11
Change Rule Scope 1 : Old Scope=InNet('5V_OUT2') New Scope=InNet('5V_OUT1')
Change Rule Scope 1 : Old Scope=InNet('NetD1_DR1_1') New Scope=InNet('NetD1_DR2_1')
