Added Component: Designator=BLDC1_IRFS1(TERM3)
Added Component: Designator=BLDC1_IRFS2(TERM3)
Added Component: Designator=C1(1608[0603])
Added Component: Designator=C2(1608[0603])
Added Component: Designator=C3(1608[0603])
Added Component: Designator=C4(1608[0603])
Added Component: Designator=C5(1608[0603])
Added Component: Designator=C6(1608[0603])
Added Component: Designator=C7(1608[0603])
Added Component: Designator=C8(1608[0603])
Added Component: Designator=C9(1608[0603])
Added Component: Designator=C10(1608[0603])
Added Component: Designator=C11(1608[0603])
Added Component: Designator=C12(1608[0603])
Added Component: Designator=C13(1608[0603])
Added Component: Designator=C14(1608[0603])
Added Component: Designator=C15(1608[0603])
Added Component: Designator=C16(1608[0603])
Added Component: Designator=C17(1608[0603])
Added Component: Designator=C18(6032 [2312])
Added Component: Designator=C19(6032 [2312])
Added Component: Designator=C20(1608[0603])
Added Component: Designator=C21(1608[0603])
Added Component: Designator=C22(1608[0603])
Added Component: Designator=C23(6032 [2312])
Added Component: Designator=C24(6032 [2312])
Added Component: Designator=C25_DR1(1608[0603])
Added Component: Designator=C25_DR2(1608[0603])
Added Component: Designator=C26_DR1(1608[0603])
Added Component: Designator=C26_DR2(1608[0603])
Added Component: Designator=C27_DR1(6032 [2312])
Added Component: Designator=C27_DR2(6032 [2312])
Added Component: Designator=C28_DR1(Large_SMD_Cap)
Added Component: Designator=C28_DR2(Large_SMD_Cap)
Added Component: Designator=C29_DR1(1608[0603])
Added Component: Designator=C29_DR2(1608[0603])
Added Component: Designator=C30_DR1(1608[0603])
Added Component: Designator=C30_DR2(1608[0603])
Added Component: Designator=C31_DR1(Large_SMD_Cap)
Added Component: Designator=C31_DR2(Large_SMD_Cap)
Added Component: Designator=C32_DR1(1608[0603])
Added Component: Designator=C32_DR2(1608[0603])
Added Component: Designator=C33_DR1(1608[0603])
Added Component: Designator=C33_DR2(1608[0603])
Added Component: Designator=C34_DR1(1608[0603])
Added Component: Designator=C34_DR2(1608[0603])
Added Component: Designator=C35_DR1(1608[0603])
Added Component: Designator=C35_DR2(1608[0603])
Added Component: Designator=C36_DR1(1608[0603])
Added Component: Designator=C36_DR2(1608[0603])
Added Component: Designator=C38_DR1(1608[0603])
Added Component: Designator=C38_DR2(1608[0603])
Added Component: Designator=C39_DR1(1608[0603])
Added Component: Designator=C39_DR2(1608[0603])
Added Component: Designator=C40_DR1(6032 [2312])
Added Component: Designator=C40_DR2(6032 [2312])
Added Component: Designator=C41_DR1(1608[0603])
Added Component: Designator=C41_DR2(1608[0603])
Added Component: Designator=C42_DR1(1608[0603])
Added Component: Designator=C42_DR2(1608[0603])
Added Component: Designator=C43_DR1(1608[0603])
Added Component: Designator=C43_DR2(1608[0603])
Added Component: Designator=C44_DR1(1608[0603])
Added Component: Designator=C44_DR2(1608[0603])
Added Component: Designator=C45_DR1(1608[0603])
Added Component: Designator=C45_DR2(1608[0603])
Added Component: Designator=C46_DR1(1608[0603])
Added Component: Designator=C46_DR2(1608[0603])
Added Component: Designator=C47_DR1(6032 [2312])
Added Component: Designator=C47_DR2(6032 [2312])
Added Component: Designator=C48_DR1(1608[0603])
Added Component: Designator=C48_DR2(1608[0603])
Added Component: Designator=C49_DR1(6032 [2312])
Added Component: Designator=C49_DR2(6032 [2312])
Added Component: Designator=C50_DR1(6032 [2312])
Added Component: Designator=C50_DR2(6032 [2312])
Added Component: Designator=C51_DR1(1608[0603])
Added Component: Designator=C51_DR2(1608[0603])
Added Component: Designator=C52_DR1(1608[0603])
Added Component: Designator=C52_DR2(1608[0603])
Added Component: Designator=C53_DR1(1608[0603])
Added Component: Designator=C53_DR2(1608[0603])
Added Component: Designator=C54_DR1(6032 [2312])
Added Component: Designator=C54_DR2(6032 [2312])
Added Component: Designator=C55_DR1(6032 [2312])
Added Component: Designator=C55_DR2(6032 [2312])
Added Component: Designator=C56_DR1(1608[0603])
Added Component: Designator=C56_DR2(1608[0603])
Added Component: Designator=C57(6032 [2312])
Added Component: Designator=C58(6032 [2312])
Added Component: Designator=C59(1608[0603])
Added Component: Designator=C60(6032 [2312])
Added Component: Designator=C61(1608[0603])
Added Component: Designator=C62(1608[0603])
Added Component: Designator=C63(1608[0603])
Added Component: Designator=C64(1608[0603])
Added Component: Designator=C65(1608[0603])
Added Component: Designator=C66(1608[0603])
Added Component: Designator=C67(1608[0603])
Added Component: Designator=C68(1608[0603])
Added Component: Designator=C69(1608[0603])
Added Component: Designator=C70(1608[0603])
Added Component: Designator=C71(1608[0603])
Added Component: Designator=C72(1608[0603])
Added Component: Designator=C73(1608[0603])
Added Component: Designator=C74(1608[0603])
Added Component: Designator=C75(1608[0603])
Added Component: Designator=C76(1608[0603])
Added Component: Designator=C77(1608[0603])
Added Component: Designator=C78(1608[0603])
Added Component: Designator=D1_DR1(DIODE-4)
Added Component: Designator=D1_DR2(DIODE-4)
Added Component: Designator=D2(DIODE-3)
Added Component: Designator=D3_DR1(DIODE-4)
Added Component: Designator=D3_DR2(DIODE-4)
Added Component: Designator=Enc1(Header 4  -MolexPicoBlade)
Added Component: Designator=Enc2(Header 4  -MolexPicoBlade)
Added Component: Designator=Enc3(Header 4  -MolexPicoBlade)
Added Component: Designator=Enc4(Header 4  -MolexPicoBlade)
Added Component: Designator=GPS1(Header 6  ZH-SM4)
Added Component: Designator=H4(HDR-2*5-0.05_Without_Through_Hole)
Added Component: Designator=Hall_Sens1(Header 6  ZH-SM4)
Added Component: Designator=Hall_Sens2(Header 6  ZH-SM4)
Added Component: Designator=IMU1(Header 6  -MolexPicoBlade)
Added Component: Designator=L1(0805)
Added Component: Designator=L2(0805)
Added Component: Designator=L3_DR1(SDR0805)
Added Component: Designator=L3_DR2(SDR0805)
Added Component: Designator=L4(VLC2)
Added Component: Designator=L5(0805)
Added Component: Designator=L6(0805)
Added Component: Designator=LED1(LED_2012[0805])
Added Component: Designator=LED2(LED_2012[0805])
Added Component: Designator=LED3_DR1(LED_2012[0805])
Added Component: Designator=LED3_DR2(LED_2012[0805])
Added Component: Designator=LED4_DR1(LED_2012[0805])
Added Component: Designator=LED4_DR2(LED_2012[0805])
Added Component: Designator=LED5_DR1(LED_2012[0805])
Added Component: Designator=LED5_DR2(LED_2012[0805])
Added Component: Designator=LED6(LED_2012[0805])
Added Component: Designator=Oc1(Header 3  -MolexPicoBlade)
Added Component: Designator=P_Servo1(HDR1X3)
Added Component: Designator=Pot1(Header 3  -MolexPicoBlade)
Added Component: Designator=Pot2(Header 3  -MolexPicoBlade)
Added Component: Designator=Pot3(Header 3  -MolexPicoBlade)
Added Component: Designator=Pot4(Header 3  -MolexPicoBlade)
Added Component: Designator=Pot5(Header 3  -MolexPicoBlade)
Added Component: Designator=Pot6(Header 3  -MolexPicoBlade)
Added Component: Designator=PWR1_DR1(TERM2)
Added Component: Designator=PWR1_DR2(TERM2)
Added Component: Designator=PWR2_DR1(TERM2)
Added Component: Designator=PWR2_DR2(TERM2)
Added Component: Designator=Q1_IRFS1(D2PAK-7Pin)
Added Component: Designator=Q1_IRFS2(D2PAK-7Pin)
Added Component: Designator=Q2_IRFS1(D2PAK-7Pin)
Added Component: Designator=Q2_IRFS2(D2PAK-7Pin)
Added Component: Designator=Q3_IRFS1(D2PAK-7Pin)
Added Component: Designator=Q3_IRFS2(D2PAK-7Pin)
Added Component: Designator=Q4_IRFS1(D2PAK-7Pin)
Added Component: Designator=Q4_IRFS2(D2PAK-7Pin)
Added Component: Designator=Q5_IRFS1(D2PAK-7Pin)
Added Component: Designator=Q5_IRFS2(D2PAK-7Pin)
Added Component: Designator=Q6_IRFS1(D2PAK-7Pin)
Added Component: Designator=Q6_IRFS2(D2PAK-7Pin)
Added Component: Designator=R1(1608[0603])
Added Component: Designator=R2(1608[0603])
Added Component: Designator=R3(1608[0603])
Added Component: Designator=R4(1608[0603])
Added Component: Designator=R5(1608[0603])
Added Component: Designator=R6(1608[0603])
Added Component: Designator=R7(1608[0603])
Added Component: Designator=R8(1608[0603])
Added Component: Designator=R9(1608[0603])
Added Component: Designator=R10(1608[0603])
Added Component: Designator=R11(1608[0603])
Added Component: Designator=R12(1608[0603])
Added Component: Designator=R13(1608[0603])
Added Component: Designator=R14(1608[0603])
Added Component: Designator=R15(1608[0603])
Added Component: Designator=R16(1608[0603])
Added Component: Designator=R17(1608[0603])
Added Component: Designator=R18(1608[0603])
Added Component: Designator=R19(1608[0603])
Added Component: Designator=R20(1608[0603])
Added Component: Designator=R21(1608[0603])
Added Component: Designator=R22(1608[0603])
Added Component: Designator=R23(1608[0603])
Added Component: Designator=R24(1608[0603])
Added Component: Designator=R25(1608[0603])
Added Component: Designator=R26(1608[0603])
Added Component: Designator=R27(1608[0603])
Added Component: Designator=R28(1608[0603])
Added Component: Designator=R29(1608[0603])
Added Component: Designator=R30(1608[0603])
Added Component: Designator=R31(1608[0603])
Added Component: Designator=R32(1608[0603])
Added Component: Designator=R33(1608[0603])
Added Component: Designator=R34(1608[0603])
Added Component: Designator=R35(1608[0603])
Added Component: Designator=R36(1608[0603])
Added Component: Designator=R37(1608[0603])
Added Component: Designator=R38(1608[0603])
Added Component: Designator=R39(1608[0603])
Added Component: Designator=R40(1608[0603])
Added Component: Designator=R41_DR1(1608[0603])
Added Component: Designator=R41_DR2(1608[0603])
Added Component: Designator=R42_DR1(1608[0603])
Added Component: Designator=R42_DR2(1608[0603])
Added Component: Designator=R43_DR1(1608[0603])
Added Component: Designator=R43_DR2(1608[0603])
Added Component: Designator=R44_DR1(1608[0603])
Added Component: Designator=R44_DR2(1608[0603])
Added Component: Designator=R45_DR1(1608[0603])
Added Component: Designator=R45_DR2(1608[0603])
Added Component: Designator=R46_DR1(1608[0603])
Added Component: Designator=R46_DR2(1608[0603])
Added Component: Designator=R47_DR1(1608[0603])
Added Component: Designator=R47_DR2(1608[0603])
Added Component: Designator=R48_DR1(1608[0603])
Added Component: Designator=R48_DR2(1608[0603])
Added Component: Designator=R49_DR1(1608[0603])
Added Component: Designator=R49_DR2(1608[0603])
Added Component: Designator=R50_DR1(1608[0603])
Added Component: Designator=R50_DR2(1608[0603])
Added Component: Designator=R51_DR1(1608[0603])
Added Component: Designator=R51_DR2(1608[0603])
Added Component: Designator=R52_DR1(1608[0603])
Added Component: Designator=R52_DR2(1608[0603])
Added Component: Designator=R53_DR1(1608[0603])
Added Component: Designator=R53_DR2(1608[0603])
Added Component: Designator=R54_DR1(1608[0603])
Added Component: Designator=R54_DR2(1608[0603])
Added Component: Designator=R55_DR1(1608[0603])
Added Component: Designator=R55_DR2(1608[0603])
Added Component: Designator=R56_DR1(1608[0603])
Added Component: Designator=R56_DR2(1608[0603])
Added Component: Designator=R57(1608[0603])
Added Component: Designator=R58(1608[0603])
Added Component: Designator=R59(1608[0603])
Added Component: Designator=R60(1608[0603])
Added Component: Designator=R61(1608[0603])
Added Component: Designator=R62(1608[0603])
Added Component: Designator=R63(1608[0603])
Added Component: Designator=R64(1608[0603])
Added Component: Designator=R65(1608[0603])
Added Component: Designator=R66(1608[0603])
Added Component: Designator=R67(1608[0603])
Added Component: Designator=R68(1608[0603])
Added Component: Designator=R69(1608[0603])
Added Component: Designator=R70(1608[0603])
Added Component: Designator=R71_IRFS1(1608[0603])
Added Component: Designator=R71_IRFS2(1608[0603])
Added Component: Designator=R72_IRFS1(1608[0603])
Added Component: Designator=R72_IRFS2(1608[0603])
Added Component: Designator=R73_IRFS1(1608[0603])
Added Component: Designator=R73_IRFS2(1608[0603])
Added Component: Designator=R74_IRFS1(1608[0603])
Added Component: Designator=R74_IRFS2(1608[0603])
Added Component: Designator=R75_IRFS1(1608[0603])
Added Component: Designator=R75_IRFS2(1608[0603])
Added Component: Designator=R76_IRFS1(1608[0603])
Added Component: Designator=R76_IRFS2(1608[0603])
Added Component: Designator=R77_IRFS1(1608[0603])
Added Component: Designator=R77_IRFS2(1608[0603])
Added Component: Designator=R78_IRFS1(1608[0603])
Added Component: Designator=R78_IRFS2(1608[0603])
Added Component: Designator=R79_IRFS1(5931)
Added Component: Designator=R79_IRFS2(5931)
Added Component: Designator=R80_IRFS1(1608[0603])
Added Component: Designator=R80_IRFS2(1608[0603])
Added Component: Designator=R81_IRFS1(1608[0603])
Added Component: Designator=R81_IRFS2(1608[0603])
Added Component: Designator=R82_IRFS1(1608[0603])
Added Component: Designator=R82_IRFS2(1608[0603])
Added Component: Designator=R83_IRFS1(1608[0603])
Added Component: Designator=R83_IRFS2(1608[0603])
Added Component: Designator=R84(1608[0603])
Added Component: Designator=R85(1608[0603])
Added Component: Designator=R86_IRFS1(5931)
Added Component: Designator=R86_IRFS2(5931)
Added Component: Designator=R87(1608[0603])
Added Component: Designator=R88(1608[0603])
Added Component: Designator=R89(1608[0603])
Added Component: Designator=R90(1608[0603])
Added Component: Designator=R91(1608[0603])
Added Component: Designator=R92(1608[0603])
Added Component: Designator=R93(1608[0603])
Added Component: Designator=R94(1608[0603])
Added Component: Designator=R95(2012[0805])
Added Component: Designator=R96(2012[0805])
Added Component: Designator=R97(2012[0805])
Added Component: Designator=R98(2012[0805])
Added Component: Designator=R99(2012[0805])
Added Component: Designator=R100(2012[0805])
Added Component: Designator=R101(2012[0805])
Added Component: Designator=R102(2012[0805])
Added Component: Designator=S1(PTS645SH50SMTR92_LFS)
Added Component: Designator=Serv1(HDR1X3)
Added Component: Designator=Serv2(HDR1X3)
Added Component: Designator=T1(SOT-23)
Added Component: Designator=T2(SOT-23)
Added Component: Designator=U1(LQFP100_M)
Added Component: Designator=U2_DR1(DRV8302)
Added Component: Designator=U2_DR2(DRV8302)
Added Component: Designator=U3(SOT-223)
Added Component: Designator=U4(LGA_Package)
Added Component: Designator=U5_DR1(SOT-223)
Added Component: Designator=U5_DR2(SOT-223)
Added Component: Designator=U6(8S1_M)
Added Component: Designator=U7(QFN64_2_L)
Added Component: Designator=U8(SOIC8)
Added Component: Designator=U9(QFN24)
Added Component: Designator=USB1(Micro_USB_B_Type_Receptacle)
Added Component: Designator=USB2(Header 4  -MolexPicoBlade)
Added Component: Designator=X1(ABM7)
Added Component: Designator=X2(0805)
Added Component: Designator=X3(ABM7)
Added Pin To Net: NetName=1V8_USB Pin=C61-1
Added Pin To Net: NetName=1V8_USB Pin=C65-1
Added Pin To Net: NetName=1V8_USB Pin=C66-1
Added Pin To Net: NetName=1V8_USB Pin=C67-1
Added Pin To Net: NetName=1V8_USB Pin=U7-12
Added Pin To Net: NetName=1V8_USB Pin=U7-37
Added Pin To Net: NetName=1V8_USB Pin=U7-49
Added Pin To Net: NetName=1V8_USB Pin=U7-64
Added Net: Name=1V8_USB
Added Pin To Net: NetName=3V3_IRFS Pin=C39_DR1-2
Added Pin To Net: NetName=3V3_IRFS Pin=C39_DR2-2
Added Pin To Net: NetName=3V3_IRFS Pin=C41_DR1-2
Added Pin To Net: NetName=3V3_IRFS Pin=C41_DR2-2
Added Pin To Net: NetName=3V3_IRFS Pin=C42_DR1-2
Added Pin To Net: NetName=3V3_IRFS Pin=C42_DR2-2
Added Pin To Net: NetName=3V3_IRFS Pin=C45_DR1-2
Added Pin To Net: NetName=3V3_IRFS Pin=C45_DR2-2
Added Pin To Net: NetName=3V3_IRFS Pin=C48_DR1-1
Added Pin To Net: NetName=3V3_IRFS Pin=C48_DR2-1
Added Pin To Net: NetName=3V3_IRFS Pin=R45_DR1-2
Added Pin To Net: NetName=3V3_IRFS Pin=R45_DR2-2
Added Pin To Net: NetName=3V3_IRFS Pin=R46_DR1-2
Added Pin To Net: NetName=3V3_IRFS Pin=R46_DR2-2
Added Pin To Net: NetName=3V3_IRFS Pin=R48_DR1-2
Added Pin To Net: NetName=3V3_IRFS Pin=R48_DR2-2
Added Pin To Net: NetName=3V3_IRFS Pin=U2_DR1-24
Added Pin To Net: NetName=3V3_IRFS Pin=U2_DR2-24
Added Pin To Net: NetName=3V3_IRFS Pin=U5_DR1-2
Added Pin To Net: NetName=3V3_IRFS Pin=U5_DR1-2
Added Pin To Net: NetName=3V3_IRFS Pin=U5_DR2-2
Added Pin To Net: NetName=3V3_IRFS Pin=U5_DR2-2
Added Net: Name=3V3_IRFS
Added Pin To Net: NetName=3V3_STM Pin=C9-2
Added Pin To Net: NetName=3V3_STM Pin=C10-2
Added Pin To Net: NetName=3V3_STM Pin=C11-2
Added Pin To Net: NetName=3V3_STM Pin=C68-1
Added Pin To Net: NetName=3V3_STM Pin=C69-1
Added Pin To Net: NetName=3V3_STM Pin=C70-1
Added Pin To Net: NetName=3V3_STM Pin=C71-1
Added Pin To Net: NetName=3V3_STM Pin=C72-2
Added Pin To Net: NetName=3V3_STM Pin=H4-1
Added Pin To Net: NetName=3V3_STM Pin=IMU1-4
Added Pin To Net: NetName=3V3_STM Pin=L1-2
Added Pin To Net: NetName=3V3_STM Pin=L2-2
Added Pin To Net: NetName=3V3_STM Pin=L5-1
Added Pin To Net: NetName=3V3_STM Pin=L6-1
Added Pin To Net: NetName=3V3_STM Pin=R5-2
Added Pin To Net: NetName=3V3_STM Pin=R33-2
Added Pin To Net: NetName=3V3_STM Pin=R35-2
Added Pin To Net: NetName=3V3_STM Pin=R58-2
Added Pin To Net: NetName=3V3_STM Pin=R59-2
Added Pin To Net: NetName=3V3_STM Pin=R60-2
Added Pin To Net: NetName=3V3_STM Pin=U1-6
Added Pin To Net: NetName=3V3_STM Pin=U1-11
Added Pin To Net: NetName=3V3_STM Pin=U1-19
Added Pin To Net: NetName=3V3_STM Pin=U1-28
Added Pin To Net: NetName=3V3_STM Pin=U1-50
Added Pin To Net: NetName=3V3_STM Pin=U1-75
Added Pin To Net: NetName=3V3_STM Pin=U1-100
Added Pin To Net: NetName=3V3_STM Pin=U3-2
Added Pin To Net: NetName=3V3_STM Pin=U3-2
Added Pin To Net: NetName=3V3_STM Pin=U6-6
Added Pin To Net: NetName=3V3_STM Pin=U6-8
Added Pin To Net: NetName=3V3_STM Pin=U7-20
Added Pin To Net: NetName=3V3_STM Pin=U7-31
Added Pin To Net: NetName=3V3_STM Pin=U7-42
Added Pin To Net: NetName=3V3_STM Pin=U7-50
Added Pin To Net: NetName=3V3_STM Pin=U7-56
Added Pin To Net: NetName=3V3_STM Pin=U8-5
Added Pin To Net: NetName=3V3_STM Pin=U9-3
Added Pin To Net: NetName=3V3_STM Pin=U9-8
Added Pin To Net: NetName=3V3_STM Pin=U9-13
Added Net: Name=3V3_STM
Added Pin To Net: NetName=5V_IN1 Pin=C27_DR1-2
Added Pin To Net: NetName=5V_IN1 Pin=C27_DR2-2
Added Pin To Net: NetName=5V_IN1 Pin=C57-2
Added Pin To Net: NetName=5V_IN1 Pin=L4-2
Added Pin To Net: NetName=5V_IN1 Pin=R53_DR1-2
Added Pin To Net: NetName=5V_IN1 Pin=R53_DR2-2
Added Pin To Net: NetName=5V_IN1 Pin=U5_DR1-3
Added Pin To Net: NetName=5V_IN1 Pin=U5_DR2-3
Added Net: Name=5V_IN1
Added Pin To Net: NetName=5V_IRFS Pin=C25_DR1-2
Added Pin To Net: NetName=5V_IRFS Pin=C25_DR2-2
Added Pin To Net: NetName=5V_IRFS Pin=C26_DR1-2
Added Pin To Net: NetName=5V_IRFS Pin=C26_DR2-2
Added Pin To Net: NetName=5V_IRFS Pin=C29_DR1-2
Added Pin To Net: NetName=5V_IRFS Pin=C29_DR2-2
Added Pin To Net: NetName=5V_IRFS Pin=C32_DR1-2
Added Pin To Net: NetName=5V_IRFS Pin=C32_DR2-2
Added Pin To Net: NetName=5V_IRFS Pin=C35_DR1-1
Added Pin To Net: NetName=5V_IRFS Pin=C35_DR2-1
Added Pin To Net: NetName=5V_IRFS Pin=R41_DR1-1
Added Pin To Net: NetName=5V_IRFS Pin=R41_DR2-1
Added Pin To Net: NetName=5V_IRFS Pin=R42_DR1-1
Added Pin To Net: NetName=5V_IRFS Pin=R42_DR2-1
Added Pin To Net: NetName=5V_IRFS Pin=R43_DR1-1
Added Pin To Net: NetName=5V_IRFS Pin=R43_DR2-1
Added Pin To Net: NetName=5V_IRFS Pin=R95-1
Added Pin To Net: NetName=5V_IRFS Pin=R96-1
Added Pin To Net: NetName=5V_IRFS Pin=R97-1
Added Pin To Net: NetName=5V_IRFS Pin=R98-1
Added Net: Name=5V_IRFS
Added Pin To Net: NetName=5V_OUT1 Pin=C44_DR1-2
Added Pin To Net: NetName=5V_OUT1 Pin=U2_DR1-50
Added Pin To Net: NetName=5V_OUT1 Pin=U2_DR1-51
Added Net: Name=5V_OUT1
Added Pin To Net: NetName=5V_OUT2 Pin=C44_DR2-2
Added Pin To Net: NetName=5V_OUT2 Pin=U2_DR2-50
Added Pin To Net: NetName=5V_OUT2 Pin=U2_DR2-51
Added Net: Name=5V_OUT2
Added Pin To Net: NetName=5V_SERVO Pin=C23-2
Added Pin To Net: NetName=5V_SERVO Pin=C24-2
Added Pin To Net: NetName=5V_SERVO Pin=P_Servo1-2
Added Pin To Net: NetName=5V_SERVO Pin=Serv1-2
Added Pin To Net: NetName=5V_SERVO Pin=Serv2-2
Added Pin To Net: NetName=5V_SERVO Pin=U4-12
Added Pin To Net: NetName=5V_SERVO Pin=U4-12
Added Pin To Net: NetName=5V_SERVO Pin=U4-12
Added Pin To Net: NetName=5V_SERVO Pin=U4-12
Added Pin To Net: NetName=5V_SERVO Pin=U4-12
Added Pin To Net: NetName=5V_SERVO Pin=U4-12
Added Pin To Net: NetName=5V_SERVO Pin=U4-12
Added Pin To Net: NetName=5V_SERVO Pin=U4-12
Added Pin To Net: NetName=5V_SERVO Pin=U4-12
Added Pin To Net: NetName=5V_SERVO Pin=U4-12
Added Pin To Net: NetName=5V_SERVO Pin=U4-12
Added Pin To Net: NetName=5V_SERVO Pin=U4-12
Added Pin To Net: NetName=5V_SERVO Pin=U4-12
Added Pin To Net: NetName=5V_SERVO Pin=U4-12
Added Pin To Net: NetName=5V_SERVO Pin=U4-12
Added Pin To Net: NetName=5V_SERVO Pin=U4-12
Added Net: Name=5V_SERVO
Added Pin To Net: NetName=5V_STM Pin=C19-2
Added Pin To Net: NetName=5V_STM Pin=C20-2
Added Pin To Net: NetName=5V_STM Pin=C21-2
Added Pin To Net: NetName=5V_STM Pin=C22-2
Added Pin To Net: NetName=5V_STM Pin=Enc1-4
Added Pin To Net: NetName=5V_STM Pin=Enc2-4
Added Pin To Net: NetName=5V_STM Pin=Enc3-4
Added Pin To Net: NetName=5V_STM Pin=Enc4-4
Added Pin To Net: NetName=5V_STM Pin=GPS1-2
Added Pin To Net: NetName=5V_STM Pin=Hall_Sens1-6
Added Pin To Net: NetName=5V_STM Pin=Hall_Sens2-6
Added Pin To Net: NetName=5V_STM Pin=Pot1-3
Added Pin To Net: NetName=5V_STM Pin=Pot2-3
Added Pin To Net: NetName=5V_STM Pin=Pot3-3
Added Pin To Net: NetName=5V_STM Pin=Pot4-3
Added Pin To Net: NetName=5V_STM Pin=Pot5-3
Added Pin To Net: NetName=5V_STM Pin=Pot6-3
Added Pin To Net: NetName=5V_STM Pin=R32-2
Added Pin To Net: NetName=5V_STM Pin=R34-2
Added Pin To Net: NetName=5V_STM Pin=R36-2
Added Pin To Net: NetName=5V_STM Pin=R37-2
Added Pin To Net: NetName=5V_STM Pin=R87-1
Added Pin To Net: NetName=5V_STM Pin=R88-2
Added Pin To Net: NetName=5V_STM Pin=R89-2
Added Pin To Net: NetName=5V_STM Pin=R90-2
Added Pin To Net: NetName=5V_STM Pin=R91-2
Added Pin To Net: NetName=5V_STM Pin=R95-2
Added Pin To Net: NetName=5V_STM Pin=R96-2
Added Pin To Net: NetName=5V_STM Pin=R97-2
Added Pin To Net: NetName=5V_STM Pin=R98-2
Added Pin To Net: NetName=5V_STM Pin=U3-3
Added Pin To Net: NetName=5V_STM Pin=USB1-1
Added Net: Name=5V_STM
Added Pin To Net: NetName=DC_CAL1 Pin=U1-18
Added Pin To Net: NetName=DC_CAL1 Pin=U2_DR1-12
Added Net: Name=DC_CAL1
Added Pin To Net: NetName=DC_CAL2 Pin=U1-79
Added Pin To Net: NetName=DC_CAL2 Pin=U2_DR2-12
Added Net: Name=DC_CAL2
Added Pin To Net: NetName=EN_G1 Pin=U1-83
Added Pin To Net: NetName=EN_G1 Pin=U2_DR1-16
Added Net: Name=EN_G1
Added Pin To Net: NetName=EN_G2 Pin=U1-3
Added Pin To Net: NetName=EN_G2 Pin=U2_DR2-16
Added Net: Name=EN_G2
Added Pin To Net: NetName=FAULT1 Pin=LED5_DR1-2
Added Pin To Net: NetName=FAULT1 Pin=R48_DR1-1
Added Pin To Net: NetName=FAULT1 Pin=U1-37
Added Pin To Net: NetName=FAULT1 Pin=U2_DR1-6
Added Net: Name=FAULT1
Added Pin To Net: NetName=FAULT2 Pin=LED5_DR2-2
Added Pin To Net: NetName=FAULT2 Pin=R48_DR2-1
Added Pin To Net: NetName=FAULT2 Pin=U1-38
Added Pin To Net: NetName=FAULT2 Pin=U2_DR2-6
Added Net: Name=FAULT2
Added Pin To Net: NetName=GAIN1 Pin=U1-51
Added Pin To Net: NetName=GAIN1 Pin=U2_DR1-10
Added Net: Name=GAIN1
Added Pin To Net: NetName=GAIN2 Pin=U1-43
Added Pin To Net: NetName=GAIN2 Pin=U2_DR2-10
Added Net: Name=GAIN2
Added Pin To Net: NetName=GND_STM Pin=C1-1
Added Pin To Net: NetName=GND_STM Pin=C2-2
Added Pin To Net: NetName=GND_STM Pin=C3-1
Added Pin To Net: NetName=GND_STM Pin=C4-2
Added Pin To Net: NetName=GND_STM Pin=C5-1
Added Pin To Net: NetName=GND_STM Pin=C6-1
Added Pin To Net: NetName=GND_STM Pin=C7-2
Added Pin To Net: NetName=GND_STM Pin=C8-1
Added Pin To Net: NetName=GND_STM Pin=C9-1
Added Pin To Net: NetName=GND_STM Pin=C10-1
Added Pin To Net: NetName=GND_STM Pin=C11-1
Added Pin To Net: NetName=GND_STM Pin=C12-2
Added Pin To Net: NetName=GND_STM Pin=C13-2
Added Pin To Net: NetName=GND_STM Pin=C14-1
Added Pin To Net: NetName=GND_STM Pin=C15-1
Added Pin To Net: NetName=GND_STM Pin=C16-1
Added Pin To Net: NetName=GND_STM Pin=C17-1
Added Pin To Net: NetName=GND_STM Pin=C18-1
Added Pin To Net: NetName=GND_STM Pin=C19-1
Added Pin To Net: NetName=GND_STM Pin=C20-1
Added Pin To Net: NetName=GND_STM Pin=C21-1
Added Pin To Net: NetName=GND_STM Pin=C22-1
Added Pin To Net: NetName=GND_STM Pin=C23-1
Added Pin To Net: NetName=GND_STM Pin=C24-1
Added Pin To Net: NetName=GND_STM Pin=C58-1
Added Pin To Net: NetName=GND_STM Pin=C59-2
Added Pin To Net: NetName=GND_STM Pin=C60-1
Added Pin To Net: NetName=GND_STM Pin=C61-2
Added Pin To Net: NetName=GND_STM Pin=C62-2
Added Pin To Net: NetName=GND_STM Pin=C63-2
Added Pin To Net: NetName=GND_STM Pin=C64-2
Added Pin To Net: NetName=GND_STM Pin=C65-2
Added Pin To Net: NetName=GND_STM Pin=C66-2
Added Pin To Net: NetName=GND_STM Pin=C67-2
Added Pin To Net: NetName=GND_STM Pin=C68-2
Added Pin To Net: NetName=GND_STM Pin=C69-2
Added Pin To Net: NetName=GND_STM Pin=C70-2
Added Pin To Net: NetName=GND_STM Pin=C71-2
Added Pin To Net: NetName=GND_STM Pin=C72-1
Added Pin To Net: NetName=GND_STM Pin=C73-1
Added Pin To Net: NetName=GND_STM Pin=C74-1
Added Pin To Net: NetName=GND_STM Pin=C75-1
Added Pin To Net: NetName=GND_STM Pin=C76-1
Added Pin To Net: NetName=GND_STM Pin=C77-1
Added Pin To Net: NetName=GND_STM Pin=C78-1
Added Pin To Net: NetName=GND_STM Pin=Enc1-1
Added Pin To Net: NetName=GND_STM Pin=Enc2-1
Added Pin To Net: NetName=GND_STM Pin=Enc3-1
Added Pin To Net: NetName=GND_STM Pin=Enc4-1
Added Pin To Net: NetName=GND_STM Pin=GPS1-1
Added Pin To Net: NetName=GND_STM Pin=GPS1-5
Added Pin To Net: NetName=GND_STM Pin=H4-3
Added Pin To Net: NetName=GND_STM Pin=H4-5
Added Pin To Net: NetName=GND_STM Pin=H4-6
Added Pin To Net: NetName=GND_STM Pin=Hall_Sens1-1
Added Pin To Net: NetName=GND_STM Pin=Hall_Sens2-1
Added Pin To Net: NetName=GND_STM Pin=IMU1-3
Added Pin To Net: NetName=GND_STM Pin=IMU1-6
Added Pin To Net: NetName=GND_STM Pin=LED1-2
Added Pin To Net: NetName=GND_STM Pin=LED2-2
Added Pin To Net: NetName=GND_STM Pin=LED6-2
Added Pin To Net: NetName=GND_STM Pin=Oc1-1
Added Pin To Net: NetName=GND_STM Pin=P_Servo1-1
Added Pin To Net: NetName=GND_STM Pin=P_Servo1-3
Added Pin To Net: NetName=GND_STM Pin=Pot1-1
Added Pin To Net: NetName=GND_STM Pin=Pot2-1
Added Pin To Net: NetName=GND_STM Pin=Pot3-1
Added Pin To Net: NetName=GND_STM Pin=Pot4-1
Added Pin To Net: NetName=GND_STM Pin=Pot5-1
Added Pin To Net: NetName=GND_STM Pin=Pot6-1
Added Pin To Net: NetName=GND_STM Pin=R6-1
Added Pin To Net: NetName=GND_STM Pin=R8-2
Added Pin To Net: NetName=GND_STM Pin=R12-2
Added Pin To Net: NetName=GND_STM Pin=R14-2
Added Pin To Net: NetName=GND_STM Pin=R16-2
Added Pin To Net: NetName=GND_STM Pin=R19-2
Added Pin To Net: NetName=GND_STM Pin=R24-2
Added Pin To Net: NetName=GND_STM Pin=R31-2
Added Pin To Net: NetName=GND_STM Pin=R39-1
Added Pin To Net: NetName=GND_STM Pin=R40-1
Added Pin To Net: NetName=GND_STM Pin=R62-1
Added Pin To Net: NetName=GND_STM Pin=R64-2
Added Pin To Net: NetName=GND_STM Pin=R67-1
Added Pin To Net: NetName=GND_STM Pin=R84-1
Added Pin To Net: NetName=GND_STM Pin=R85-1
Added Pin To Net: NetName=GND_STM Pin=R99-1
Added Pin To Net: NetName=GND_STM Pin=R100-1
Added Pin To Net: NetName=GND_STM Pin=R101-1
Added Pin To Net: NetName=GND_STM Pin=R102-1
Added Pin To Net: NetName=GND_STM Pin=S1-1
Added Pin To Net: NetName=GND_STM Pin=S1-1
Added Pin To Net: NetName=GND_STM Pin=Serv1-1
Added Pin To Net: NetName=GND_STM Pin=Serv2-1
Added Pin To Net: NetName=GND_STM Pin=T1-2
Added Pin To Net: NetName=GND_STM Pin=T2-2
Added Pin To Net: NetName=GND_STM Pin=U1-10
Added Pin To Net: NetName=GND_STM Pin=U1-20
Added Pin To Net: NetName=GND_STM Pin=U1-27
Added Pin To Net: NetName=GND_STM Pin=U1-74
Added Pin To Net: NetName=GND_STM Pin=U1-99
Added Pin To Net: NetName=GND_STM Pin=U3-1
Added Pin To Net: NetName=GND_STM Pin=U4-4
Added Pin To Net: NetName=GND_STM Pin=U4-7
Added Pin To Net: NetName=GND_STM Pin=U4-7
Added Pin To Net: NetName=GND_STM Pin=U4-7
Added Pin To Net: NetName=GND_STM Pin=U4-7
Added Pin To Net: NetName=GND_STM Pin=U4-7
Added Pin To Net: NetName=GND_STM Pin=U4-7
Added Pin To Net: NetName=GND_STM Pin=U4-7
Added Pin To Net: NetName=GND_STM Pin=U4-7
Added Pin To Net: NetName=GND_STM Pin=U4-7
Added Pin To Net: NetName=GND_STM Pin=U4-7
Added Pin To Net: NetName=GND_STM Pin=U4-7
Added Pin To Net: NetName=GND_STM Pin=U4-7
Added Pin To Net: NetName=GND_STM Pin=U4-7
Added Pin To Net: NetName=GND_STM Pin=U4-7
Added Pin To Net: NetName=GND_STM Pin=U4-7
Added Pin To Net: NetName=GND_STM Pin=U4-7
Added Pin To Net: NetName=GND_STM Pin=U4-7
Added Pin To Net: NetName=GND_STM Pin=U4-7
Added Pin To Net: NetName=GND_STM Pin=U4-7
Added Pin To Net: NetName=GND_STM Pin=U4-7
Added Pin To Net: NetName=GND_STM Pin=U4-7
Added Pin To Net: NetName=GND_STM Pin=U4-7
Added Pin To Net: NetName=GND_STM Pin=U4-7
Added Pin To Net: NetName=GND_STM Pin=U4-7
Added Pin To Net: NetName=GND_STM Pin=U4-7
Added Pin To Net: NetName=GND_STM Pin=U4-7
Added Pin To Net: NetName=GND_STM Pin=U4-7
Added Pin To Net: NetName=GND_STM Pin=U4-7
Added Pin To Net: NetName=GND_STM Pin=U4-7
Added Pin To Net: NetName=GND_STM Pin=U4-7
Added Pin To Net: NetName=GND_STM Pin=U4-7
Added Pin To Net: NetName=GND_STM Pin=U4-7
Added Pin To Net: NetName=GND_STM Pin=U4-7
Added Pin To Net: NetName=GND_STM Pin=U4-7
Added Pin To Net: NetName=GND_STM Pin=U4-7
Added Pin To Net: NetName=GND_STM Pin=U4-7
Added Pin To Net: NetName=GND_STM Pin=U4-7
Added Pin To Net: NetName=GND_STM Pin=U4-7
Added Pin To Net: NetName=GND_STM Pin=U4-7
Added Pin To Net: NetName=GND_STM Pin=U4-7
Added Pin To Net: NetName=GND_STM Pin=U4-7
Added Pin To Net: NetName=GND_STM Pin=U4-7
Added Pin To Net: NetName=GND_STM Pin=U4-7
Added Pin To Net: NetName=GND_STM Pin=U4-7
Added Pin To Net: NetName=GND_STM Pin=U4-7
Added Pin To Net: NetName=GND_STM Pin=U4-7
Added Pin To Net: NetName=GND_STM Pin=U4-7
Added Pin To Net: NetName=GND_STM Pin=U6-5
Added Pin To Net: NetName=GND_STM Pin=U6-7
Added Pin To Net: NetName=GND_STM Pin=U7-1
Added Pin To Net: NetName=GND_STM Pin=U7-5
Added Pin To Net: NetName=GND_STM Pin=U7-10
Added Pin To Net: NetName=GND_STM Pin=U7-11
Added Pin To Net: NetName=GND_STM Pin=U7-13
Added Pin To Net: NetName=GND_STM Pin=U7-15
Added Pin To Net: NetName=GND_STM Pin=U7-25
Added Pin To Net: NetName=GND_STM Pin=U7-35
Added Pin To Net: NetName=GND_STM Pin=U7-47
Added Pin To Net: NetName=GND_STM Pin=U7-51
Added Pin To Net: NetName=GND_STM Pin=U7-65
Added Pin To Net: NetName=GND_STM Pin=U8-8
Added Pin To Net: NetName=GND_STM Pin=U9-1
Added Pin To Net: NetName=GND_STM Pin=U9-15
Added Pin To Net: NetName=GND_STM Pin=U9-17
Added Pin To Net: NetName=GND_STM Pin=U9-18
Added Pin To Net: NetName=GND_STM Pin=USB1-5
Added Pin To Net: NetName=GND_STM Pin=USB1-6
Added Pin To Net: NetName=GND_STM Pin=USB1-6
Added Pin To Net: NetName=GND_STM Pin=USB1-6
Added Pin To Net: NetName=GND_STM Pin=USB1-6
Added Pin To Net: NetName=GND_STM Pin=USB1-6
Added Pin To Net: NetName=GND_STM Pin=USB1-6
Added Pin To Net: NetName=GND_STM Pin=USB2-4
Added Net: Name=GND_STM
Added Pin To Net: NetName=INH_A1 Pin=U1-33
Added Pin To Net: NetName=INH_A1 Pin=U2_DR1-17
Added Net: Name=INH_A1
Added Pin To Net: NetName=INH_A2 Pin=U1-68
Added Pin To Net: NetName=INH_A2 Pin=U2_DR2-17
Added Net: Name=INH_A2
Added Pin To Net: NetName=INH_B1 Pin=U1-40
Added Pin To Net: NetName=INH_B1 Pin=U2_DR1-19
Added Net: Name=INH_B1
Added Pin To Net: NetName=INH_B2 Pin=U1-77
Added Pin To Net: NetName=INH_B2 Pin=U2_DR2-19
Added Net: Name=INH_B2
Added Pin To Net: NetName=INH_C1 Pin=U1-34
Added Pin To Net: NetName=INH_C1 Pin=U2_DR1-21
Added Net: Name=INH_C1
Added Pin To Net: NetName=INH_C2 Pin=U1-69
Added Pin To Net: NetName=INH_C2 Pin=U2_DR2-21
Added Net: Name=INH_C2
Added Pin To Net: NetName=INL_A1 Pin=U1-42
Added Pin To Net: NetName=INL_A1 Pin=U2_DR1-18
Added Net: Name=INL_A1
Added Pin To Net: NetName=INL_A2 Pin=U1-89
Added Pin To Net: NetName=INL_A2 Pin=U2_DR2-18
Added Net: Name=INL_A2
Added Pin To Net: NetName=INL_B1 Pin=U1-65
Added Pin To Net: NetName=INL_B1 Pin=U2_DR1-20
Added Net: Name=INL_B1
Added Pin To Net: NetName=INL_B2 Pin=U1-80
Added Pin To Net: NetName=INL_B2 Pin=U2_DR2-20
Added Net: Name=INL_B2
Added Pin To Net: NetName=INL_C1 Pin=U1-44
Added Pin To Net: NetName=INL_C1 Pin=U2_DR1-22
Added Net: Name=INL_C1
Added Pin To Net: NetName=INL_C2 Pin=U1-47
Added Pin To Net: NetName=INL_C2 Pin=U2_DR2-22
Added Net: Name=INL_C2
Added Pin To Net: NetName=M_OC1 Pin=U1-16
Added Pin To Net: NetName=M_OC1 Pin=U2_DR1-9
Added Net: Name=M_OC1
Added Pin To Net: NetName=M_OC2 Pin=U1-4
Added Pin To Net: NetName=M_OC2 Pin=U2_DR2-9
Added Net: Name=M_OC2
Added Pin To Net: NetName=MPWM1 Pin=U1-17
Added Pin To Net: NetName=MPWM1 Pin=U2_DR1-8
Added Net: Name=MPWM1
Added Pin To Net: NetName=MPWM2 Pin=U1-5
Added Pin To Net: NetName=MPWM2 Pin=U2_DR2-8
Added Net: Name=MPWM2
Added Pin To Net: NetName=NetBLDC1_IRFS1_1 Pin=BLDC1_IRFS1-1
Added Pin To Net: NetName=NetBLDC1_IRFS1_1 Pin=C51_DR1-2
Added Pin To Net: NetName=NetBLDC1_IRFS1_1 Pin=Q1_IRFS1-3
Added Pin To Net: NetName=NetBLDC1_IRFS1_1 Pin=Q1_IRFS1-3
Added Pin To Net: NetName=NetBLDC1_IRFS1_1 Pin=Q1_IRFS1-3
Added Pin To Net: NetName=NetBLDC1_IRFS1_1 Pin=Q1_IRFS1-3
Added Pin To Net: NetName=NetBLDC1_IRFS1_1 Pin=Q1_IRFS1-3
Added Pin To Net: NetName=NetBLDC1_IRFS1_1 Pin=Q2_IRFS1-2
Added Pin To Net: NetName=NetBLDC1_IRFS1_1 Pin=R74_IRFS1-2
Added Pin To Net: NetName=NetBLDC1_IRFS1_1 Pin=U2_DR1-46
Added Net: Name=NetBLDC1_IRFS1_1
Added Pin To Net: NetName=NetBLDC1_IRFS1_2 Pin=BLDC1_IRFS1-2
Added Pin To Net: NetName=NetBLDC1_IRFS1_2 Pin=C53_DR1-2
Added Pin To Net: NetName=NetBLDC1_IRFS1_2 Pin=Q3_IRFS1-3
Added Pin To Net: NetName=NetBLDC1_IRFS1_2 Pin=Q3_IRFS1-3
Added Pin To Net: NetName=NetBLDC1_IRFS1_2 Pin=Q3_IRFS1-3
Added Pin To Net: NetName=NetBLDC1_IRFS1_2 Pin=Q3_IRFS1-3
Added Pin To Net: NetName=NetBLDC1_IRFS1_2 Pin=Q3_IRFS1-3
Added Pin To Net: NetName=NetBLDC1_IRFS1_2 Pin=Q4_IRFS1-2
Added Pin To Net: NetName=NetBLDC1_IRFS1_2 Pin=R78_IRFS1-2
Added Pin To Net: NetName=NetBLDC1_IRFS1_2 Pin=U2_DR1-36
Added Net: Name=NetBLDC1_IRFS1_2
Added Pin To Net: NetName=NetBLDC1_IRFS1_3 Pin=BLDC1_IRFS1-3
Added Pin To Net: NetName=NetBLDC1_IRFS1_3 Pin=C52_DR1-2
Added Pin To Net: NetName=NetBLDC1_IRFS1_3 Pin=Q5_IRFS1-3
Added Pin To Net: NetName=NetBLDC1_IRFS1_3 Pin=Q5_IRFS1-3
Added Pin To Net: NetName=NetBLDC1_IRFS1_3 Pin=Q5_IRFS1-3
Added Pin To Net: NetName=NetBLDC1_IRFS1_3 Pin=Q5_IRFS1-3
Added Pin To Net: NetName=NetBLDC1_IRFS1_3 Pin=Q5_IRFS1-3
Added Pin To Net: NetName=NetBLDC1_IRFS1_3 Pin=Q6_IRFS1-2
Added Pin To Net: NetName=NetBLDC1_IRFS1_3 Pin=R83_IRFS1-2
Added Pin To Net: NetName=NetBLDC1_IRFS1_3 Pin=U2_DR1-41
Added Net: Name=NetBLDC1_IRFS1_3
Added Pin To Net: NetName=NetBLDC1_IRFS2_1 Pin=BLDC1_IRFS2-1
Added Pin To Net: NetName=NetBLDC1_IRFS2_1 Pin=C51_DR2-2
Added Pin To Net: NetName=NetBLDC1_IRFS2_1 Pin=Q1_IRFS2-3
Added Pin To Net: NetName=NetBLDC1_IRFS2_1 Pin=Q1_IRFS2-3
Added Pin To Net: NetName=NetBLDC1_IRFS2_1 Pin=Q1_IRFS2-3
Added Pin To Net: NetName=NetBLDC1_IRFS2_1 Pin=Q1_IRFS2-3
Added Pin To Net: NetName=NetBLDC1_IRFS2_1 Pin=Q1_IRFS2-3
Added Pin To Net: NetName=NetBLDC1_IRFS2_1 Pin=Q2_IRFS2-2
Added Pin To Net: NetName=NetBLDC1_IRFS2_1 Pin=R74_IRFS2-2
Added Pin To Net: NetName=NetBLDC1_IRFS2_1 Pin=U2_DR2-46
Added Net: Name=NetBLDC1_IRFS2_1
Added Pin To Net: NetName=NetBLDC1_IRFS2_2 Pin=BLDC1_IRFS2-2
Added Pin To Net: NetName=NetBLDC1_IRFS2_2 Pin=C53_DR2-2
Added Pin To Net: NetName=NetBLDC1_IRFS2_2 Pin=Q3_IRFS2-3
Added Pin To Net: NetName=NetBLDC1_IRFS2_2 Pin=Q3_IRFS2-3
Added Pin To Net: NetName=NetBLDC1_IRFS2_2 Pin=Q3_IRFS2-3
Added Pin To Net: NetName=NetBLDC1_IRFS2_2 Pin=Q3_IRFS2-3
Added Pin To Net: NetName=NetBLDC1_IRFS2_2 Pin=Q3_IRFS2-3
Added Pin To Net: NetName=NetBLDC1_IRFS2_2 Pin=Q4_IRFS2-2
Added Pin To Net: NetName=NetBLDC1_IRFS2_2 Pin=R78_IRFS2-2
Added Pin To Net: NetName=NetBLDC1_IRFS2_2 Pin=U2_DR2-36
Added Net: Name=NetBLDC1_IRFS2_2
Added Pin To Net: NetName=NetBLDC1_IRFS2_3 Pin=BLDC1_IRFS2-3
Added Pin To Net: NetName=NetBLDC1_IRFS2_3 Pin=C52_DR2-2
Added Pin To Net: NetName=NetBLDC1_IRFS2_3 Pin=Q5_IRFS2-3
Added Pin To Net: NetName=NetBLDC1_IRFS2_3 Pin=Q5_IRFS2-3
Added Pin To Net: NetName=NetBLDC1_IRFS2_3 Pin=Q5_IRFS2-3
Added Pin To Net: NetName=NetBLDC1_IRFS2_3 Pin=Q5_IRFS2-3
Added Pin To Net: NetName=NetBLDC1_IRFS2_3 Pin=Q5_IRFS2-3
Added Pin To Net: NetName=NetBLDC1_IRFS2_3 Pin=Q6_IRFS2-2
Added Pin To Net: NetName=NetBLDC1_IRFS2_3 Pin=R83_IRFS2-2
Added Pin To Net: NetName=NetBLDC1_IRFS2_3 Pin=U2_DR2-41
Added Net: Name=NetBLDC1_IRFS2_3
Added Pin To Net: NetName=NetC1_2 Pin=C1-2
Added Pin To Net: NetName=NetC1_2 Pin=U1-12
Added Pin To Net: NetName=NetC1_2 Pin=X1-1
Added Net: Name=NetC1_2
Added Pin To Net: NetName=NetC2_1 Pin=C2-1
Added Pin To Net: NetName=NetC2_1 Pin=U1-73
Added Net: Name=NetC2_1
Added Pin To Net: NetName=NetC3_2 Pin=C3-2
Added Pin To Net: NetName=NetC3_2 Pin=U1-13
Added Pin To Net: NetName=NetC3_2 Pin=X1-2
Added Net: Name=NetC3_2
Added Pin To Net: NetName=NetC4_1 Pin=C4-1
Added Pin To Net: NetName=NetC4_1 Pin=U1-49
Added Net: Name=NetC4_1
Added Pin To Net: NetName=NetC5_2 Pin=C5-2
Added Pin To Net: NetName=NetC5_2 Pin=L1-1
Added Pin To Net: NetName=NetC5_2 Pin=U1-21
Added Net: Name=NetC5_2
Added Pin To Net: NetName=NetC6_2 Pin=C6-2
Added Pin To Net: NetName=NetC6_2 Pin=H4-10
Added Pin To Net: NetName=NetC6_2 Pin=R5-1
Added Pin To Net: NetName=NetC6_2 Pin=S1-2
Added Pin To Net: NetName=NetC6_2 Pin=S1-2
Added Pin To Net: NetName=NetC6_2 Pin=U1-14
Added Net: Name=NetC6_2
Added Pin To Net: NetName=NetC7_1 Pin=C7-1
Added Pin To Net: NetName=NetC7_1 Pin=R7-1
Added Pin To Net: NetName=NetC7_1 Pin=R8-1
Added Pin To Net: NetName=NetC7_1 Pin=U1-15
Added Net: Name=NetC7_1
Added Pin To Net: NetName=NetC8_2 Pin=C8-2
Added Pin To Net: NetName=NetC8_2 Pin=L2-1
Added Pin To Net: NetName=NetC8_2 Pin=U1-22
Added Net: Name=NetC8_2
Added Pin To Net: NetName=NetC12_1 Pin=C12-1
Added Pin To Net: NetName=NetC12_1 Pin=U1-8
Added Pin To Net: NetName=NetC12_1 Pin=X2-2
Added Net: Name=NetC12_1
Added Pin To Net: NetName=NetC13_1 Pin=C13-1
Added Pin To Net: NetName=NetC13_1 Pin=U1-9
Added Pin To Net: NetName=NetC13_1 Pin=X2-1
Added Net: Name=NetC13_1
Added Pin To Net: NetName=NetC14_2 Pin=C14-2
Added Pin To Net: NetName=NetC14_2 Pin=R27-1
Added Pin To Net: NetName=NetC14_2 Pin=U1-62
Added Net: Name=NetC14_2
Added Pin To Net: NetName=NetC15_2 Pin=C15-2
Added Pin To Net: NetName=NetC15_2 Pin=R26-1
Added Pin To Net: NetName=NetC15_2 Pin=U1-61
Added Net: Name=NetC15_2
Added Pin To Net: NetName=NetC16_2 Pin=C16-2
Added Pin To Net: NetName=NetC16_2 Pin=R25-1
Added Pin To Net: NetName=NetC16_2 Pin=U1-58
Added Net: Name=NetC16_2
Added Pin To Net: NetName=NetC17_2 Pin=C17-2
Added Pin To Net: NetName=NetC17_2 Pin=Hall_Sens2-5
Added Pin To Net: NetName=NetC17_2 Pin=R37-1
Added Net: Name=NetC17_2
Added Pin To Net: NetName=NetC30_DR1_2 Pin=C30_DR1-2
Added Pin To Net: NetName=NetC30_DR1_2 Pin=R47_DR1-2
Added Pin To Net: NetName=NetC30_DR1_2 Pin=U2_DR1-23
Added Net: Name=NetC30_DR1_2
Added Pin To Net: NetName=NetC30_DR2_2 Pin=C30_DR2-2
Added Pin To Net: NetName=NetC30_DR2_2 Pin=R47_DR2-2
Added Pin To Net: NetName=NetC30_DR2_2 Pin=U2_DR2-23
Added Net: Name=NetC30_DR2_2
Added Pin To Net: NetName=NetC33_DR1_2 Pin=C33_DR1-2
Added Pin To Net: NetName=NetC33_DR1_2 Pin=R49_DR1-2
Added Net: Name=NetC33_DR1_2
Added Pin To Net: NetName=NetC33_DR2_2 Pin=C33_DR2-2
Added Pin To Net: NetName=NetC33_DR2_2 Pin=R49_DR2-2
Added Net: Name=NetC33_DR2_2
Added Pin To Net: NetName=NetC34_DR1_1 Pin=C34_DR1-1
Added Pin To Net: NetName=NetC34_DR1_1 Pin=U2_DR1-13
Added Net: Name=NetC34_DR1_1
Added Pin To Net: NetName=NetC34_DR2_1 Pin=C34_DR2-1
Added Pin To Net: NetName=NetC34_DR2_1 Pin=U2_DR2-13
Added Net: Name=NetC34_DR2_1
Added Pin To Net: NetName=NetC36_DR1_2 Pin=C36_DR1-2
Added Pin To Net: NetName=NetC36_DR1_2 Pin=R49_DR1-1
Added Pin To Net: NetName=NetC36_DR1_2 Pin=U2_DR1-2
Added Net: Name=NetC36_DR1_2
Added Pin To Net: NetName=NetC36_DR2_2 Pin=C36_DR2-2
Added Pin To Net: NetName=NetC36_DR2_2 Pin=R49_DR2-1
Added Pin To Net: NetName=NetC36_DR2_2 Pin=U2_DR2-2
Added Net: Name=NetC36_DR2_2
Added Pin To Net: NetName=NetC38_DR1_1 Pin=C38_DR1-1
Added Pin To Net: NetName=NetC38_DR1_1 Pin=U2_DR1-15
Added Net: Name=NetC38_DR1_1
Added Pin To Net: NetName=NetC38_DR1_2 Pin=C38_DR1-2
Added Pin To Net: NetName=NetC38_DR1_2 Pin=U2_DR1-14
Added Net: Name=NetC38_DR1_2
Added Pin To Net: NetName=NetC38_DR2_1 Pin=C38_DR2-1
Added Pin To Net: NetName=NetC38_DR2_1 Pin=U2_DR2-15
Added Net: Name=NetC38_DR2_1
Added Pin To Net: NetName=NetC38_DR2_2 Pin=C38_DR2-2
Added Pin To Net: NetName=NetC38_DR2_2 Pin=U2_DR2-14
Added Net: Name=NetC38_DR2_2
Added Pin To Net: NetName=NetC43_DR1_2 Pin=C43_DR1-2
Added Pin To Net: NetName=NetC43_DR1_2 Pin=U2_DR1-56
Added Net: Name=NetC43_DR1_2
Added Pin To Net: NetName=NetC43_DR2_2 Pin=C43_DR2-2
Added Pin To Net: NetName=NetC43_DR2_2 Pin=U2_DR2-56
Added Net: Name=NetC43_DR2_2
Added Pin To Net: NetName=NetC44_DR1_1 Pin=C44_DR1-1
Added Pin To Net: NetName=NetC44_DR1_1 Pin=U2_DR1-52
Added Net: Name=NetC44_DR1_1
Added Pin To Net: NetName=NetC44_DR2_1 Pin=C44_DR2-1
Added Pin To Net: NetName=NetC44_DR2_1 Pin=U2_DR2-52
Added Net: Name=NetC44_DR2_1
Added Pin To Net: NetName=NetC46_DR1_2 Pin=C46_DR1-2
Added Pin To Net: NetName=NetC46_DR1_2 Pin=U2_DR1-27
Added Net: Name=NetC46_DR1_2
Added Pin To Net: NetName=NetC46_DR2_2 Pin=C46_DR2-2
Added Pin To Net: NetName=NetC46_DR2_2 Pin=U2_DR2-27
Added Net: Name=NetC46_DR2_2
Added Pin To Net: NetName=NetC47_DR1_2 Pin=C47_DR1-2
Added Pin To Net: NetName=NetC47_DR1_2 Pin=C49_DR1-2
Added Pin To Net: NetName=NetC47_DR1_2 Pin=C50_DR1-2
Added Pin To Net: NetName=NetC47_DR1_2 Pin=C55_DR1-2
Added Pin To Net: NetName=NetC47_DR1_2 Pin=D3_DR1-2
Added Pin To Net: NetName=NetC47_DR1_2 Pin=U2_DR1-29
Added Net: Name=NetC47_DR1_2
Added Pin To Net: NetName=NetC47_DR2_2 Pin=C47_DR2-2
Added Pin To Net: NetName=NetC47_DR2_2 Pin=C49_DR2-2
Added Pin To Net: NetName=NetC47_DR2_2 Pin=C50_DR2-2
Added Pin To Net: NetName=NetC47_DR2_2 Pin=C55_DR2-2
Added Pin To Net: NetName=NetC47_DR2_2 Pin=D3_DR2-2
Added Pin To Net: NetName=NetC47_DR2_2 Pin=U2_DR2-29
Added Net: Name=NetC47_DR2_2
Added Pin To Net: NetName=NetC51_DR1_1 Pin=C51_DR1-1
Added Pin To Net: NetName=NetC51_DR1_1 Pin=U2_DR1-48
Added Net: Name=NetC51_DR1_1
Added Pin To Net: NetName=NetC51_DR2_1 Pin=C51_DR2-1
Added Pin To Net: NetName=NetC51_DR2_1 Pin=U2_DR2-48
Added Net: Name=NetC51_DR2_1
Added Pin To Net: NetName=NetC52_DR1_1 Pin=C52_DR1-1
Added Pin To Net: NetName=NetC52_DR1_1 Pin=U2_DR1-43
Added Net: Name=NetC52_DR1_1
Added Pin To Net: NetName=NetC52_DR2_1 Pin=C52_DR2-1
Added Pin To Net: NetName=NetC52_DR2_1 Pin=U2_DR2-43
Added Net: Name=NetC52_DR2_1
Added Pin To Net: NetName=NetC53_DR1_1 Pin=C53_DR1-1
Added Pin To Net: NetName=NetC53_DR1_1 Pin=U2_DR1-38
Added Net: Name=NetC53_DR1_1
Added Pin To Net: NetName=NetC53_DR2_1 Pin=C53_DR2-1
Added Pin To Net: NetName=NetC53_DR2_1 Pin=U2_DR2-38
Added Net: Name=NetC53_DR2_1
Added Pin To Net: NetName=NetC56_DR1_2 Pin=C56_DR1-2
Added Pin To Net: NetName=NetC56_DR1_2 Pin=R56_DR1-1
Added Pin To Net: NetName=NetC56_DR1_2 Pin=U2_DR1-33
Added Net: Name=NetC56_DR1_2
Added Pin To Net: NetName=NetC56_DR2_2 Pin=C56_DR2-2
Added Pin To Net: NetName=NetC56_DR2_2 Pin=R56_DR2-1
Added Pin To Net: NetName=NetC56_DR2_2 Pin=U2_DR2-33
Added Net: Name=NetC56_DR2_2
Added Pin To Net: NetName=NetC58_2 Pin=C58-2
Added Pin To Net: NetName=NetC58_2 Pin=C63-1
Added Pin To Net: NetName=NetC58_2 Pin=L5-2
Added Pin To Net: NetName=NetC58_2 Pin=U7-9
Added Net: Name=NetC58_2
Added Pin To Net: NetName=NetC59_1 Pin=C59-1
Added Pin To Net: NetName=NetC59_1 Pin=U7-2
Added Pin To Net: NetName=NetC59_1 Pin=X3-1
Added Net: Name=NetC59_1
Added Pin To Net: NetName=NetC60_2 Pin=C60-2
Added Pin To Net: NetName=NetC60_2 Pin=C64-1
Added Pin To Net: NetName=NetC60_2 Pin=L6-2
Added Pin To Net: NetName=NetC60_2 Pin=U7-4
Added Net: Name=NetC60_2
Added Pin To Net: NetName=NetC62_1 Pin=C62-1
Added Pin To Net: NetName=NetC62_1 Pin=U7-3
Added Pin To Net: NetName=NetC62_1 Pin=X3-2
Added Net: Name=NetC62_1
Added Pin To Net: NetName=NetC73_2 Pin=C73-2
Added Pin To Net: NetName=NetC73_2 Pin=U9-10
Added Net: Name=NetC73_2
Added Pin To Net: NetName=NetC74_2 Pin=C74-2
Added Pin To Net: NetName=NetC74_2 Pin=U9-20
Added Net: Name=NetC74_2
Added Pin To Net: NetName=NetC75_2 Pin=C75-2
Added Pin To Net: NetName=NetC75_2 Pin=R93-1
Added Pin To Net: NetName=NetC75_2 Pin=U1-53
Added Net: Name=NetC75_2
Added Pin To Net: NetName=NetC76_2 Pin=C76-2
Added Pin To Net: NetName=NetC76_2 Pin=R94-1
Added Pin To Net: NetName=NetC76_2 Pin=U1-52
Added Net: Name=NetC76_2
Added Pin To Net: NetName=NetC77_2 Pin=C77-2
Added Pin To Net: NetName=NetC77_2 Pin=Hall_Sens1-5
Added Pin To Net: NetName=NetC77_2 Pin=R91-1
Added Net: Name=NetC77_2
Added Pin To Net: NetName=NetC78_2 Pin=C78-2
Added Pin To Net: NetName=NetC78_2 Pin=R92-1
Added Pin To Net: NetName=NetC78_2 Pin=U1-54
Added Net: Name=NetC78_2
Added Pin To Net: NetName=NetD1_DR1_1 Pin=D1_DR1-1
Added Pin To Net: NetName=NetD1_DR1_1 Pin=L3_DR1-2
Added Net: Name=NetD1_DR1_1
Added Pin To Net: NetName=NetD1_DR2_1 Pin=D1_DR2-1
Added Pin To Net: NetName=NetD1_DR2_1 Pin=L3_DR2-2
Added Net: Name=NetD1_DR2_1
Added Pin To Net: NetName=NetD2_2 Pin=D2-2
Added Pin To Net: NetName=NetD2_2 Pin=L4-1
Added Net: Name=NetD2_2
Added Pin To Net: NetName=NetEnc1_2 Pin=Enc1-2
Added Pin To Net: NetName=NetEnc1_2 Pin=R3-1
Added Net: Name=NetEnc1_2
Added Pin To Net: NetName=NetEnc1_3 Pin=Enc1-3
Added Pin To Net: NetName=NetEnc1_3 Pin=R4-1
Added Net: Name=NetEnc1_3
Added Pin To Net: NetName=NetEnc2_2 Pin=Enc2-2
Added Pin To Net: NetName=NetEnc2_2 Pin=R10-1
Added Net: Name=NetEnc2_2
Added Pin To Net: NetName=NetEnc2_3 Pin=Enc2-3
Added Pin To Net: NetName=NetEnc2_3 Pin=R9-1
Added Net: Name=NetEnc2_3
Added Pin To Net: NetName=NetEnc3_2 Pin=Enc3-2
Added Pin To Net: NetName=NetEnc3_2 Pin=R17-1
Added Net: Name=NetEnc3_2
Added Pin To Net: NetName=NetEnc3_3 Pin=Enc3-3
Added Pin To Net: NetName=NetEnc3_3 Pin=R21-1
Added Net: Name=NetEnc3_3
Added Pin To Net: NetName=NetEnc4_2 Pin=Enc4-2
Added Pin To Net: NetName=NetEnc4_2 Pin=R2-1
Added Net: Name=NetEnc4_2
Added Pin To Net: NetName=NetEnc4_3 Pin=Enc4-3
Added Pin To Net: NetName=NetEnc4_3 Pin=R1-1
Added Net: Name=NetEnc4_3
Added Pin To Net: NetName=NetGPS1_3 Pin=GPS1-3
Added Pin To Net: NetName=NetGPS1_3 Pin=U7-38
Added Net: Name=NetGPS1_3
Added Pin To Net: NetName=NetGPS1_4 Pin=GPS1-4
Added Pin To Net: NetName=NetGPS1_4 Pin=R68-2
Added Net: Name=NetGPS1_4
Added Pin To Net: NetName=NetGPS1_6 Pin=GPS1-6
Added Pin To Net: NetName=NetGPS1_6 Pin=R69-1
Added Net: Name=NetGPS1_6
Added Pin To Net: NetName=NetH4_2 Pin=H4-2
Added Pin To Net: NetName=NetH4_2 Pin=U1-72
Added Net: Name=NetH4_2
Added Pin To Net: NetName=NetH4_4 Pin=H4-4
Added Pin To Net: NetName=NetH4_4 Pin=U1-76
Added Net: Name=NetH4_4
Added Pin To Net: NetName=NetHall_Sens1_2 Pin=Hall_Sens1-2
Added Pin To Net: NetName=NetHall_Sens1_2 Pin=R88-1
Added Pin To Net: NetName=NetHall_Sens1_2 Pin=R92-2
Added Net: Name=NetHall_Sens1_2
Added Pin To Net: NetName=NetHall_Sens1_3 Pin=Hall_Sens1-3
Added Pin To Net: NetName=NetHall_Sens1_3 Pin=R89-1
Added Pin To Net: NetName=NetHall_Sens1_3 Pin=R93-2
Added Net: Name=NetHall_Sens1_3
Added Pin To Net: NetName=NetHall_Sens1_4 Pin=Hall_Sens1-4
Added Pin To Net: NetName=NetHall_Sens1_4 Pin=R90-1
Added Pin To Net: NetName=NetHall_Sens1_4 Pin=R94-2
Added Net: Name=NetHall_Sens1_4
Added Pin To Net: NetName=NetHall_Sens2_2 Pin=Hall_Sens2-2
Added Pin To Net: NetName=NetHall_Sens2_2 Pin=R27-2
Added Pin To Net: NetName=NetHall_Sens2_2 Pin=R32-1
Added Net: Name=NetHall_Sens2_2
Added Pin To Net: NetName=NetHall_Sens2_3 Pin=Hall_Sens2-3
Added Pin To Net: NetName=NetHall_Sens2_3 Pin=R26-2
Added Pin To Net: NetName=NetHall_Sens2_3 Pin=R34-1
Added Net: Name=NetHall_Sens2_3
Added Pin To Net: NetName=NetHall_Sens2_4 Pin=Hall_Sens2-4
Added Pin To Net: NetName=NetHall_Sens2_4 Pin=R25-2
Added Pin To Net: NetName=NetHall_Sens2_4 Pin=R36-1
Added Net: Name=NetHall_Sens2_4
Added Pin To Net: NetName=NetIMU1_1 Pin=IMU1-1
Added Pin To Net: NetName=NetIMU1_1 Pin=R70-2
Added Pin To Net: NetName=NetIMU1_1 Pin=U8-7
Added Net: Name=NetIMU1_1
Added Pin To Net: NetName=NetIMU1_2 Pin=IMU1-2
Added Pin To Net: NetName=NetIMU1_2 Pin=R70-1
Added Pin To Net: NetName=NetIMU1_2 Pin=U8-6
Added Net: Name=NetIMU1_2
Added Pin To Net: NetName=NetIMU1_5 Pin=IMU1-5
Added Pin To Net: NetName=NetIMU1_5 Pin=U1-84
Added Net: Name=NetIMU1_5
Added Pin To Net: NetName=NetLED1_1 Pin=LED1-1
Added Pin To Net: NetName=NetLED1_1 Pin=R28-1
Added Net: Name=NetLED1_1
Added Pin To Net: NetName=NetLED2_1 Pin=LED2-1
Added Pin To Net: NetName=NetLED2_1 Pin=R29-1
Added Net: Name=NetLED2_1
Added Pin To Net: NetName=NetLED3_DR1_1 Pin=LED3_DR1-1
Added Pin To Net: NetName=NetLED3_DR1_1 Pin=R41_DR1-2
Added Net: Name=NetLED3_DR1_1
Added Pin To Net: NetName=NetLED3_DR2_1 Pin=LED3_DR2-1
Added Pin To Net: NetName=NetLED3_DR2_1 Pin=R41_DR2-2
Added Net: Name=NetLED3_DR2_1
Added Pin To Net: NetName=NetLED4_DR1_1 Pin=LED4_DR1-1
Added Pin To Net: NetName=NetLED4_DR1_1 Pin=R42_DR1-2
Added Net: Name=NetLED4_DR1_1
Added Pin To Net: NetName=NetLED4_DR2_1 Pin=LED4_DR2-1
Added Pin To Net: NetName=NetLED4_DR2_1 Pin=R42_DR2-2
Added Net: Name=NetLED4_DR2_1
Added Pin To Net: NetName=NetLED5_DR1_1 Pin=LED5_DR1-1
Added Pin To Net: NetName=NetLED5_DR1_1 Pin=R43_DR1-2
Added Net: Name=NetLED5_DR1_1
Added Pin To Net: NetName=NetLED5_DR2_1 Pin=LED5_DR2-1
Added Pin To Net: NetName=NetLED5_DR2_1 Pin=R43_DR2-2
Added Net: Name=NetLED5_DR2_1
Added Pin To Net: NetName=NetLED6_1 Pin=LED6-1
Added Pin To Net: NetName=NetLED6_1 Pin=R69-2
Added Net: Name=NetLED6_1
Added Pin To Net: NetName=NetOc1_2 Pin=Oc1-2
Added Pin To Net: NetName=NetOc1_2 Pin=R87-2
Added Pin To Net: NetName=NetOc1_2 Pin=T2-3
Added Net: Name=NetOc1_2
Added Pin To Net: NetName=NetOc1_3 Pin=Oc1-3
Added Pin To Net: NetName=NetOc1_3 Pin=T1-3
Added Net: Name=NetOc1_3
Added Pin To Net: NetName=NetPot1_2 Pin=Pot1-2
Added Pin To Net: NetName=NetPot1_2 Pin=R11-2
Added Net: Name=NetPot1_2
Added Pin To Net: NetName=NetPot2_2 Pin=Pot2-2
Added Pin To Net: NetName=NetPot2_2 Pin=R13-2
Added Net: Name=NetPot2_2
Added Pin To Net: NetName=NetPot3_2 Pin=Pot3-2
Added Pin To Net: NetName=NetPot3_2 Pin=R15-2
Added Net: Name=NetPot3_2
Added Pin To Net: NetName=NetPot4_2 Pin=Pot4-2
Added Pin To Net: NetName=NetPot4_2 Pin=R18-2
Added Net: Name=NetPot4_2
Added Pin To Net: NetName=NetPot5_2 Pin=Pot5-2
Added Pin To Net: NetName=NetPot5_2 Pin=R23-2
Added Net: Name=NetPot5_2
Added Pin To Net: NetName=NetPot6_2 Pin=Pot6-2
Added Pin To Net: NetName=NetPot6_2 Pin=R30-2
Added Net: Name=NetPot6_2
Added Pin To Net: NetName=NetQ1_IRFS1_1 Pin=Q1_IRFS1-1
Added Pin To Net: NetName=NetQ1_IRFS1_1 Pin=R72_IRFS1-2
Added Pin To Net: NetName=NetQ1_IRFS1_1 Pin=R74_IRFS1-1
Added Net: Name=NetQ1_IRFS1_1
Added Pin To Net: NetName=NetQ1_IRFS2_1 Pin=Q1_IRFS2-1
Added Pin To Net: NetName=NetQ1_IRFS2_1 Pin=R72_IRFS2-2
Added Pin To Net: NetName=NetQ1_IRFS2_1 Pin=R74_IRFS2-1
Added Net: Name=NetQ1_IRFS2_1
Added Pin To Net: NetName=NetQ2_IRFS1_1 Pin=Q2_IRFS1-1
Added Pin To Net: NetName=NetQ2_IRFS1_1 Pin=R71_IRFS1-2
Added Pin To Net: NetName=NetQ2_IRFS1_1 Pin=R73_IRFS1-1
Added Net: Name=NetQ2_IRFS1_1
Added Pin To Net: NetName=NetQ2_IRFS1_3 Pin=Q2_IRFS1-3
Added Pin To Net: NetName=NetQ2_IRFS1_3 Pin=Q2_IRFS1-3
Added Pin To Net: NetName=NetQ2_IRFS1_3 Pin=Q2_IRFS1-3
Added Pin To Net: NetName=NetQ2_IRFS1_3 Pin=Q2_IRFS1-3
Added Pin To Net: NetName=NetQ2_IRFS1_3 Pin=Q2_IRFS1-3
Added Pin To Net: NetName=NetQ2_IRFS1_3 Pin=Q4_IRFS1-3
Added Pin To Net: NetName=NetQ2_IRFS1_3 Pin=Q4_IRFS1-3
Added Pin To Net: NetName=NetQ2_IRFS1_3 Pin=Q4_IRFS1-3
Added Pin To Net: NetName=NetQ2_IRFS1_3 Pin=Q4_IRFS1-3
Added Pin To Net: NetName=NetQ2_IRFS1_3 Pin=Q4_IRFS1-3
Added Pin To Net: NetName=NetQ2_IRFS1_3 Pin=Q6_IRFS1-3
Added Pin To Net: NetName=NetQ2_IRFS1_3 Pin=Q6_IRFS1-3
Added Pin To Net: NetName=NetQ2_IRFS1_3 Pin=Q6_IRFS1-3
Added Pin To Net: NetName=NetQ2_IRFS1_3 Pin=Q6_IRFS1-3
Added Pin To Net: NetName=NetQ2_IRFS1_3 Pin=Q6_IRFS1-3
Added Pin To Net: NetName=NetQ2_IRFS1_3 Pin=R56_DR1-2
Added Pin To Net: NetName=NetQ2_IRFS1_3 Pin=R73_IRFS1-2
Added Pin To Net: NetName=NetQ2_IRFS1_3 Pin=R76_IRFS1-1
Added Pin To Net: NetName=NetQ2_IRFS1_3 Pin=R79_IRFS1-2
Added Pin To Net: NetName=NetQ2_IRFS1_3 Pin=R82_IRFS1-2
Added Pin To Net: NetName=NetQ2_IRFS1_3 Pin=R86_IRFS1-2
Added Pin To Net: NetName=NetQ2_IRFS1_3 Pin=U2_DR1-34
Added Pin To Net: NetName=NetQ2_IRFS1_3 Pin=U2_DR1-39
Added Pin To Net: NetName=NetQ2_IRFS1_3 Pin=U2_DR1-44
Added Net: Name=NetQ2_IRFS1_3
Added Pin To Net: NetName=NetQ2_IRFS2_1 Pin=Q2_IRFS2-1
Added Pin To Net: NetName=NetQ2_IRFS2_1 Pin=R71_IRFS2-2
Added Pin To Net: NetName=NetQ2_IRFS2_1 Pin=R73_IRFS2-1
Added Net: Name=NetQ2_IRFS2_1
Added Pin To Net: NetName=NetQ2_IRFS2_3 Pin=Q2_IRFS2-3
Added Pin To Net: NetName=NetQ2_IRFS2_3 Pin=Q2_IRFS2-3
Added Pin To Net: NetName=NetQ2_IRFS2_3 Pin=Q2_IRFS2-3
Added Pin To Net: NetName=NetQ2_IRFS2_3 Pin=Q2_IRFS2-3
Added Pin To Net: NetName=NetQ2_IRFS2_3 Pin=Q2_IRFS2-3
Added Pin To Net: NetName=NetQ2_IRFS2_3 Pin=Q4_IRFS2-3
Added Pin To Net: NetName=NetQ2_IRFS2_3 Pin=Q4_IRFS2-3
Added Pin To Net: NetName=NetQ2_IRFS2_3 Pin=Q4_IRFS2-3
Added Pin To Net: NetName=NetQ2_IRFS2_3 Pin=Q4_IRFS2-3
Added Pin To Net: NetName=NetQ2_IRFS2_3 Pin=Q4_IRFS2-3
Added Pin To Net: NetName=NetQ2_IRFS2_3 Pin=Q6_IRFS2-3
Added Pin To Net: NetName=NetQ2_IRFS2_3 Pin=Q6_IRFS2-3
Added Pin To Net: NetName=NetQ2_IRFS2_3 Pin=Q6_IRFS2-3
Added Pin To Net: NetName=NetQ2_IRFS2_3 Pin=Q6_IRFS2-3
Added Pin To Net: NetName=NetQ2_IRFS2_3 Pin=Q6_IRFS2-3
Added Pin To Net: NetName=NetQ2_IRFS2_3 Pin=R56_DR2-2
Added Pin To Net: NetName=NetQ2_IRFS2_3 Pin=R73_IRFS2-2
Added Pin To Net: NetName=NetQ2_IRFS2_3 Pin=R76_IRFS2-1
Added Pin To Net: NetName=NetQ2_IRFS2_3 Pin=R79_IRFS2-2
Added Pin To Net: NetName=NetQ2_IRFS2_3 Pin=R82_IRFS2-2
Added Pin To Net: NetName=NetQ2_IRFS2_3 Pin=R86_IRFS2-2
Added Pin To Net: NetName=NetQ2_IRFS2_3 Pin=U2_DR2-34
Added Pin To Net: NetName=NetQ2_IRFS2_3 Pin=U2_DR2-39
Added Pin To Net: NetName=NetQ2_IRFS2_3 Pin=U2_DR2-44
Added Net: Name=NetQ2_IRFS2_3
Added Pin To Net: NetName=NetQ3_IRFS1_1 Pin=Q3_IRFS1-1
Added Pin To Net: NetName=NetQ3_IRFS1_1 Pin=R77_IRFS1-2
Added Pin To Net: NetName=NetQ3_IRFS1_1 Pin=R78_IRFS1-1
Added Net: Name=NetQ3_IRFS1_1
Added Pin To Net: NetName=NetQ3_IRFS2_1 Pin=Q3_IRFS2-1
Added Pin To Net: NetName=NetQ3_IRFS2_1 Pin=R77_IRFS2-2
Added Pin To Net: NetName=NetQ3_IRFS2_1 Pin=R78_IRFS2-1
Added Net: Name=NetQ3_IRFS2_1
Added Pin To Net: NetName=NetQ4_IRFS1_1 Pin=Q4_IRFS1-1
Added Pin To Net: NetName=NetQ4_IRFS1_1 Pin=R75_IRFS1-2
Added Pin To Net: NetName=NetQ4_IRFS1_1 Pin=R76_IRFS1-2
Added Net: Name=NetQ4_IRFS1_1
Added Pin To Net: NetName=NetQ4_IRFS2_1 Pin=Q4_IRFS2-1
Added Pin To Net: NetName=NetQ4_IRFS2_1 Pin=R75_IRFS2-2
Added Pin To Net: NetName=NetQ4_IRFS2_1 Pin=R76_IRFS2-2
Added Net: Name=NetQ4_IRFS2_1
Added Pin To Net: NetName=NetQ5_IRFS1_1 Pin=Q5_IRFS1-1
Added Pin To Net: NetName=NetQ5_IRFS1_1 Pin=R81_IRFS1-2
Added Pin To Net: NetName=NetQ5_IRFS1_1 Pin=R83_IRFS1-1
Added Net: Name=NetQ5_IRFS1_1
Added Pin To Net: NetName=NetQ5_IRFS2_1 Pin=Q5_IRFS2-1
Added Pin To Net: NetName=NetQ5_IRFS2_1 Pin=R81_IRFS2-2
Added Pin To Net: NetName=NetQ5_IRFS2_1 Pin=R83_IRFS2-1
Added Net: Name=NetQ5_IRFS2_1
Added Pin To Net: NetName=NetQ6_IRFS1_1 Pin=Q6_IRFS1-1
Added Pin To Net: NetName=NetQ6_IRFS1_1 Pin=R80_IRFS1-2
Added Pin To Net: NetName=NetQ6_IRFS1_1 Pin=R82_IRFS1-1
Added Net: Name=NetQ6_IRFS1_1
Added Pin To Net: NetName=NetQ6_IRFS2_1 Pin=Q6_IRFS2-1
Added Pin To Net: NetName=NetQ6_IRFS2_1 Pin=R80_IRFS2-2
Added Pin To Net: NetName=NetQ6_IRFS2_1 Pin=R82_IRFS2-1
Added Net: Name=NetQ6_IRFS2_1
Added Pin To Net: NetName=NetR1_2 Pin=R1-2
Added Pin To Net: NetName=NetR1_2 Pin=U1-64
Added Net: Name=NetR1_2
Added Pin To Net: NetName=NetR2_2 Pin=R2-2
Added Pin To Net: NetName=NetR2_2 Pin=U1-63
Added Net: Name=NetR2_2
Added Pin To Net: NetName=NetR3_2 Pin=R3-2
Added Pin To Net: NetName=NetR3_2 Pin=U1-23
Added Net: Name=NetR3_2
Added Pin To Net: NetName=NetR4_2 Pin=R4-2
Added Pin To Net: NetName=NetR4_2 Pin=U1-24
Added Net: Name=NetR4_2
Added Pin To Net: NetName=NetR6_2 Pin=R6-2
Added Pin To Net: NetName=NetR6_2 Pin=U1-94
Added Net: Name=NetR6_2
Added Pin To Net: NetName=NetR9_2 Pin=R9-2
Added Pin To Net: NetName=NetR9_2 Pin=U1-91
Added Net: Name=NetR9_2
Added Pin To Net: NetName=NetR10_2 Pin=R10-2
Added Pin To Net: NetName=NetR10_2 Pin=U1-90
Added Net: Name=NetR10_2
Added Pin To Net: NetName=NetR11_1 Pin=R11-1
Added Pin To Net: NetName=NetR11_1 Pin=R12-1
Added Pin To Net: NetName=NetR11_1 Pin=U1-25
Added Net: Name=NetR11_1
Added Pin To Net: NetName=NetR13_1 Pin=R13-1
Added Pin To Net: NetName=NetR13_1 Pin=R14-1
Added Pin To Net: NetName=NetR13_1 Pin=U1-26
Added Net: Name=NetR13_1
Added Pin To Net: NetName=NetR15_1 Pin=R15-1
Added Pin To Net: NetName=NetR15_1 Pin=R16-1
Added Pin To Net: NetName=NetR15_1 Pin=U1-29
Added Net: Name=NetR15_1
Added Pin To Net: NetName=NetR17_2 Pin=R17-2
Added Pin To Net: NetName=NetR17_2 Pin=U1-59
Added Net: Name=NetR17_2
Added Pin To Net: NetName=NetR18_1 Pin=R18-1
Added Pin To Net: NetName=NetR18_1 Pin=R19-1
Added Pin To Net: NetName=NetR18_1 Pin=U1-30
Added Net: Name=NetR18_1
Added Pin To Net: NetName=NetR20_1 Pin=R20-1
Added Pin To Net: NetName=NetR20_1 Pin=T1-1
Added Net: Name=NetR20_1
Added Pin To Net: NetName=NetR20_2 Pin=R20-2
Added Pin To Net: NetName=NetR20_2 Pin=U1-81
Added Net: Name=NetR20_2
Added Pin To Net: NetName=NetR21_2 Pin=R21-2
Added Pin To Net: NetName=NetR21_2 Pin=U1-60
Added Net: Name=NetR21_2
Added Pin To Net: NetName=NetR22_1 Pin=R22-1
Added Pin To Net: NetName=NetR22_1 Pin=T2-1
Added Net: Name=NetR22_1
Added Pin To Net: NetName=NetR22_2 Pin=R22-2
Added Pin To Net: NetName=NetR22_2 Pin=U1-82
Added Net: Name=NetR22_2
Added Pin To Net: NetName=NetR23_1 Pin=R23-1
Added Pin To Net: NetName=NetR23_1 Pin=R24-1
Added Pin To Net: NetName=NetR23_1 Pin=U1-31
Added Net: Name=NetR23_1
Added Pin To Net: NetName=NetR28_2 Pin=R28-2
Added Pin To Net: NetName=NetR28_2 Pin=U1-1
Added Net: Name=NetR28_2
Added Pin To Net: NetName=NetR29_2 Pin=R29-2
Added Pin To Net: NetName=NetR29_2 Pin=U1-2
Added Net: Name=NetR29_2
Added Pin To Net: NetName=NetR30_1 Pin=R30-1
Added Pin To Net: NetName=NetR30_1 Pin=R31-1
Added Pin To Net: NetName=NetR30_1 Pin=U1-32
Added Net: Name=NetR30_1
Added Pin To Net: NetName=NetR33_1 Pin=R33-1
Added Pin To Net: NetName=NetR33_1 Pin=U1-66
Added Pin To Net: NetName=NetR33_1 Pin=U9-24
Added Net: Name=NetR33_1
Added Pin To Net: NetName=NetR35_1 Pin=R35-1
Added Pin To Net: NetName=NetR35_1 Pin=U1-67
Added Pin To Net: NetName=NetR35_1 Pin=U9-23
Added Net: Name=NetR35_1
Added Pin To Net: NetName=NetR38_2 Pin=R38-2
Added Pin To Net: NetName=NetR38_2 Pin=U4-2
Added Net: Name=NetR38_2
Added Pin To Net: NetName=NetR39_2 Pin=R39-2
Added Pin To Net: NetName=NetR39_2 Pin=U4-6
Added Net: Name=NetR39_2
Added Pin To Net: NetName=NetR40_2 Pin=R40-2
Added Pin To Net: NetName=NetR40_2 Pin=U4-8
Added Net: Name=NetR40_2
Added Pin To Net: NetName=NetR44_DR1_2 Pin=R44_DR1-2
Added Pin To Net: NetName=NetR44_DR1_2 Pin=R47_DR1-1
Added Pin To Net: NetName=NetR44_DR1_2 Pin=U2_DR1-11
Added Net: Name=NetR44_DR1_2
Added Pin To Net: NetName=NetR44_DR2_2 Pin=R44_DR2-2
Added Pin To Net: NetName=NetR44_DR2_2 Pin=R47_DR2-1
Added Pin To Net: NetName=NetR44_DR2_2 Pin=U2_DR2-11
Added Net: Name=NetR44_DR2_2
Added Pin To Net: NetName=NetR50_DR1_2 Pin=R50_DR1-2
Added Pin To Net: NetName=NetR50_DR1_2 Pin=U2_DR1-7
Added Net: Name=NetR50_DR1_2
Added Pin To Net: NetName=NetR50_DR2_2 Pin=R50_DR2-2
Added Pin To Net: NetName=NetR50_DR2_2 Pin=U2_DR2-7
Added Net: Name=NetR50_DR2_2
Added Pin To Net: NetName=NetR51_DR1_2 Pin=R51_DR1-2
Added Pin To Net: NetName=NetR51_DR1_2 Pin=U2_DR1-1
Added Net: Name=NetR51_DR1_2
Added Pin To Net: NetName=NetR51_DR2_2 Pin=R51_DR2-2
Added Pin To Net: NetName=NetR51_DR2_2 Pin=U2_DR2-1
Added Net: Name=NetR51_DR2_2
Added Pin To Net: NetName=NetR52_DR1_1 Pin=R52_DR1-1
Added Pin To Net: NetName=NetR52_DR1_1 Pin=R53_DR1-1
Added Pin To Net: NetName=NetR52_DR1_1 Pin=U2_DR1-3
Added Net: Name=NetR52_DR1_1
Added Pin To Net: NetName=NetR52_DR2_1 Pin=R52_DR2-1
Added Pin To Net: NetName=NetR52_DR2_1 Pin=R53_DR2-1
Added Pin To Net: NetName=NetR52_DR2_1 Pin=U2_DR2-3
Added Net: Name=NetR52_DR2_1
Added Pin To Net: NetName=NetR54_DR1_1 Pin=R54_DR1-1
Added Pin To Net: NetName=NetR54_DR1_1 Pin=U2_DR1-55
Added Net: Name=NetR54_DR1_1
Added Pin To Net: NetName=NetR54_DR2_1 Pin=R54_DR2-1
Added Pin To Net: NetName=NetR54_DR2_1 Pin=U2_DR2-55
Added Net: Name=NetR54_DR2_1
Added Pin To Net: NetName=NetR55_DR1_1 Pin=R55_DR1-1
Added Pin To Net: NetName=NetR55_DR1_1 Pin=U2_DR1-49
Added Net: Name=NetR55_DR1_1
Added Pin To Net: NetName=NetR55_DR2_1 Pin=R55_DR2-1
Added Pin To Net: NetName=NetR55_DR2_1 Pin=U2_DR2-49
Added Net: Name=NetR55_DR2_1
Added Pin To Net: NetName=NetR57_1 Pin=R57-1
Added Pin To Net: NetName=NetR57_1 Pin=R58-1
Added Pin To Net: NetName=NetR57_1 Pin=U6-4
Added Net: Name=NetR57_1
Added Pin To Net: NetName=NetR57_2 Pin=R57-2
Added Pin To Net: NetName=NetR57_2 Pin=U6-3
Added Pin To Net: NetName=NetR57_2 Pin=U7-61
Added Net: Name=NetR57_2
Added Pin To Net: NetName=NetR59_1 Pin=R59-1
Added Pin To Net: NetName=NetR59_1 Pin=U6-1
Added Pin To Net: NetName=NetR59_1 Pin=U7-63
Added Net: Name=NetR59_1
Added Pin To Net: NetName=NetR60_1 Pin=R60-1
Added Pin To Net: NetName=NetR60_1 Pin=U6-2
Added Pin To Net: NetName=NetR60_1 Pin=U7-62
Added Net: Name=NetR60_1
Added Pin To Net: NetName=NetR61_1 Pin=R61-1
Added Pin To Net: NetName=NetR61_1 Pin=R62-2
Added Pin To Net: NetName=NetR61_1 Pin=R63-2
Added Net: Name=NetR61_1
Added Pin To Net: NetName=NetR61_2 Pin=R61-2
Added Pin To Net: NetName=NetR61_2 Pin=USB2-1
Added Net: Name=NetR61_2
Added Pin To Net: NetName=NetR63_1 Pin=R63-1
Added Pin To Net: NetName=NetR63_1 Pin=U7-14
Added Net: Name=NetR63_1
Added Pin To Net: NetName=NetR64_1 Pin=R64-1
Added Pin To Net: NetName=NetR64_1 Pin=U7-6
Added Net: Name=NetR64_1
Added Pin To Net: NetName=NetR65_1 Pin=R65-1
Added Pin To Net: NetName=NetR65_1 Pin=U7-60
Added Net: Name=NetR65_1
Added Pin To Net: NetName=NetR65_2 Pin=R65-2
Added Pin To Net: NetName=NetR65_2 Pin=R66-2
Added Pin To Net: NetName=NetR65_2 Pin=U8-3
Added Net: Name=NetR65_2
Added Pin To Net: NetName=NetR66_1 Pin=R66-1
Added Pin To Net: NetName=NetR66_1 Pin=U7-29
Added Pin To Net: NetName=NetR66_1 Pin=U8-2
Added Net: Name=NetR66_1
Added Pin To Net: NetName=NetR67_2 Pin=R67-2
Added Pin To Net: NetName=NetR67_2 Pin=R68-1
Added Pin To Net: NetName=NetR67_2 Pin=U7-39
Added Net: Name=NetR67_2
Added Pin To Net: NetName=NetR71_IRFS1_1 Pin=R71_IRFS1-1
Added Pin To Net: NetName=NetR71_IRFS1_1 Pin=U2_DR1-45
Added Net: Name=NetR71_IRFS1_1
Added Pin To Net: NetName=NetR71_IRFS2_1 Pin=R71_IRFS2-1
Added Pin To Net: NetName=NetR71_IRFS2_1 Pin=U2_DR2-45
Added Net: Name=NetR71_IRFS2_1
Added Pin To Net: NetName=NetR72_IRFS1_1 Pin=R72_IRFS1-1
Added Pin To Net: NetName=NetR72_IRFS1_1 Pin=U2_DR1-47
Added Net: Name=NetR72_IRFS1_1
Added Pin To Net: NetName=NetR72_IRFS2_1 Pin=R72_IRFS2-1
Added Pin To Net: NetName=NetR72_IRFS2_1 Pin=U2_DR2-47
Added Net: Name=NetR72_IRFS2_1
Added Pin To Net: NetName=NetR75_IRFS1_1 Pin=R75_IRFS1-1
Added Pin To Net: NetName=NetR75_IRFS1_1 Pin=U2_DR1-35
Added Net: Name=NetR75_IRFS1_1
Added Pin To Net: NetName=NetR75_IRFS2_1 Pin=R75_IRFS2-1
Added Pin To Net: NetName=NetR75_IRFS2_1 Pin=U2_DR2-35
Added Net: Name=NetR75_IRFS2_1
Added Pin To Net: NetName=NetR77_IRFS1_1 Pin=R77_IRFS1-1
Added Pin To Net: NetName=NetR77_IRFS1_1 Pin=U2_DR1-37
Added Net: Name=NetR77_IRFS1_1
Added Pin To Net: NetName=NetR77_IRFS2_1 Pin=R77_IRFS2-1
Added Pin To Net: NetName=NetR77_IRFS2_1 Pin=U2_DR2-37
Added Net: Name=NetR77_IRFS2_1
Added Pin To Net: NetName=NetR80_IRFS1_1 Pin=R80_IRFS1-1
Added Pin To Net: NetName=NetR80_IRFS1_1 Pin=U2_DR1-40
Added Net: Name=NetR80_IRFS1_1
Added Pin To Net: NetName=NetR80_IRFS2_1 Pin=R80_IRFS2-1
Added Pin To Net: NetName=NetR80_IRFS2_1 Pin=U2_DR2-40
Added Net: Name=NetR80_IRFS2_1
Added Pin To Net: NetName=NetR81_IRFS1_1 Pin=R81_IRFS1-1
Added Pin To Net: NetName=NetR81_IRFS1_1 Pin=U2_DR1-42
Added Net: Name=NetR81_IRFS1_1
Added Pin To Net: NetName=NetR81_IRFS2_1 Pin=R81_IRFS2-1
Added Pin To Net: NetName=NetR81_IRFS2_1 Pin=U2_DR2-42
Added Net: Name=NetR81_IRFS2_1
Added Pin To Net: NetName=NetR84_2 Pin=R84-2
Added Pin To Net: NetName=NetR84_2 Pin=U9-9
Added Net: Name=NetR84_2
Added Pin To Net: NetName=NetR85_2 Pin=R85-2
Added Pin To Net: NetName=NetR85_2 Pin=U9-11
Added Net: Name=NetR85_2
Added Pin To Net: NetName=NetServ1_3 Pin=Serv1-3
Added Pin To Net: NetName=NetServ1_3 Pin=U1-48
Added Net: Name=NetServ1_3
Added Pin To Net: NetName=NetServ2_3 Pin=Serv2-3
Added Pin To Net: NetName=NetServ2_3 Pin=U1-45
Added Net: Name=NetServ2_3
Added Pin To Net: NetName=NetU1_55 Pin=U1-55
Added Pin To Net: NetName=NetU1_55 Pin=U7-17
Added Net: Name=NetU1_55
Added Pin To Net: NetName=NetU1_56 Pin=U1-56
Added Pin To Net: NetName=NetU1_56 Pin=U7-16
Added Net: Name=NetU1_56
Added Pin To Net: NetName=NetU1_78 Pin=U1-78
Added Pin To Net: NetName=NetU1_78 Pin=U9-12
Added Net: Name=NetU1_78
Added Pin To Net: NetName=NetU4_9 Pin=U4-9
Added Pin To Net: NetName=NetU4_9 Pin=U4-10
Added Pin To Net: NetName=NetU4_9 Pin=U4-11
Added Net: Name=NetU4_9
Added Pin To Net: NetName=NetU7_26 Pin=U7-26
Added Pin To Net: NetName=NetU7_26 Pin=U8-4
Added Net: Name=NetU7_26
Added Pin To Net: NetName=NetU7_27 Pin=U7-27
Added Pin To Net: NetName=NetU7_27 Pin=U8-1
Added Net: Name=NetU7_27
Added Pin To Net: NetName=OCTW1 Pin=LED4_DR1-2
Added Pin To Net: NetName=OCTW1 Pin=R46_DR1-1
Added Pin To Net: NetName=OCTW1 Pin=U1-93
Added Pin To Net: NetName=OCTW1 Pin=U2_DR1-5
Added Net: Name=OCTW1
Added Pin To Net: NetName=OCTW2 Pin=LED4_DR2-2
Added Pin To Net: NetName=OCTW2 Pin=R46_DR2-1
Added Pin To Net: NetName=OCTW2 Pin=U1-39
Added Pin To Net: NetName=OCTW2 Pin=U2_DR2-5
Added Net: Name=OCTW2
Added Pin To Net: NetName=OTG_N Pin=U1-70
Added Pin To Net: NetName=OTG_N Pin=USB1-2
Added Net: Name=OTG_N
Added Pin To Net: NetName=OTG_P Pin=U1-71
Added Pin To Net: NetName=OTG_P Pin=USB1-3
Added Net: Name=OTG_P
Added Pin To Net: NetName=PGND Pin=C25_DR1-1
Added Pin To Net: NetName=PGND Pin=C25_DR2-1
Added Pin To Net: NetName=PGND Pin=C26_DR1-1
Added Pin To Net: NetName=PGND Pin=C26_DR2-1
Added Pin To Net: NetName=PGND Pin=C27_DR1-1
Added Pin To Net: NetName=PGND Pin=C27_DR2-1
Added Pin To Net: NetName=PGND Pin=C28_DR1-1
Added Pin To Net: NetName=PGND Pin=C28_DR2-1
Added Pin To Net: NetName=PGND Pin=C29_DR1-1
Added Pin To Net: NetName=PGND Pin=C29_DR2-1
Added Pin To Net: NetName=PGND Pin=C30_DR1-1
Added Pin To Net: NetName=PGND Pin=C30_DR2-1
Added Pin To Net: NetName=PGND Pin=C31_DR1-1
Added Pin To Net: NetName=PGND Pin=C31_DR2-1
Added Pin To Net: NetName=PGND Pin=C32_DR1-1
Added Pin To Net: NetName=PGND Pin=C32_DR2-1
Added Pin To Net: NetName=PGND Pin=C33_DR1-1
Added Pin To Net: NetName=PGND Pin=C33_DR2-1
Added Pin To Net: NetName=PGND Pin=C34_DR1-2
Added Pin To Net: NetName=PGND Pin=C34_DR2-2
Added Pin To Net: NetName=PGND Pin=C35_DR1-2
Added Pin To Net: NetName=PGND Pin=C35_DR2-2
Added Pin To Net: NetName=PGND Pin=C36_DR1-1
Added Pin To Net: NetName=PGND Pin=C36_DR2-1
Added Pin To Net: NetName=PGND Pin=C39_DR1-1
Added Pin To Net: NetName=PGND Pin=C39_DR2-1
Added Pin To Net: NetName=PGND Pin=C40_DR1-1
Added Pin To Net: NetName=PGND Pin=C40_DR2-1
Added Pin To Net: NetName=PGND Pin=C41_DR1-1
Added Pin To Net: NetName=PGND Pin=C41_DR2-1
Added Pin To Net: NetName=PGND Pin=C42_DR1-1
Added Pin To Net: NetName=PGND Pin=C42_DR2-1
Added Pin To Net: NetName=PGND Pin=C43_DR1-1
Added Pin To Net: NetName=PGND Pin=C43_DR2-1
Added Pin To Net: NetName=PGND Pin=C45_DR1-1
Added Pin To Net: NetName=PGND Pin=C45_DR2-1
Added Pin To Net: NetName=PGND Pin=C46_DR1-1
Added Pin To Net: NetName=PGND Pin=C46_DR2-1
Added Pin To Net: NetName=PGND Pin=C47_DR1-1
Added Pin To Net: NetName=PGND Pin=C47_DR2-1
Added Pin To Net: NetName=PGND Pin=C48_DR1-2
Added Pin To Net: NetName=PGND Pin=C48_DR2-2
Added Pin To Net: NetName=PGND Pin=C49_DR1-1
Added Pin To Net: NetName=PGND Pin=C49_DR2-1
Added Pin To Net: NetName=PGND Pin=C50_DR1-1
Added Pin To Net: NetName=PGND Pin=C50_DR2-1
Added Pin To Net: NetName=PGND Pin=C54_DR1-1
Added Pin To Net: NetName=PGND Pin=C54_DR2-1
Added Pin To Net: NetName=PGND Pin=C55_DR1-1
Added Pin To Net: NetName=PGND Pin=C55_DR2-1
Added Pin To Net: NetName=PGND Pin=C56_DR1-1
Added Pin To Net: NetName=PGND Pin=C56_DR2-1
Added Pin To Net: NetName=PGND Pin=C57-1
Added Pin To Net: NetName=PGND Pin=D2-1
Added Pin To Net: NetName=PGND Pin=PWR1_DR1-1
Added Pin To Net: NetName=PGND Pin=PWR1_DR2-1
Added Pin To Net: NetName=PGND Pin=PWR2_DR1-1
Added Pin To Net: NetName=PGND Pin=PWR2_DR2-1
Added Pin To Net: NetName=PGND Pin=R44_DR1-1
Added Pin To Net: NetName=PGND Pin=R44_DR2-1
Added Pin To Net: NetName=PGND Pin=R50_DR1-1
Added Pin To Net: NetName=PGND Pin=R50_DR2-1
Added Pin To Net: NetName=PGND Pin=R51_DR1-1
Added Pin To Net: NetName=PGND Pin=R51_DR2-1
Added Pin To Net: NetName=PGND Pin=R52_DR1-2
Added Pin To Net: NetName=PGND Pin=R52_DR2-2
Added Pin To Net: NetName=PGND Pin=R54_DR1-2
Added Pin To Net: NetName=PGND Pin=R54_DR2-2
Added Pin To Net: NetName=PGND Pin=R55_DR1-2
Added Pin To Net: NetName=PGND Pin=R55_DR2-2
Added Pin To Net: NetName=PGND Pin=R79_IRFS1-1
Added Pin To Net: NetName=PGND Pin=R79_IRFS2-1
Added Pin To Net: NetName=PGND Pin=R86_IRFS1-1
Added Pin To Net: NetName=PGND Pin=R86_IRFS2-1
Added Pin To Net: NetName=PGND Pin=R99-2
Added Pin To Net: NetName=PGND Pin=R100-2
Added Pin To Net: NetName=PGND Pin=R101-2
Added Pin To Net: NetName=PGND Pin=R102-2
Added Pin To Net: NetName=PGND Pin=U2_DR1-28
Added Pin To Net: NetName=PGND Pin=U2_DR1-30
Added Pin To Net: NetName=PGND Pin=U2_DR1-31
Added Pin To Net: NetName=PGND Pin=U2_DR1-32
Added Pin To Net: NetName=PGND Pin=U2_DR1-57
Added Pin To Net: NetName=PGND Pin=U2_DR2-28
Added Pin To Net: NetName=PGND Pin=U2_DR2-30
Added Pin To Net: NetName=PGND Pin=U2_DR2-31
Added Pin To Net: NetName=PGND Pin=U2_DR2-32
Added Pin To Net: NetName=PGND Pin=U2_DR2-57
Added Pin To Net: NetName=PGND Pin=U5_DR1-1
Added Pin To Net: NetName=PGND Pin=U5_DR2-1
Added Net: Name=PGND
Added Pin To Net: NetName=PWRGD1 Pin=LED3_DR1-2
Added Pin To Net: NetName=PWRGD1 Pin=R45_DR1-1
Added Pin To Net: NetName=PWRGD1 Pin=U1-46
Added Pin To Net: NetName=PWRGD1 Pin=U2_DR1-4
Added Net: Name=PWRGD1
Added Pin To Net: NetName=PWRGD2 Pin=LED3_DR2-2
Added Pin To Net: NetName=PWRGD2 Pin=R45_DR2-1
Added Pin To Net: NetName=PWRGD2 Pin=U1-41
Added Pin To Net: NetName=PWRGD2 Pin=U2_DR2-4
Added Net: Name=PWRGD2
Added Pin To Net: NetName=SO11 Pin=U1-36
Added Pin To Net: NetName=SO11 Pin=U2_DR1-25
Added Net: Name=SO11
Added Pin To Net: NetName=SO12 Pin=U1-35
Added Pin To Net: NetName=SO12 Pin=U2_DR2-25
Added Net: Name=SO12
Added Pin To Net: NetName=USB_N Pin=U7-7
Added Pin To Net: NetName=USB_N Pin=USB2-2
Added Net: Name=USB_N
Added Pin To Net: NetName=USB_P Pin=U7-8
Added Pin To Net: NetName=USB_P Pin=USB2-3
Added Net: Name=USB_P
Added Pin To Net: NetName=V_MOTOR Pin=C18-2
Added Pin To Net: NetName=V_MOTOR Pin=C28_DR1-2
Added Pin To Net: NetName=V_MOTOR Pin=C28_DR2-2
Added Pin To Net: NetName=V_MOTOR Pin=C31_DR1-2
Added Pin To Net: NetName=V_MOTOR Pin=C31_DR2-2
Added Pin To Net: NetName=V_MOTOR Pin=L3_DR1-1
Added Pin To Net: NetName=V_MOTOR Pin=L3_DR2-1
Added Pin To Net: NetName=V_MOTOR Pin=PWR1_DR1-2
Added Pin To Net: NetName=V_MOTOR Pin=PWR1_DR2-2
Added Pin To Net: NetName=V_MOTOR Pin=PWR2_DR1-2
Added Pin To Net: NetName=V_MOTOR Pin=PWR2_DR2-2
Added Pin To Net: NetName=V_MOTOR Pin=Q1_IRFS1-2
Added Pin To Net: NetName=V_MOTOR Pin=Q1_IRFS2-2
Added Pin To Net: NetName=V_MOTOR Pin=Q3_IRFS1-2
Added Pin To Net: NetName=V_MOTOR Pin=Q3_IRFS2-2
Added Pin To Net: NetName=V_MOTOR Pin=Q5_IRFS1-2
Added Pin To Net: NetName=V_MOTOR Pin=Q5_IRFS2-2
Added Pin To Net: NetName=V_MOTOR Pin=R7-2
Added Pin To Net: NetName=V_MOTOR Pin=R38-1
Added Pin To Net: NetName=V_MOTOR Pin=U4-1
Added Pin To Net: NetName=V_MOTOR Pin=U4-1
Added Pin To Net: NetName=V_MOTOR Pin=U4-1
Added Pin To Net: NetName=V_MOTOR Pin=U4-1
Added Pin To Net: NetName=V_MOTOR Pin=U4-1
Added Pin To Net: NetName=V_MOTOR Pin=U4-1
Added Pin To Net: NetName=V_MOTOR Pin=U4-1
Added Pin To Net: NetName=V_MOTOR Pin=U4-1
Added Pin To Net: NetName=V_MOTOR Pin=U4-1
Added Net: Name=V_MOTOR
Added Pin To Net: NetName=VDD_IRFS Pin=C40_DR1-2
Added Pin To Net: NetName=VDD_IRFS Pin=C40_DR2-2
Added Pin To Net: NetName=VDD_IRFS Pin=C54_DR1-2
Added Pin To Net: NetName=VDD_IRFS Pin=C54_DR2-2
Added Pin To Net: NetName=VDD_IRFS Pin=D1_DR1-2
Added Pin To Net: NetName=VDD_IRFS Pin=D1_DR2-2
Added Pin To Net: NetName=VDD_IRFS Pin=D3_DR1-1
Added Pin To Net: NetName=VDD_IRFS Pin=D3_DR2-1
Added Pin To Net: NetName=VDD_IRFS Pin=U2_DR1-53
Added Pin To Net: NetName=VDD_IRFS Pin=U2_DR1-54
Added Pin To Net: NetName=VDD_IRFS Pin=U2_DR2-53
Added Pin To Net: NetName=VDD_IRFS Pin=U2_DR2-54
Added Net: Name=VDD_IRFS
Added Class: Name=DR1
Added Class: Name=DR2
Added Class: Name=FT4232_USB
Added Class: Name=IRFS1
Added Class: Name=IRFS2
Added Class: Name=MPU9150_IMU
Added Class: Name=Sheet_Ninja_ECU
Added Class: Name=STM32_Microcontroller
Added Class: Name=DC_CAL[1..2]
Added Class: Name=EN_G[1..2]
Added Class: Name=FAULT[1..2]
Added Class: Name=GAIN[1..2]
Added Class: Name=INH_A[1..2]
Added Class: Name=INH_B[1..2]
Added Class: Name=INH_C[1..2]
Added Class: Name=INL_A[1..2]
Added Class: Name=INL_B[1..2]
Added Class: Name=INL_C[1..2]
Added Class: Name=M_OC[1..2]
Added Class: Name=MPWM[1..2]
Added Class: Name=OCTW[1..2]
Added Class: Name=PWRGD[1..2]
Added Differential Pair: Name=OTG
Added Differential Pair: Name=USB
Added Class: Name=Sheet_DRV8302_Driver
Added Class: Name=Sheet_IRFS7530_bridges
Added Room: Name=DR1
Added Room: Name=DR2
Added Room: Name=FT4232_USB
Added Room: Name=IRFS1
Added Room: Name=IRFS2
Added Room: Name=MPU9150_IMU
Added Room: Name=Sheet_Ninja_ECU
Added Room: Name=STM32_Microcontroller
Added Rule: Name=Schematic Width Constraint_9
Added Rule: Name=Schematic Width Constraint_10
Change Rule Scope 1 : Old Scope=InNet('5V_OUT2') New Scope=InNet('5V_OUT1')
Change Rule Scope 1 : Old Scope=InNet('NetD1_DR1_1') New Scope=InNet('NetD1_DR2_1')
