Removed Pin From Net: NetName=NetC2_1 Pin=C2-1
Removed Pin From Net: NetName=GND_STM Pin=C2-2
Removed Pin From Net: NetName=NetC4_1 Pin=C4-1
Removed Pin From Net: NetName=GND_STM Pin=C4-2
Removed Pin From Net: NetName=NetC7_1 Pin=C7-1
Removed Pin From Net: NetName=GND_STM Pin=C7-2
Removed Pin From Net: NetName=NetC34_DR1_1 Pin=C34_DR1-1
Removed Pin From Net: NetName=PGND Pin=C34_DR1-2
Removed Pin From Net: NetName=NetC34_DR2_1 Pin=C34_DR2-1
Removed Pin From Net: NetName=PGND Pin=C34_DR2-2
Change Component DesignItemId : Designator=C2 Old DesignItemId=Cap_BP New DesignItemId=Cap_E
Change Component DesignItemId : Designator=C4 Old DesignItemId=Cap_BP New DesignItemId=Cap_E
Change Component DesignItemId : Designator=C6 Old DesignItemId=Cap_BP New DesignItemId=Cap_E
Change Component DesignItemId : Designator=C7 Old DesignItemId=Cap_BP New DesignItemId=Cap_E
Change Component DesignItemId : Designator=C25_DR1 Old DesignItemId=Cap_BP New DesignItemId=Cap_E
Change Component DesignItemId : Designator=C25_DR2 Old DesignItemId=Cap_BP New DesignItemId=Cap_E
Change Component DesignItemId : Designator=C30_DR1 Old DesignItemId=Cap_BP New DesignItemId=Cap_E
Change Component DesignItemId : Designator=C30_DR2 Old DesignItemId=Cap_BP New DesignItemId=Cap_E
Change Component DesignItemId : Designator=C34_DR1 Old DesignItemId=Cap_BP New DesignItemId=Cap_E
Change Component DesignItemId : Designator=C34_DR2 Old DesignItemId=Cap_BP New DesignItemId=Cap_E
Change Component DesignItemId : Designator=C39_DR1 Old DesignItemId=Cap_BP New DesignItemId=Cap_E
Change Component DesignItemId : Designator=C39_DR2 Old DesignItemId=Cap_BP New DesignItemId=Cap_E
Change Component DesignItemId : Designator=C46_DR1 Old DesignItemId=Cap_BP New DesignItemId=Cap_E
Change Component DesignItemId : Designator=C46_DR2 Old DesignItemId=Cap_BP New DesignItemId=Cap_E
Change Component Footprint: Designator=C2 Old Footprint=1608[0603] New Footprint=1608[0603] - Polar
Change Component Footprint: Designator=C4 Old Footprint=1608[0603] New Footprint=1608[0603] - Polar
Change Component Footprint: Designator=C6 Old Footprint=1608[0603] New Footprint=1608[0603] - Polar
Change Component Footprint: Designator=C7 Old Footprint=1608[0603] New Footprint=1608[0603] - Polar
Change Component Footprint: Designator=C25_DR1 Old Footprint=1608[0603] New Footprint=1608[0603] - Polar
Change Component Footprint: Designator=C25_DR2 Old Footprint=1608[0603] New Footprint=1608[0603] - Polar
Change Component Footprint: Designator=C30_DR1 Old Footprint=1608[0603] New Footprint=1608[0603] - Polar
Change Component Footprint: Designator=C30_DR2 Old Footprint=1608[0603] New Footprint=1608[0603] - Polar
Change Component Footprint: Designator=C34_DR1 Old Footprint=1608[0603] New Footprint=1608[0603] - Polar
Change Component Footprint: Designator=C34_DR2 Old Footprint=1608[0603] New Footprint=1608[0603] - Polar
Change Component Footprint: Designator=C39_DR1 Old Footprint=1608[0603] New Footprint=1608[0603] - Polar
Change Component Footprint: Designator=C39_DR2 Old Footprint=1608[0603] New Footprint=1608[0603] - Polar
Change Component Footprint: Designator=C46_DR1 Old Footprint=1608[0603] New Footprint=1608[0603] - Polar
Change Component Footprint: Designator=C46_DR2 Old Footprint=1608[0603] New Footprint=1608[0603] - Polar
Added Pin To Net: NetName=GND_STM Pin=C2-1
Added Pin To Net: NetName=NetC2_1 Pin=C2-2
Added Pin To Net: NetName=GND_STM Pin=C4-1
Added Pin To Net: NetName=NetC4_1 Pin=C4-2
Added Pin To Net: NetName=GND_STM Pin=C7-1
Added Pin To Net: NetName=NetC7_1 Pin=C7-2
Added Pin To Net: NetName=PGND Pin=C34_DR1-1
Added Pin To Net: NetName=NetC34_DR1_1 Pin=C34_DR1-2
Added Pin To Net: NetName=PGND Pin=C34_DR2-1
Added Pin To Net: NetName=NetC34_DR2_1 Pin=C34_DR2-2
Change Net Name : Old Net Name=NetC2_1 New Net Name=NetC2_2
Change Net Name : Old Net Name=NetC4_1 New Net Name=NetC4_2
Change Net Name : Old Net Name=NetC7_1 New Net Name=NetC7_2
Change Net Name : Old Net Name=NetC34_DR1_1 New Net Name=NetC34_DR1_2
Change Net Name : Old Net Name=NetC34_DR2_1 New Net Name=NetC34_DR2_2
