Removed Pin From Net: NetName=NetC2_1 Pin=C2-1
Removed Pin From Net: NetName=GND_STM Pin=C2-2
Removed Pin From Net: NetName=NetC4_1 Pin=C4-1
Removed Pin From Net: NetName=GND_STM Pin=C4-2
Removed Pin From Net: NetName=NetC7_1 Pin=C7-1
Removed Pin From Net: NetName=GND_STM Pin=C7-2
Removed Pin From Net: NetName=NetC34_1 Pin=C34-1
Removed Pin From Net: NetName=GND_STM Pin=C34-2
Removed Pin From Net: NetName=NetC51_1 Pin=C51-1
Removed Pin From Net: NetName=NetBLDC1_1 Pin=C51-2
Removed Pin From Net: NetName=NetC52_1 Pin=C52-1
Removed Pin From Net: NetName=NetBLDC1_3 Pin=C52-2
Removed Pin From Net: NetName=NetC53_1 Pin=C53-1
Removed Pin From Net: NetName=NetBLDC1_2 Pin=C53-2
Removed Pin From Net: NetName=GND_STM Pin=C72-1
Removed Pin From Net: NetName=3V3_STM Pin=C72-2
Removed Pin From Net: NetName=GND_STM Pin=C73-1
Removed Pin From Net: NetName=GND_STM Pin=C74-1
Removed Pin From Net: NetName=GND_STM Pin=H6-1
Removed Pin From Net: NetName=5V_SERVO Pin=H6-2
Removed Pin From Net: NetName=GND_STM Pin=H6-3
Removed Pin From Net: NetName=GND_STM Pin=H14-1
Removed Pin From Net: NetName=5V_SERVO Pin=H14-2
Removed Pin From Net: NetName=GND_STM Pin=H15-1
Removed Pin From Net: NetName=5V_SERVO Pin=H15-2
Removed Pin From Net: NetName=3V3_STM Pin=R33-2
Removed Pin From Net: NetName=3V3_STM Pin=R35-2
Removed Pin From Net: NetName=GND_STM Pin=R54-2
Removed Pin From Net: NetName=GND_STM Pin=R84-1
Removed Pin From Net: NetName=GND_STM Pin=R85-1
Removed Pin From Net: NetName=NetH13_3 Pin=U1-40
Removed Pin From Net: NetName=NetR21_2 Pin=U1-59
Removed Pin From Net: NetName=NetR17_2 Pin=U1-60
Removed Pin From Net: NetName=NetLED3_2 Pin=U1-61
Removed Pin From Net: NetName=NetH5_3 Pin=U1-69
Removed Pin From Net: NetName=NetR66_1 Pin=U7-29
Removed Pin From Net: NetName=NetU7_26 Pin=U8-1
Removed Pin From Net: NetName=NetR66_1 Pin=U8-2
Removed Pin From Net: NetName=NetR65_2 Pin=U8-3
Removed Pin From Net: NetName=NetU7_27 Pin=U8-4
Removed Pin From Net: NetName=3V3_STM Pin=U8-5
Removed Pin From Net: NetName=GND_STM Pin=U8-8
Removed Pin From Net: NetName=GND_STM Pin=U9-1
Removed Pin From Net: NetName=3V3_STM Pin=U9-3
Removed Pin From Net: NetName=3V3_STM Pin=U9-8
Removed Pin From Net: NetName=3V3_STM Pin=U9-13
Removed Pin From Net: NetName=GND_STM Pin=U9-15
Removed Pin From Net: NetName=GND_STM Pin=U9-17
Removed Pin From Net: NetName=GND_STM Pin=U9-18
Removed Member From Class: ClassName=STM32_Microcontroller Member=H6
Removed Member From Class: ClassName=STM32_Microcontroller Member=H15
Removed Member From Class: ClassName=STM32_Microcontroller Member=R33
Removed Member From Class: ClassName=STM32_Microcontroller Member=R35
Removed Member From Class: ClassName=IRFS7530_Driver Member=R54
Change Component Footprint: Designator=C2 Old Footprint=1608[0603] New Footprint=1608[0603] - Polar
Change Component Footprint: Designator=C4 Old Footprint=1608[0603] New Footprint=1608[0603] - Polar
Change Component Footprint: Designator=C6 Old Footprint=1608[0603] New Footprint=1608[0603] - Polar
Change Component Footprint: Designator=C7 Old Footprint=1608[0603] New Footprint=1608[0603] - Polar
Change Component Footprint: Designator=C25 Old Footprint=1608[0603] New Footprint=1608[0603] - Polar
Change Component Footprint: Designator=C30 Old Footprint=1608[0603] New Footprint=1608[0603] - Polar
Change Component Footprint: Designator=C34 Old Footprint=1608[0603] New Footprint=1608[0603] - Polar
Change Component Footprint: Designator=C39 Old Footprint=1608[0603] New Footprint=1608[0603] - Polar
Change Component Footprint: Designator=C46 Old Footprint=1608[0603] New Footprint=1608[0603] - Polar
Change Component Footprint: Designator=C51 Old Footprint=1608[0603] New Footprint=1608[0603] - Polar
Change Component Footprint: Designator=C52 Old Footprint=1608[0603] New Footprint=1608[0603] - Polar
Change Component Footprint: Designator=C53 Old Footprint=1608[0603] New Footprint=1608[0603] - Polar
Change Component Comment : Designator=R44 Old Comment=10K New Comment=DNI
Change Component Comment : Designator=C51 Old Comment=220nF New Comment=2.2uF
Change Component Comment : Designator=C52 Old Comment=220nF New Comment=2.2uF
Change Component Comment : Designator=C53 Old Comment=220nF New Comment=2.2uF
Added Pin To Net: NetName=GND_STM Pin=C2-1
Added Pin To Net: NetName=NetC2_1 Pin=C2-2
Added Pin To Net: NetName=GND_STM Pin=C4-1
Added Pin To Net: NetName=NetC4_1 Pin=C4-2
Added Pin To Net: NetName=GND_STM Pin=C7-1
Added Pin To Net: NetName=NetC7_1 Pin=C7-2
Added Pin To Net: NetName=GND_STM Pin=C34-1
Added Pin To Net: NetName=NetC34_1 Pin=C34-2
Added Pin To Net: NetName=NetBLDC1_1 Pin=C51-1
Added Pin To Net: NetName=NetC51_1 Pin=C51-2
Added Pin To Net: NetName=NetBLDC1_3 Pin=C52-1
Added Pin To Net: NetName=NetC52_1 Pin=C52-2
Added Pin To Net: NetName=NetBLDC1_2 Pin=C53-1
Added Pin To Net: NetName=NetC53_1 Pin=C53-2
Added Pin To Net: NetName=NetH21_5 Pin=R20-2
Added Pin To Net: NetName=NetH5_3 Pin=U1-40
Added Pin To Net: NetName=NetH13_3 Pin=U1-42
Added Pin To Net: NetName=NetR21_2 Pin=U1-63
Added Pin To Net: NetName=NetR17_2 Pin=U1-64
Added Pin To Net: NetName=NetLED3_2 Pin=U1-70
Added Pin To Net: NetName=NetU7_27 Pin=U8-1
Added Pin To Net: NetName=NetR65_2 Pin=U8-2
Added Pin To Net: NetName=NetR66_1 Pin=U8-3
Added Pin To Net: NetName=NetU7_26 Pin=U8-4
Added Pin To Net: NetName=GND_STM Pin=U8-5
Added Pin To Net: NetName=3V3_STM Pin=U8-8
Change Net Name : Old Net Name=EN_GATE New Net Name=NetU1_95
Change Net Name : Old Net Name=INP1 New Net Name=NetU1_35
Change Net Name : Old Net Name=INP3 New Net Name=NetU1_93
Change Net Name : Old Net Name=NetC2_1 New Net Name=NetC2_2
Change Net Name : Old Net Name=NetC4_1 New Net Name=NetC4_2
Change Net Name : Old Net Name=NetC7_1 New Net Name=NetC7_2
Change Net Name : Old Net Name=NetC34_1 New Net Name=NetC34_2
Change Net Name : Old Net Name=NetC51_1 New Net Name=NetC51_2
Change Net Name : Old Net Name=NetC52_1 New Net Name=NetC52_2
Change Net Name : Old Net Name=NetC53_1 New Net Name=NetC53_2
Added Pin To Net: NetName=NetR?_1 Pin=U7-34
Added Net: Name=NetR?_1
Added Pin To Net: NetName=NetU1_36 Pin=U1-36
Added Pin To Net: NetName=NetU1_36 Pin=U2-19
Added Net: Name=NetU1_36
Added Pin To Net: NetName=NetU1_37 Pin=U1-37
Added Pin To Net: NetName=NetU1_37 Pin=U2-21
Added Net: Name=NetU1_37
Added Pin To Net: NetName=NetU1_61 Pin=U1-61
Added Pin To Net: NetName=NetU1_61 Pin=U2-22
Added Net: Name=NetU1_61
Added Pin To Net: NetName=NetU1_92 Pin=U1-92
Added Pin To Net: NetName=NetU1_92 Pin=U2-18
Added Net: Name=NetU1_92
Added Member To Class: ClassName=STM32_Microcontroller Member=Component H2 Enc2
Added Rule: Name=Schematic Width Constraint
Added Rule: Name=Schematic Width Constraint_1
Added Rule: Name=Schematic Width Constraint_4
Added Rule: Name=Schematic Width Constraint_6
