Added Component: Designator=BLDC1(TERM3)
Added Component: Designator=C1(1608[0603])
Added Component: Designator=C2(1608[0603])
Added Component: Designator=C3(1608[0603])
Added Component: Designator=C4(1608[0603])
Added Component: Designator=C5(1608[0603])
Added Component: Designator=C6(1608[0603])
Added Component: Designator=C7(1608[0603])
Added Component: Designator=C8(1608[0603])
Added Component: Designator=C9(1608[0603])
Added Component: Designator=C10(1608[0603])
Added Component: Designator=C11(1608[0603])
Added Component: Designator=C12(1608[0603])
Added Component: Designator=C13(1608[0603])
Added Component: Designator=C14(1608[0603])
Added Component: Designator=C15(1608[0603])
Added Component: Designator=C16(1608[0603])
Added Component: Designator=C17(1608[0603])
Added Component: Designator=C18(6032 [2312])
Added Component: Designator=C19(6032 [2312])
Added Component: Designator=C20(1608[0603])
Added Component: Designator=C21(1608[0603])
Added Component: Designator=C22(1608[0603])
Added Component: Designator=C23(6032 [2312])
Added Component: Designator=C24(6032 [2312])
Added Component: Designator=C25(1608[0603])
Added Component: Designator=C26(1608[0603])
Added Component: Designator=C27(6032 [2312])
Added Component: Designator=C28(Large_SMD_Cap)
Added Component: Designator=C29(1608[0603])
Added Component: Designator=C30(1608[0603])
Added Component: Designator=C31(Large_SMD_Cap)
Added Component: Designator=C32(1608[0603])
Added Component: Designator=C33(1608[0603])
Added Component: Designator=C34(1608[0603])
Added Component: Designator=C35(1608[0603])
Added Component: Designator=C36(1608[0603])
Added Component: Designator=C38(1608[0603])
Added Component: Designator=C39(1608[0603])
Added Component: Designator=C40(6032 [2312])
Added Component: Designator=C41(1608[0603])
Added Component: Designator=C42(1608[0603])
Added Component: Designator=C43(1608[0603])
Added Component: Designator=C44(1608[0603])
Added Component: Designator=C45(1608[0603])
Added Component: Designator=C46(1608[0603])
Added Component: Designator=C47(6032 [2312])
Added Component: Designator=C48(1608[0603])
Added Component: Designator=C49(6032 [2312])
Added Component: Designator=C50(6032 [2312])
Added Component: Designator=C51(1608[0603])
Added Component: Designator=C52(1608[0603])
Added Component: Designator=C53(1608[0603])
Added Component: Designator=C54(6032 [2312])
Added Component: Designator=C55(6032 [2312])
Added Component: Designator=C56(1608[0603])
Added Component: Designator=C57(6032 [2312])
Added Component: Designator=C58(6032 [2312])
Added Component: Designator=C59(1608[0603])
Added Component: Designator=C60(6032 [2312])
Added Component: Designator=C61(1608[0603])
Added Component: Designator=C62(1608[0603])
Added Component: Designator=C63(1608[0603])
Added Component: Designator=C64(1608[0603])
Added Component: Designator=C65(1608[0603])
Added Component: Designator=C66(1608[0603])
Added Component: Designator=C67(1608[0603])
Added Component: Designator=C68(1608[0603])
Added Component: Designator=C69(1608[0603])
Added Component: Designator=C70(1608[0603])
Added Component: Designator=C71(1608[0603])
Added Component: Designator=C72(1608[0603])
Added Component: Designator=C73(1608[0603])
Added Component: Designator=C74(1608[0603])
Added Component: Designator=C74(1608[0603])
Added Component: Designator=C75(1608[0603])
Added Component: Designator=C76(1608[0603])
Added Component: Designator=C77(1608[0603])
Added Component: Designator=D1(DIODE-4)
Added Component: Designator=D2(DIODE-3)
Added Component: Designator=D3(DIODE-4)
Added Component: Designator=Enc1(Header 4  -MolexPicoBlade)
Added Component: Designator=Enc2(Header 4  -MolexPicoBlade)
Added Component: Designator=Enc3(Header 4  -MolexPicoBlade)
Added Component: Designator=Enc4(Header 4  -MolexPicoBlade)
Added Component: Designator=GPS1(Header 6  ZH-SM4)
Added Component: Designator=H4(HDR-2*5-0.05_Without_Through_Hole)
Added Component: Designator=Hall_Sens1(Header 6  ZH-SM4)
Added Component: Designator=Hall_Sens2(Header 6  ZH-SM4)
Added Component: Designator=IMU1(Header 6  -MolexPicoBlade)
Added Component: Designator=L1(0805)
Added Component: Designator=L2(0805)
Added Component: Designator=L3(SDR0805)
Added Component: Designator=L4(VLC2)
Added Component: Designator=L5(0805)
Added Component: Designator=L6(0805)
Added Component: Designator=LED1(LED_2012[0805])
Added Component: Designator=LED2(LED_2012[0805])
Added Component: Designator=LED3(LED_2012[0805])
Added Component: Designator=LED4(LED_2012[0805])
Added Component: Designator=LED5(LED_2012[0805])
Added Component: Designator=LED6(LED_2012[0805])
Added Component: Designator=Oc1(Header 3  -MolexPicoBlade)
Added Component: Designator=P_Servo1(HDR1X3)
Added Component: Designator=Pot1(Header 3  -MolexPicoBlade)
Added Component: Designator=Pot2(Header 3  -MolexPicoBlade)
Added Component: Designator=Pot3(Header 3  -MolexPicoBlade)
Added Component: Designator=Pot4(Header 3  -MolexPicoBlade)
Added Component: Designator=Pot5(Header 3  -MolexPicoBlade)
Added Component: Designator=Pot6(Header 3  -MolexPicoBlade)
Added Component: Designator=PWR1(TERM2)
Added Component: Designator=PWR2(TERM2)
Added Component: Designator=Q1(D2PAK-7Pin)
Added Component: Designator=Q2(D2PAK-7Pin)
Added Component: Designator=Q3(D2PAK-7Pin)
Added Component: Designator=Q4(D2PAK-7Pin)
Added Component: Designator=Q5(D2PAK-7Pin)
Added Component: Designator=Q6(D2PAK-7Pin)
Added Component: Designator=R1(1608[0603])
Added Component: Designator=R2(1608[0603])
Added Component: Designator=R3(1608[0603])
Added Component: Designator=R4(1608[0603])
Added Component: Designator=R5(1608[0603])
Added Component: Designator=R6(1608[0603])
Added Component: Designator=R7(1608[0603])
Added Component: Designator=R8(1608[0603])
Added Component: Designator=R9(1608[0603])
Added Component: Designator=R10(1608[0603])
Added Component: Designator=R11(1608[0603])
Added Component: Designator=R12(1608[0603])
Added Component: Designator=R13(1608[0603])
Added Component: Designator=R14(1608[0603])
Added Component: Designator=R15(1608[0603])
Added Component: Designator=R16(1608[0603])
Added Component: Designator=R17(1608[0603])
Added Component: Designator=R18(1608[0603])
Added Component: Designator=R19(1608[0603])
Added Component: Designator=R20(1608[0603])
Added Component: Designator=R21(1608[0603])
Added Component: Designator=R22(1608[0603])
Added Component: Designator=R23(1608[0603])
Added Component: Designator=R24(1608[0603])
Added Component: Designator=R25(1608[0603])
Added Component: Designator=R26(1608[0603])
Added Component: Designator=R27(1608[0603])
Added Component: Designator=R28(1608[0603])
Added Component: Designator=R29(1608[0603])
Added Component: Designator=R30(1608[0603])
Added Component: Designator=R31(1608[0603])
Added Component: Designator=R32(1608[0603])
Added Component: Designator=R33(1608[0603])
Added Component: Designator=R34(1608[0603])
Added Component: Designator=R35(1608[0603])
Added Component: Designator=R36(1608[0603])
Added Component: Designator=R37(1608[0603])
Added Component: Designator=R38(1608[0603])
Added Component: Designator=R39(1608[0603])
Added Component: Designator=R40(1608[0603])
Added Component: Designator=R41(1608[0603])
Added Component: Designator=R42(1608[0603])
Added Component: Designator=R43(1608[0603])
Added Component: Designator=R44(1608[0603])
Added Component: Designator=R45(1608[0603])
Added Component: Designator=R46(1608[0603])
Added Component: Designator=R47(1608[0603])
Added Component: Designator=R48(1608[0603])
Added Component: Designator=R49(1608[0603])
Added Component: Designator=R50(1608[0603])
Added Component: Designator=R51(1608[0603])
Added Component: Designator=R52(1608[0603])
Added Component: Designator=R53(1608[0603])
Added Component: Designator=R54(1608[0603])
Added Component: Designator=R55(1608[0603])
Added Component: Designator=R56(1608[0603])
Added Component: Designator=R57(1608[0603])
Added Component: Designator=R58(1608[0603])
Added Component: Designator=R59(1608[0603])
Added Component: Designator=R60(1608[0603])
Added Component: Designator=R61(1608[0603])
Added Component: Designator=R62(1608[0603])
Added Component: Designator=R63(1608[0603])
Added Component: Designator=R64(1608[0603])
Added Component: Designator=R65(1608[0603])
Added Component: Designator=R66(1608[0603])
Added Component: Designator=R67(1608[0603])
Added Component: Designator=R68(1608[0603])
Added Component: Designator=R69(1608[0603])
Added Component: Designator=R70(1608[0603])
Added Component: Designator=R71(1608[0603])
Added Component: Designator=R72(1608[0603])
Added Component: Designator=R73(1608[0603])
Added Component: Designator=R74(1608[0603])
Added Component: Designator=R75(1608[0603])
Added Component: Designator=R76(1608[0603])
Added Component: Designator=R77(1608[0603])
Added Component: Designator=R78(1608[0603])
Added Component: Designator=R79(5931)
Added Component: Designator=R80(1608[0603])
Added Component: Designator=R81(1608[0603])
Added Component: Designator=R82(1608[0603])
Added Component: Designator=R83(1608[0603])
Added Component: Designator=R84(1608[0603])
Added Component: Designator=R85(1608[0603])
Added Component: Designator=R86(5931)
Added Component: Designator=R87(1608[0603])
Added Component: Designator=R88(1608[0603])
Added Component: Designator=R89(1608[0603])
Added Component: Designator=R90(1608[0603])
Added Component: Designator=R91(1608[0603])
Added Component: Designator=R92(1608[0603])
Added Component: Designator=R93(1608[0603])
Added Component: Designator=R94(1608[0603])
Added Component: Designator=R95(2012[0805])
Added Component: Designator=R96(2012[0805])
Added Component: Designator=R97(2012[0805])
Added Component: Designator=R98(2012[0805])
Added Component: Designator=R99(2012[0805])
Added Component: Designator=R100(2012[0805])
Added Component: Designator=R101(2012[0805])
Added Component: Designator=R102(2012[0805])
Added Component: Designator=S1(PTS645SH50SMTR92_LFS)
Added Component: Designator=Serv1(HDR1X3)
Added Component: Designator=Serv2(HDR1X3)
Added Component: Designator=T1(SOT-23)
Added Component: Designator=T2(SOT-23)
Added Component: Designator=U1(LQFP100_M)
Added Component: Designator=U2(DRV8302)
Added Component: Designator=U3(SOT-223)
Added Component: Designator=U4(LGA_Package)
Added Component: Designator=U5(SOT-223)
Added Component: Designator=U6(8S1_M)
Added Component: Designator=U7(QFN64_2_L)
Added Component: Designator=U8(SOIC8)
Added Component: Designator=U9(QFN24)
Added Component: Designator=USB1(Micro_USB_B_Type_Receptacle)
Added Component: Designator=USB2(Header 4  -MolexPicoBlade)
Added Component: Designator=X1(ABM7)
Added Component: Designator=X2(0805)
Added Component: Designator=X3(ABM7)
Added Pin To Net: NetName=1V8_USB Pin=C61-1
Added Pin To Net: NetName=1V8_USB Pin=C65-1
Added Pin To Net: NetName=1V8_USB Pin=C66-1
Added Pin To Net: NetName=1V8_USB Pin=C67-1
Added Pin To Net: NetName=1V8_USB Pin=U7-12
Added Pin To Net: NetName=1V8_USB Pin=U7-37
Added Pin To Net: NetName=1V8_USB Pin=U7-49
Added Pin To Net: NetName=1V8_USB Pin=U7-64
Added Net: Name=1V8_USB
Added Pin To Net: NetName=3V3_IRFS Pin=C39-2
Added Pin To Net: NetName=3V3_IRFS Pin=C41-2
Added Pin To Net: NetName=3V3_IRFS Pin=C42-2
Added Pin To Net: NetName=3V3_IRFS Pin=C45-2
Added Pin To Net: NetName=3V3_IRFS Pin=C48-1
Added Pin To Net: NetName=3V3_IRFS Pin=R45-2
Added Pin To Net: NetName=3V3_IRFS Pin=R46-2
Added Pin To Net: NetName=3V3_IRFS Pin=R48-2
Added Pin To Net: NetName=3V3_IRFS Pin=U2-24
Added Pin To Net: NetName=3V3_IRFS Pin=U5-2
Added Pin To Net: NetName=3V3_IRFS Pin=U5-2
Added Net: Name=3V3_IRFS
Added Pin To Net: NetName=3V3_STM Pin=C9-2
Added Pin To Net: NetName=3V3_STM Pin=C10-2
Added Pin To Net: NetName=3V3_STM Pin=C11-2
Added Pin To Net: NetName=3V3_STM Pin=C68-1
Added Pin To Net: NetName=3V3_STM Pin=C69-1
Added Pin To Net: NetName=3V3_STM Pin=C70-1
Added Pin To Net: NetName=3V3_STM Pin=C71-1
Added Pin To Net: NetName=3V3_STM Pin=C72-2
Added Pin To Net: NetName=3V3_STM Pin=H4-1
Added Pin To Net: NetName=3V3_STM Pin=IMU1-4
Added Pin To Net: NetName=3V3_STM Pin=L1-2
Added Pin To Net: NetName=3V3_STM Pin=L2-2
Added Pin To Net: NetName=3V3_STM Pin=L5-1
Added Pin To Net: NetName=3V3_STM Pin=L6-1
Added Pin To Net: NetName=3V3_STM Pin=R5-2
Added Pin To Net: NetName=3V3_STM Pin=R33-2
Added Pin To Net: NetName=3V3_STM Pin=R35-2
Added Pin To Net: NetName=3V3_STM Pin=R58-2
Added Pin To Net: NetName=3V3_STM Pin=R59-2
Added Pin To Net: NetName=3V3_STM Pin=R60-2
Added Pin To Net: NetName=3V3_STM Pin=U1-6
Added Pin To Net: NetName=3V3_STM Pin=U1-11
Added Pin To Net: NetName=3V3_STM Pin=U1-19
Added Pin To Net: NetName=3V3_STM Pin=U1-28
Added Pin To Net: NetName=3V3_STM Pin=U1-50
Added Pin To Net: NetName=3V3_STM Pin=U1-75
Added Pin To Net: NetName=3V3_STM Pin=U1-100
Added Pin To Net: NetName=3V3_STM Pin=U3-2
Added Pin To Net: NetName=3V3_STM Pin=U3-2
Added Pin To Net: NetName=3V3_STM Pin=U6-6
Added Pin To Net: NetName=3V3_STM Pin=U6-8
Added Pin To Net: NetName=3V3_STM Pin=U7-20
Added Pin To Net: NetName=3V3_STM Pin=U7-31
Added Pin To Net: NetName=3V3_STM Pin=U7-42
Added Pin To Net: NetName=3V3_STM Pin=U7-50
Added Pin To Net: NetName=3V3_STM Pin=U7-56
Added Pin To Net: NetName=3V3_STM Pin=U8-5
Added Pin To Net: NetName=3V3_STM Pin=U9-3
Added Pin To Net: NetName=3V3_STM Pin=U9-8
Added Pin To Net: NetName=3V3_STM Pin=U9-13
Added Net: Name=3V3_STM
Added Pin To Net: NetName=5V_IN Pin=C27-2
Added Pin To Net: NetName=5V_IN Pin=R53-2
Added Pin To Net: NetName=5V_IN Pin=U5-3
Added Net: Name=5V_IN
Added Pin To Net: NetName=5V_IRFS Pin=C25-2
Added Pin To Net: NetName=5V_IRFS Pin=C26-2
Added Pin To Net: NetName=5V_IRFS Pin=C29-2
Added Pin To Net: NetName=5V_IRFS Pin=C32-2
Added Pin To Net: NetName=5V_IRFS Pin=C35-1
Added Pin To Net: NetName=5V_IRFS Pin=R41-1
Added Pin To Net: NetName=5V_IRFS Pin=R42-1
Added Pin To Net: NetName=5V_IRFS Pin=R43-1
Added Pin To Net: NetName=5V_IRFS Pin=R95-1
Added Pin To Net: NetName=5V_IRFS Pin=R96-1
Added Pin To Net: NetName=5V_IRFS Pin=R97-1
Added Pin To Net: NetName=5V_IRFS Pin=R98-1
Added Net: Name=5V_IRFS
Added Pin To Net: NetName=5V_OUT Pin=C44-2
Added Pin To Net: NetName=5V_OUT Pin=U2-50
Added Pin To Net: NetName=5V_OUT Pin=U2-51
Added Net: Name=5V_OUT
Added Pin To Net: NetName=5V_SERVO Pin=C23-2
Added Pin To Net: NetName=5V_SERVO Pin=C24-2
Added Pin To Net: NetName=5V_SERVO Pin=P_Servo1-2
Added Pin To Net: NetName=5V_SERVO Pin=Serv1-2
Added Pin To Net: NetName=5V_SERVO Pin=Serv2-2
Added Pin To Net: NetName=5V_SERVO Pin=U4-12
Added Pin To Net: NetName=5V_SERVO Pin=U4-12
Added Pin To Net: NetName=5V_SERVO Pin=U4-12
Added Pin To Net: NetName=5V_SERVO Pin=U4-12
Added Pin To Net: NetName=5V_SERVO Pin=U4-12
Added Pin To Net: NetName=5V_SERVO Pin=U4-12
Added Pin To Net: NetName=5V_SERVO Pin=U4-12
Added Pin To Net: NetName=5V_SERVO Pin=U4-12
Added Pin To Net: NetName=5V_SERVO Pin=U4-12
Added Pin To Net: NetName=5V_SERVO Pin=U4-12
Added Pin To Net: NetName=5V_SERVO Pin=U4-12
Added Pin To Net: NetName=5V_SERVO Pin=U4-12
Added Pin To Net: NetName=5V_SERVO Pin=U4-12
Added Pin To Net: NetName=5V_SERVO Pin=U4-12
Added Pin To Net: NetName=5V_SERVO Pin=U4-12
Added Pin To Net: NetName=5V_SERVO Pin=U4-12
Added Net: Name=5V_SERVO
Added Pin To Net: NetName=5V_STM Pin=C19-2
Added Pin To Net: NetName=5V_STM Pin=C20-2
Added Pin To Net: NetName=5V_STM Pin=C21-2
Added Pin To Net: NetName=5V_STM Pin=C22-2
Added Pin To Net: NetName=5V_STM Pin=Enc1-4
Added Pin To Net: NetName=5V_STM Pin=Enc2-4
Added Pin To Net: NetName=5V_STM Pin=Enc3-4
Added Pin To Net: NetName=5V_STM Pin=Enc4-4
Added Pin To Net: NetName=5V_STM Pin=GPS1-2
Added Pin To Net: NetName=5V_STM Pin=Hall_Sens1-6
Added Pin To Net: NetName=5V_STM Pin=Hall_Sens2-6
Added Pin To Net: NetName=5V_STM Pin=Pot1-3
Added Pin To Net: NetName=5V_STM Pin=Pot2-3
Added Pin To Net: NetName=5V_STM Pin=Pot3-3
Added Pin To Net: NetName=5V_STM Pin=Pot4-3
Added Pin To Net: NetName=5V_STM Pin=Pot5-3
Added Pin To Net: NetName=5V_STM Pin=Pot6-3
Added Pin To Net: NetName=5V_STM Pin=R32-2
Added Pin To Net: NetName=5V_STM Pin=R34-2
Added Pin To Net: NetName=5V_STM Pin=R36-2
Added Pin To Net: NetName=5V_STM Pin=R37-2
Added Pin To Net: NetName=5V_STM Pin=R87-1
Added Pin To Net: NetName=5V_STM Pin=R88-2
Added Pin To Net: NetName=5V_STM Pin=R89-2
Added Pin To Net: NetName=5V_STM Pin=R90-2
Added Pin To Net: NetName=5V_STM Pin=R91-2
Added Pin To Net: NetName=5V_STM Pin=R95-2
Added Pin To Net: NetName=5V_STM Pin=R96-2
Added Pin To Net: NetName=5V_STM Pin=R97-2
Added Pin To Net: NetName=5V_STM Pin=R98-2
Added Pin To Net: NetName=5V_STM Pin=U3-3
Added Pin To Net: NetName=5V_STM Pin=USB1-1
Added Net: Name=5V_STM
Added Pin To Net: NetName=DC_CAL Pin=U2-12
Added Net: Name=DC_CAL
Added Pin To Net: NetName=EN_G Pin=U2-16
Added Net: Name=EN_G
Added Pin To Net: NetName=FAULT Pin=LED5-2
Added Pin To Net: NetName=FAULT Pin=R48-1
Added Pin To Net: NetName=FAULT Pin=U2-6
Added Net: Name=FAULT
Added Pin To Net: NetName=GAIN Pin=U2-10
Added Net: Name=GAIN
Added Pin To Net: NetName=GND_STM Pin=C1-1
Added Pin To Net: NetName=GND_STM Pin=C2-2
Added Pin To Net: NetName=GND_STM Pin=C3-1
Added Pin To Net: NetName=GND_STM Pin=C4-2
Added Pin To Net: NetName=GND_STM Pin=C5-1
Added Pin To Net: NetName=GND_STM Pin=C6-1
Added Pin To Net: NetName=GND_STM Pin=C7-2
Added Pin To Net: NetName=GND_STM Pin=C8-1
Added Pin To Net: NetName=GND_STM Pin=C9-1
Added Pin To Net: NetName=GND_STM Pin=C10-1
Added Pin To Net: NetName=GND_STM Pin=C11-1
Added Pin To Net: NetName=GND_STM Pin=C12-2
Added Pin To Net: NetName=GND_STM Pin=C13-2
Added Pin To Net: NetName=GND_STM Pin=C14-1
Added Pin To Net: NetName=GND_STM Pin=C15-1
Added Pin To Net: NetName=GND_STM Pin=C16-1
Added Pin To Net: NetName=GND_STM Pin=C17-1
Added Pin To Net: NetName=GND_STM Pin=C18-1
Added Pin To Net: NetName=GND_STM Pin=C19-1
Added Pin To Net: NetName=GND_STM Pin=C20-1
Added Pin To Net: NetName=GND_STM Pin=C21-1
Added Pin To Net: NetName=GND_STM Pin=C22-1
Added Pin To Net: NetName=GND_STM Pin=C23-1
Added Pin To Net: NetName=GND_STM Pin=C24-1
Added Pin To Net: NetName=GND_STM Pin=C58-1
Added Pin To Net: NetName=GND_STM Pin=C59-2
Added Pin To Net: NetName=GND_STM Pin=C60-1
Added Pin To Net: NetName=GND_STM Pin=C61-2
Added Pin To Net: NetName=GND_STM Pin=C62-2
Added Pin To Net: NetName=GND_STM Pin=C63-2
Added Pin To Net: NetName=GND_STM Pin=C64-2
Added Pin To Net: NetName=GND_STM Pin=C65-2
Added Pin To Net: NetName=GND_STM Pin=C66-2
Added Pin To Net: NetName=GND_STM Pin=C67-2
Added Pin To Net: NetName=GND_STM Pin=C68-2
Added Pin To Net: NetName=GND_STM Pin=C69-2
Added Pin To Net: NetName=GND_STM Pin=C70-2
Added Pin To Net: NetName=GND_STM Pin=C71-2
Added Pin To Net: NetName=GND_STM Pin=C72-1
Added Pin To Net: NetName=GND_STM Pin=C73-1
Added Pin To Net: NetName=GND_STM Pin=C74-1
Added Pin To Net: NetName=GND_STM Pin=C74-1
Added Pin To Net: NetName=GND_STM Pin=C75-1
Added Pin To Net: NetName=GND_STM Pin=C76-1
Added Pin To Net: NetName=GND_STM Pin=C77-1
Added Pin To Net: NetName=GND_STM Pin=Enc1-1
Added Pin To Net: NetName=GND_STM Pin=Enc2-1
Added Pin To Net: NetName=GND_STM Pin=Enc3-1
Added Pin To Net: NetName=GND_STM Pin=Enc4-1
Added Pin To Net: NetName=GND_STM Pin=GPS1-1
Added Pin To Net: NetName=GND_STM Pin=GPS1-5
Added Pin To Net: NetName=GND_STM Pin=H4-3
Added Pin To Net: NetName=GND_STM Pin=H4-5
Added Pin To Net: NetName=GND_STM Pin=Hall_Sens1-1
Added Pin To Net: NetName=GND_STM Pin=Hall_Sens2-1
Added Pin To Net: NetName=GND_STM Pin=IMU1-3
Added Pin To Net: NetName=GND_STM Pin=IMU1-6
Added Pin To Net: NetName=GND_STM Pin=LED1-2
Added Pin To Net: NetName=GND_STM Pin=LED2-2
Added Pin To Net: NetName=GND_STM Pin=LED6-2
Added Pin To Net: NetName=GND_STM Pin=Oc1-1
Added Pin To Net: NetName=GND_STM Pin=P_Servo1-1
Added Pin To Net: NetName=GND_STM Pin=P_Servo1-3
Added Pin To Net: NetName=GND_STM Pin=Pot1-1
Added Pin To Net: NetName=GND_STM Pin=Pot2-1
Added Pin To Net: NetName=GND_STM Pin=Pot3-1
Added Pin To Net: NetName=GND_STM Pin=Pot4-1
Added Pin To Net: NetName=GND_STM Pin=Pot5-1
Added Pin To Net: NetName=GND_STM Pin=Pot6-1
Added Pin To Net: NetName=GND_STM Pin=R6-1
Added Pin To Net: NetName=GND_STM Pin=R8-2
Added Pin To Net: NetName=GND_STM Pin=R12-2
Added Pin To Net: NetName=GND_STM Pin=R14-2
Added Pin To Net: NetName=GND_STM Pin=R16-2
Added Pin To Net: NetName=GND_STM Pin=R19-2
Added Pin To Net: NetName=GND_STM Pin=R24-2
Added Pin To Net: NetName=GND_STM Pin=R31-2
Added Pin To Net: NetName=GND_STM Pin=R39-1
Added Pin To Net: NetName=GND_STM Pin=R40-1
Added Pin To Net: NetName=GND_STM Pin=R62-1
Added Pin To Net: NetName=GND_STM Pin=R64-2
Added Pin To Net: NetName=GND_STM Pin=R67-1
Added Pin To Net: NetName=GND_STM Pin=R84-1
Added Pin To Net: NetName=GND_STM Pin=R85-1
Added Pin To Net: NetName=GND_STM Pin=R99-1
Added Pin To Net: NetName=GND_STM Pin=R100-1
Added Pin To Net: NetName=GND_STM Pin=R101-1
Added Pin To Net: NetName=GND_STM Pin=R102-1
Added Pin To Net: NetName=GND_STM Pin=S1-1
Added Pin To Net: NetName=GND_STM Pin=S1-1
Added Pin To Net: NetName=GND_STM Pin=Serv1-1
Added Pin To Net: NetName=GND_STM Pin=Serv2-1
Added Pin To Net: NetName=GND_STM Pin=T1-2
Added Pin To Net: NetName=GND_STM Pin=T2-2
Added Pin To Net: NetName=GND_STM Pin=U1-10
Added Pin To Net: NetName=GND_STM Pin=U1-20
Added Pin To Net: NetName=GND_STM Pin=U1-27
Added Pin To Net: NetName=GND_STM Pin=U1-74
Added Pin To Net: NetName=GND_STM Pin=U1-99
Added Pin To Net: NetName=GND_STM Pin=U3-1
Added Pin To Net: NetName=GND_STM Pin=U4-4
Added Pin To Net: NetName=GND_STM Pin=U4-7
Added Pin To Net: NetName=GND_STM Pin=U4-7
Added Pin To Net: NetName=GND_STM Pin=U4-7
Added Pin To Net: NetName=GND_STM Pin=U4-7
Added Pin To Net: NetName=GND_STM Pin=U4-7
Added Pin To Net: NetName=GND_STM Pin=U4-7
Added Pin To Net: NetName=GND_STM Pin=U4-7
Added Pin To Net: NetName=GND_STM Pin=U4-7
Added Pin To Net: NetName=GND_STM Pin=U4-7
Added Pin To Net: NetName=GND_STM Pin=U4-7
Added Pin To Net: NetName=GND_STM Pin=U4-7
Added Pin To Net: NetName=GND_STM Pin=U4-7
Added Pin To Net: NetName=GND_STM Pin=U4-7
Added Pin To Net: NetName=GND_STM Pin=U4-7
Added Pin To Net: NetName=GND_STM Pin=U4-7
Added Pin To Net: NetName=GND_STM Pin=U4-7
Added Pin To Net: NetName=GND_STM Pin=U4-7
Added Pin To Net: NetName=GND_STM Pin=U4-7
Added Pin To Net: NetName=GND_STM Pin=U4-7
Added Pin To Net: NetName=GND_STM Pin=U4-7
Added Pin To Net: NetName=GND_STM Pin=U4-7
Added Pin To Net: NetName=GND_STM Pin=U4-7
Added Pin To Net: NetName=GND_STM Pin=U4-7
Added Pin To Net: NetName=GND_STM Pin=U4-7
Added Pin To Net: NetName=GND_STM Pin=U4-7
Added Pin To Net: NetName=GND_STM Pin=U4-7
Added Pin To Net: NetName=GND_STM Pin=U4-7
Added Pin To Net: NetName=GND_STM Pin=U4-7
Added Pin To Net: NetName=GND_STM Pin=U4-7
Added Pin To Net: NetName=GND_STM Pin=U4-7
Added Pin To Net: NetName=GND_STM Pin=U4-7
Added Pin To Net: NetName=GND_STM Pin=U4-7
Added Pin To Net: NetName=GND_STM Pin=U4-7
Added Pin To Net: NetName=GND_STM Pin=U4-7
Added Pin To Net: NetName=GND_STM Pin=U4-7
Added Pin To Net: NetName=GND_STM Pin=U4-7
Added Pin To Net: NetName=GND_STM Pin=U4-7
Added Pin To Net: NetName=GND_STM Pin=U4-7
Added Pin To Net: NetName=GND_STM Pin=U4-7
Added Pin To Net: NetName=GND_STM Pin=U4-7
Added Pin To Net: NetName=GND_STM Pin=U4-7
Added Pin To Net: NetName=GND_STM Pin=U4-7
Added Pin To Net: NetName=GND_STM Pin=U4-7
Added Pin To Net: NetName=GND_STM Pin=U4-7
Added Pin To Net: NetName=GND_STM Pin=U4-7
Added Pin To Net: NetName=GND_STM Pin=U4-7
Added Pin To Net: NetName=GND_STM Pin=U4-7
Added Pin To Net: NetName=GND_STM Pin=U6-5
Added Pin To Net: NetName=GND_STM Pin=U6-7
Added Pin To Net: NetName=GND_STM Pin=U7-1
Added Pin To Net: NetName=GND_STM Pin=U7-5
Added Pin To Net: NetName=GND_STM Pin=U7-10
Added Pin To Net: NetName=GND_STM Pin=U7-11
Added Pin To Net: NetName=GND_STM Pin=U7-13
Added Pin To Net: NetName=GND_STM Pin=U7-15
Added Pin To Net: NetName=GND_STM Pin=U7-25
Added Pin To Net: NetName=GND_STM Pin=U7-35
Added Pin To Net: NetName=GND_STM Pin=U7-47
Added Pin To Net: NetName=GND_STM Pin=U7-51
Added Pin To Net: NetName=GND_STM Pin=U7-65
Added Pin To Net: NetName=GND_STM Pin=U8-8
Added Pin To Net: NetName=GND_STM Pin=U9-1
Added Pin To Net: NetName=GND_STM Pin=U9-15
Added Pin To Net: NetName=GND_STM Pin=U9-17
Added Pin To Net: NetName=GND_STM Pin=U9-18
Added Pin To Net: NetName=GND_STM Pin=USB1-5
Added Pin To Net: NetName=GND_STM Pin=USB1-6
Added Pin To Net: NetName=GND_STM Pin=USB1-6
Added Pin To Net: NetName=GND_STM Pin=USB1-6
Added Pin To Net: NetName=GND_STM Pin=USB1-6
Added Pin To Net: NetName=GND_STM Pin=USB1-6
Added Pin To Net: NetName=GND_STM Pin=USB1-6
Added Pin To Net: NetName=GND_STM Pin=USB2-4
Added Net: Name=GND_STM
Added Pin To Net: NetName=INH_A Pin=U2-17
Added Net: Name=INH_A
Added Pin To Net: NetName=INH_B Pin=U2-19
Added Net: Name=INH_B
Added Pin To Net: NetName=INH_C Pin=U2-21
Added Net: Name=INH_C
Added Pin To Net: NetName=INL_A Pin=U2-18
Added Net: Name=INL_A
Added Pin To Net: NetName=INL_B Pin=U2-20
Added Net: Name=INL_B
Added Pin To Net: NetName=INL_C Pin=U2-22
Added Net: Name=INL_C
Added Pin To Net: NetName=INN1 Pin=U1-40
Added Net: Name=INN1
Added Pin To Net: NetName=INN2 Pin=U1-42
Added Net: Name=INN2
Added Pin To Net: NetName=INN3 Pin=U1-44
Added Net: Name=INN3
Added Pin To Net: NetName=M_OC Pin=U2-9
Added Net: Name=M_OC
Added Pin To Net: NetName=MPWM Pin=U2-8
Added Net: Name=MPWM
Added Pin To Net: NetName=NetBLDC1_1 Pin=BLDC1-1
Added Pin To Net: NetName=NetBLDC1_1 Pin=C51-2
Added Pin To Net: NetName=NetBLDC1_1 Pin=Q1-3
Added Pin To Net: NetName=NetBLDC1_1 Pin=Q1-3
Added Pin To Net: NetName=NetBLDC1_1 Pin=Q1-3
Added Pin To Net: NetName=NetBLDC1_1 Pin=Q1-3
Added Pin To Net: NetName=NetBLDC1_1 Pin=Q1-3
Added Pin To Net: NetName=NetBLDC1_1 Pin=Q2-2
Added Pin To Net: NetName=NetBLDC1_1 Pin=R74-2
Added Pin To Net: NetName=NetBLDC1_1 Pin=U2-46
Added Net: Name=NetBLDC1_1
Added Pin To Net: NetName=NetBLDC1_2 Pin=BLDC1-2
Added Pin To Net: NetName=NetBLDC1_2 Pin=C53-2
Added Pin To Net: NetName=NetBLDC1_2 Pin=Q3-3
Added Pin To Net: NetName=NetBLDC1_2 Pin=Q3-3
Added Pin To Net: NetName=NetBLDC1_2 Pin=Q3-3
Added Pin To Net: NetName=NetBLDC1_2 Pin=Q3-3
Added Pin To Net: NetName=NetBLDC1_2 Pin=Q3-3
Added Pin To Net: NetName=NetBLDC1_2 Pin=Q4-2
Added Pin To Net: NetName=NetBLDC1_2 Pin=R78-2
Added Pin To Net: NetName=NetBLDC1_2 Pin=U2-36
Added Net: Name=NetBLDC1_2
Added Pin To Net: NetName=NetBLDC1_3 Pin=BLDC1-3
Added Pin To Net: NetName=NetBLDC1_3 Pin=C52-2
Added Pin To Net: NetName=NetBLDC1_3 Pin=Q5-3
Added Pin To Net: NetName=NetBLDC1_3 Pin=Q5-3
Added Pin To Net: NetName=NetBLDC1_3 Pin=Q5-3
Added Pin To Net: NetName=NetBLDC1_3 Pin=Q5-3
Added Pin To Net: NetName=NetBLDC1_3 Pin=Q5-3
Added Pin To Net: NetName=NetBLDC1_3 Pin=Q6-2
Added Pin To Net: NetName=NetBLDC1_3 Pin=R83-2
Added Pin To Net: NetName=NetBLDC1_3 Pin=U2-41
Added Net: Name=NetBLDC1_3
Added Pin To Net: NetName=NetC1_2 Pin=C1-2
Added Pin To Net: NetName=NetC1_2 Pin=U1-12
Added Pin To Net: NetName=NetC1_2 Pin=X1-1
Added Net: Name=NetC1_2
Added Pin To Net: NetName=NetC2_1 Pin=C2-1
Added Pin To Net: NetName=NetC2_1 Pin=U1-73
Added Net: Name=NetC2_1
Added Pin To Net: NetName=NetC3_2 Pin=C3-2
Added Pin To Net: NetName=NetC3_2 Pin=U1-13
Added Pin To Net: NetName=NetC3_2 Pin=X1-2
Added Net: Name=NetC3_2
Added Pin To Net: NetName=NetC4_1 Pin=C4-1
Added Pin To Net: NetName=NetC4_1 Pin=U1-49
Added Net: Name=NetC4_1
Added Pin To Net: NetName=NetC5_2 Pin=C5-2
Added Pin To Net: NetName=NetC5_2 Pin=L1-1
Added Pin To Net: NetName=NetC5_2 Pin=U1-21
Added Net: Name=NetC5_2
Added Pin To Net: NetName=NetC6_2 Pin=C6-2
Added Pin To Net: NetName=NetC6_2 Pin=H4-10
Added Pin To Net: NetName=NetC6_2 Pin=R5-1
Added Pin To Net: NetName=NetC6_2 Pin=S1-2
Added Pin To Net: NetName=NetC6_2 Pin=S1-2
Added Pin To Net: NetName=NetC6_2 Pin=U1-14
Added Net: Name=NetC6_2
Added Pin To Net: NetName=NetC7_1 Pin=C7-1
Added Pin To Net: NetName=NetC7_1 Pin=R7-1
Added Pin To Net: NetName=NetC7_1 Pin=R8-1
Added Pin To Net: NetName=NetC7_1 Pin=U1-15
Added Net: Name=NetC7_1
Added Pin To Net: NetName=NetC8_2 Pin=C8-2
Added Pin To Net: NetName=NetC8_2 Pin=L2-1
Added Pin To Net: NetName=NetC8_2 Pin=U1-22
Added Net: Name=NetC8_2
Added Pin To Net: NetName=NetC12_1 Pin=C12-1
Added Pin To Net: NetName=NetC12_1 Pin=U1-8
Added Pin To Net: NetName=NetC12_1 Pin=X2-2
Added Net: Name=NetC12_1
Added Pin To Net: NetName=NetC13_1 Pin=C13-1
Added Pin To Net: NetName=NetC13_1 Pin=U1-9
Added Pin To Net: NetName=NetC13_1 Pin=X2-1
Added Net: Name=NetC13_1
Added Pin To Net: NetName=NetC14_2 Pin=C14-2
Added Pin To Net: NetName=NetC14_2 Pin=R27-1
Added Pin To Net: NetName=NetC14_2 Pin=U1-62
Added Net: Name=NetC14_2
Added Pin To Net: NetName=NetC15_2 Pin=C15-2
Added Pin To Net: NetName=NetC15_2 Pin=R26-1
Added Pin To Net: NetName=NetC15_2 Pin=U1-61
Added Net: Name=NetC15_2
Added Pin To Net: NetName=NetC16_2 Pin=C16-2
Added Pin To Net: NetName=NetC16_2 Pin=R25-1
Added Pin To Net: NetName=NetC16_2 Pin=U1-58
Added Net: Name=NetC16_2
Added Pin To Net: NetName=NetC17_2 Pin=C17-2
Added Pin To Net: NetName=NetC17_2 Pin=Hall_Sens2-5
Added Pin To Net: NetName=NetC17_2 Pin=R37-1
Added Net: Name=NetC17_2
Added Pin To Net: NetName=NetC30_2 Pin=C30-2
Added Pin To Net: NetName=NetC30_2 Pin=R47-2
Added Pin To Net: NetName=NetC30_2 Pin=U2-23
Added Net: Name=NetC30_2
Added Pin To Net: NetName=NetC33_2 Pin=C33-2
Added Pin To Net: NetName=NetC33_2 Pin=R49-2
Added Net: Name=NetC33_2
Added Pin To Net: NetName=NetC34_1 Pin=C34-1
Added Pin To Net: NetName=NetC34_1 Pin=U2-13
Added Net: Name=NetC34_1
Added Pin To Net: NetName=NetC36_2 Pin=C36-2
Added Pin To Net: NetName=NetC36_2 Pin=R49-1
Added Pin To Net: NetName=NetC36_2 Pin=U2-2
Added Net: Name=NetC36_2
Added Pin To Net: NetName=NetC38_1 Pin=C38-1
Added Pin To Net: NetName=NetC38_1 Pin=U2-15
Added Net: Name=NetC38_1
Added Pin To Net: NetName=NetC38_2 Pin=C38-2
Added Pin To Net: NetName=NetC38_2 Pin=U2-14
Added Net: Name=NetC38_2
Added Pin To Net: NetName=NetC43_2 Pin=C43-2
Added Pin To Net: NetName=NetC43_2 Pin=U2-56
Added Net: Name=NetC43_2
Added Pin To Net: NetName=NetC44_1 Pin=C44-1
Added Pin To Net: NetName=NetC44_1 Pin=U2-52
Added Net: Name=NetC44_1
Added Pin To Net: NetName=NetC46_2 Pin=C46-2
Added Pin To Net: NetName=NetC46_2 Pin=U2-27
Added Net: Name=NetC46_2
Added Pin To Net: NetName=NetC47_2 Pin=C47-2
Added Pin To Net: NetName=NetC47_2 Pin=C49-2
Added Pin To Net: NetName=NetC47_2 Pin=C50-2
Added Pin To Net: NetName=NetC47_2 Pin=C55-2
Added Pin To Net: NetName=NetC47_2 Pin=D3-2
Added Pin To Net: NetName=NetC47_2 Pin=U2-29
Added Net: Name=NetC47_2
Added Pin To Net: NetName=NetC51_1 Pin=C51-1
Added Pin To Net: NetName=NetC51_1 Pin=U2-48
Added Net: Name=NetC51_1
Added Pin To Net: NetName=NetC52_1 Pin=C52-1
Added Pin To Net: NetName=NetC52_1 Pin=U2-43
Added Net: Name=NetC52_1
Added Pin To Net: NetName=NetC53_1 Pin=C53-1
Added Pin To Net: NetName=NetC53_1 Pin=U2-38
Added Net: Name=NetC53_1
Added Pin To Net: NetName=NetC56_2 Pin=C56-2
Added Pin To Net: NetName=NetC56_2 Pin=R56-1
Added Pin To Net: NetName=NetC56_2 Pin=U2-33
Added Net: Name=NetC56_2
Added Pin To Net: NetName=NetC57_2 Pin=C57-2
Added Pin To Net: NetName=NetC57_2 Pin=L4-2
Added Net: Name=NetC57_2
Added Pin To Net: NetName=NetC58_2 Pin=C58-2
Added Pin To Net: NetName=NetC58_2 Pin=C63-1
Added Pin To Net: NetName=NetC58_2 Pin=L5-2
Added Pin To Net: NetName=NetC58_2 Pin=U7-9
Added Net: Name=NetC58_2
Added Pin To Net: NetName=NetC59_1 Pin=C59-1
Added Pin To Net: NetName=NetC59_1 Pin=U7-2
Added Pin To Net: NetName=NetC59_1 Pin=X3-1
Added Net: Name=NetC59_1
Added Pin To Net: NetName=NetC60_2 Pin=C60-2
Added Pin To Net: NetName=NetC60_2 Pin=C64-1
Added Pin To Net: NetName=NetC60_2 Pin=L6-2
Added Pin To Net: NetName=NetC60_2 Pin=U7-4
Added Net: Name=NetC60_2
Added Pin To Net: NetName=NetC62_1 Pin=C62-1
Added Pin To Net: NetName=NetC62_1 Pin=U7-3
Added Pin To Net: NetName=NetC62_1 Pin=X3-2
Added Net: Name=NetC62_1
Added Pin To Net: NetName=NetC73_2 Pin=C73-2
Added Pin To Net: NetName=NetC73_2 Pin=U9-10
Added Net: Name=NetC73_2
Added Pin To Net: NetName=NetC74_2 Pin=C74-2
Added Pin To Net: NetName=NetC74_2 Pin=U9-20
Added Net: Name=NetC74_2
Added Pin To Net: NetName=NetC75_2 Pin=C75-2
Added Pin To Net: NetName=NetC75_2 Pin=R93-1
Added Pin To Net: NetName=NetC75_2 Pin=U1-53
Added Net: Name=NetC75_2
Added Pin To Net: NetName=NetC76_2 Pin=C76-2
Added Pin To Net: NetName=NetC76_2 Pin=R94-1
Added Pin To Net: NetName=NetC76_2 Pin=U1-52
Added Net: Name=NetC76_2
Added Pin To Net: NetName=NetC77_2 Pin=C77-2
Added Pin To Net: NetName=NetC77_2 Pin=Hall_Sens1-5
Added Pin To Net: NetName=NetC77_2 Pin=R91-1
Added Net: Name=NetC77_2
Added Pin To Net: NetName=NetD1_1 Pin=D1-1
Added Pin To Net: NetName=NetD1_1 Pin=L3-2
Added Net: Name=NetD1_1
Added Pin To Net: NetName=NetD2_2 Pin=D2-2
Added Pin To Net: NetName=NetD2_2 Pin=L4-1
Added Net: Name=NetD2_2
Added Pin To Net: NetName=NetEnc1_2 Pin=Enc1-2
Added Pin To Net: NetName=NetEnc1_2 Pin=R3-1
Added Net: Name=NetEnc1_2
Added Pin To Net: NetName=NetEnc1_3 Pin=Enc1-3
Added Pin To Net: NetName=NetEnc1_3 Pin=R4-1
Added Net: Name=NetEnc1_3
Added Pin To Net: NetName=NetEnc2_2 Pin=Enc2-2
Added Pin To Net: NetName=NetEnc2_2 Pin=R10-1
Added Net: Name=NetEnc2_2
Added Pin To Net: NetName=NetEnc2_3 Pin=Enc2-3
Added Pin To Net: NetName=NetEnc2_3 Pin=R9-1
Added Net: Name=NetEnc2_3
Added Pin To Net: NetName=NetEnc3_2 Pin=Enc3-2
Added Pin To Net: NetName=NetEnc3_2 Pin=R17-1
Added Net: Name=NetEnc3_2
Added Pin To Net: NetName=NetEnc3_3 Pin=Enc3-3
Added Pin To Net: NetName=NetEnc3_3 Pin=R21-1
Added Net: Name=NetEnc3_3
Added Pin To Net: NetName=NetEnc4_2 Pin=Enc4-2
Added Pin To Net: NetName=NetEnc4_2 Pin=R2-1
Added Net: Name=NetEnc4_2
Added Pin To Net: NetName=NetEnc4_3 Pin=Enc4-3
Added Pin To Net: NetName=NetEnc4_3 Pin=R1-1
Added Net: Name=NetEnc4_3
Added Pin To Net: NetName=NetGPS1_3 Pin=GPS1-3
Added Pin To Net: NetName=NetGPS1_3 Pin=U7-38
Added Net: Name=NetGPS1_3
Added Pin To Net: NetName=NetGPS1_4 Pin=GPS1-4
Added Pin To Net: NetName=NetGPS1_4 Pin=R68-2
Added Net: Name=NetGPS1_4
Added Pin To Net: NetName=NetGPS1_6 Pin=GPS1-6
Added Pin To Net: NetName=NetGPS1_6 Pin=R69-1
Added Net: Name=NetGPS1_6
Added Pin To Net: NetName=NetH4_2 Pin=H4-2
Added Pin To Net: NetName=NetH4_2 Pin=U1-72
Added Net: Name=NetH4_2
Added Pin To Net: NetName=NetH4_4 Pin=H4-4
Added Pin To Net: NetName=NetH4_4 Pin=U1-76
Added Net: Name=NetH4_4
Added Pin To Net: NetName=NetHall_Sens1_2 Pin=Hall_Sens1-2
Added Pin To Net: NetName=NetHall_Sens1_2 Pin=R88-1
Added Pin To Net: NetName=NetHall_Sens1_2 Pin=R92-2
Added Net: Name=NetHall_Sens1_2
Added Pin To Net: NetName=NetHall_Sens1_3 Pin=Hall_Sens1-3
Added Pin To Net: NetName=NetHall_Sens1_3 Pin=R89-1
Added Pin To Net: NetName=NetHall_Sens1_3 Pin=R93-2
Added Net: Name=NetHall_Sens1_3
Added Pin To Net: NetName=NetHall_Sens1_4 Pin=Hall_Sens1-4
Added Pin To Net: NetName=NetHall_Sens1_4 Pin=R90-1
Added Pin To Net: NetName=NetHall_Sens1_4 Pin=R94-2
Added Net: Name=NetHall_Sens1_4
Added Pin To Net: NetName=NetHall_Sens2_2 Pin=Hall_Sens2-2
Added Pin To Net: NetName=NetHall_Sens2_2 Pin=R27-2
Added Pin To Net: NetName=NetHall_Sens2_2 Pin=R32-1
Added Net: Name=NetHall_Sens2_2
Added Pin To Net: NetName=NetHall_Sens2_3 Pin=Hall_Sens2-3
Added Pin To Net: NetName=NetHall_Sens2_3 Pin=R26-2
Added Pin To Net: NetName=NetHall_Sens2_3 Pin=R34-1
Added Net: Name=NetHall_Sens2_3
Added Pin To Net: NetName=NetHall_Sens2_4 Pin=Hall_Sens2-4
Added Pin To Net: NetName=NetHall_Sens2_4 Pin=R25-2
Added Pin To Net: NetName=NetHall_Sens2_4 Pin=R36-1
Added Net: Name=NetHall_Sens2_4
Added Pin To Net: NetName=NetIMU1_1 Pin=IMU1-1
Added Pin To Net: NetName=NetIMU1_1 Pin=R70-2
Added Pin To Net: NetName=NetIMU1_1 Pin=U8-7
Added Net: Name=NetIMU1_1
Added Pin To Net: NetName=NetIMU1_2 Pin=IMU1-2
Added Pin To Net: NetName=NetIMU1_2 Pin=R70-1
Added Pin To Net: NetName=NetIMU1_2 Pin=U8-6
Added Net: Name=NetIMU1_2
Added Pin To Net: NetName=NetIMU1_5 Pin=IMU1-5
Added Pin To Net: NetName=NetIMU1_5 Pin=U1-84
Added Net: Name=NetIMU1_5
Added Pin To Net: NetName=NetLED1_1 Pin=LED1-1
Added Pin To Net: NetName=NetLED1_1 Pin=R28-1
Added Net: Name=NetLED1_1
Added Pin To Net: NetName=NetLED2_1 Pin=LED2-1
Added Pin To Net: NetName=NetLED2_1 Pin=R29-1
Added Net: Name=NetLED2_1
Added Pin To Net: NetName=NetLED3_1 Pin=LED3-1
Added Pin To Net: NetName=NetLED3_1 Pin=R41-2
Added Net: Name=NetLED3_1
Added Pin To Net: NetName=NetLED4_1 Pin=LED4-1
Added Pin To Net: NetName=NetLED4_1 Pin=R42-2
Added Net: Name=NetLED4_1
Added Pin To Net: NetName=NetLED5_1 Pin=LED5-1
Added Pin To Net: NetName=NetLED5_1 Pin=R43-2
Added Net: Name=NetLED5_1
Added Pin To Net: NetName=NetLED6_1 Pin=LED6-1
Added Pin To Net: NetName=NetLED6_1 Pin=R69-2
Added Net: Name=NetLED6_1
Added Pin To Net: NetName=NetOc1_2 Pin=Oc1-2
Added Pin To Net: NetName=NetOc1_2 Pin=R87-2
Added Pin To Net: NetName=NetOc1_2 Pin=T2-3
Added Net: Name=NetOc1_2
Added Pin To Net: NetName=NetOc1_3 Pin=Oc1-3
Added Pin To Net: NetName=NetOc1_3 Pin=T1-3
Added Net: Name=NetOc1_3
Added Pin To Net: NetName=NetPot1_2 Pin=Pot1-2
Added Pin To Net: NetName=NetPot1_2 Pin=R11-2
Added Net: Name=NetPot1_2
Added Pin To Net: NetName=NetPot2_2 Pin=Pot2-2
Added Pin To Net: NetName=NetPot2_2 Pin=R13-2
Added Net: Name=NetPot2_2
Added Pin To Net: NetName=NetPot3_2 Pin=Pot3-2
Added Pin To Net: NetName=NetPot3_2 Pin=R15-2
Added Net: Name=NetPot3_2
Added Pin To Net: NetName=NetPot4_2 Pin=Pot4-2
Added Pin To Net: NetName=NetPot4_2 Pin=R18-2
Added Net: Name=NetPot4_2
Added Pin To Net: NetName=NetPot5_2 Pin=Pot5-2
Added Pin To Net: NetName=NetPot5_2 Pin=R23-2
Added Net: Name=NetPot5_2
Added Pin To Net: NetName=NetPot6_2 Pin=Pot6-2
Added Pin To Net: NetName=NetPot6_2 Pin=R30-2
Added Net: Name=NetPot6_2
Added Pin To Net: NetName=NetQ1_1 Pin=Q1-1
Added Pin To Net: NetName=NetQ1_1 Pin=R72-2
Added Pin To Net: NetName=NetQ1_1 Pin=R74-1
Added Net: Name=NetQ1_1
Added Pin To Net: NetName=NetQ2_1 Pin=Q2-1
Added Pin To Net: NetName=NetQ2_1 Pin=R71-2
Added Pin To Net: NetName=NetQ2_1 Pin=R73-1
Added Net: Name=NetQ2_1
Added Pin To Net: NetName=NetQ2_3 Pin=Q2-3
Added Pin To Net: NetName=NetQ2_3 Pin=Q2-3
Added Pin To Net: NetName=NetQ2_3 Pin=Q2-3
Added Pin To Net: NetName=NetQ2_3 Pin=Q2-3
Added Pin To Net: NetName=NetQ2_3 Pin=Q2-3
Added Pin To Net: NetName=NetQ2_3 Pin=Q4-3
Added Pin To Net: NetName=NetQ2_3 Pin=Q4-3
Added Pin To Net: NetName=NetQ2_3 Pin=Q4-3
Added Pin To Net: NetName=NetQ2_3 Pin=Q4-3
Added Pin To Net: NetName=NetQ2_3 Pin=Q4-3
Added Pin To Net: NetName=NetQ2_3 Pin=Q6-3
Added Pin To Net: NetName=NetQ2_3 Pin=Q6-3
Added Pin To Net: NetName=NetQ2_3 Pin=Q6-3
Added Pin To Net: NetName=NetQ2_3 Pin=Q6-3
Added Pin To Net: NetName=NetQ2_3 Pin=Q6-3
Added Pin To Net: NetName=NetQ2_3 Pin=R56-2
Added Pin To Net: NetName=NetQ2_3 Pin=R73-2
Added Pin To Net: NetName=NetQ2_3 Pin=R76-1
Added Pin To Net: NetName=NetQ2_3 Pin=R79-2
Added Pin To Net: NetName=NetQ2_3 Pin=R82-2
Added Pin To Net: NetName=NetQ2_3 Pin=R86-2
Added Pin To Net: NetName=NetQ2_3 Pin=U2-34
Added Pin To Net: NetName=NetQ2_3 Pin=U2-39
Added Pin To Net: NetName=NetQ2_3 Pin=U2-44
Added Net: Name=NetQ2_3
Added Pin To Net: NetName=NetQ3_1 Pin=Q3-1
Added Pin To Net: NetName=NetQ3_1 Pin=R77-2
Added Pin To Net: NetName=NetQ3_1 Pin=R78-1
Added Net: Name=NetQ3_1
Added Pin To Net: NetName=NetQ4_1 Pin=Q4-1
Added Pin To Net: NetName=NetQ4_1 Pin=R75-2
Added Pin To Net: NetName=NetQ4_1 Pin=R76-2
Added Net: Name=NetQ4_1
Added Pin To Net: NetName=NetQ5_1 Pin=Q5-1
Added Pin To Net: NetName=NetQ5_1 Pin=R81-2
Added Pin To Net: NetName=NetQ5_1 Pin=R83-1
Added Net: Name=NetQ5_1
Added Pin To Net: NetName=NetQ6_1 Pin=Q6-1
Added Pin To Net: NetName=NetQ6_1 Pin=R80-2
Added Pin To Net: NetName=NetQ6_1 Pin=R82-1
Added Net: Name=NetQ6_1
Added Pin To Net: NetName=NetR1_2 Pin=R1-2
Added Pin To Net: NetName=NetR1_2 Pin=U1-64
Added Net: Name=NetR1_2
Added Pin To Net: NetName=NetR2_2 Pin=R2-2
Added Pin To Net: NetName=NetR2_2 Pin=U1-63
Added Net: Name=NetR2_2
Added Pin To Net: NetName=NetR3_2 Pin=R3-2
Added Pin To Net: NetName=NetR3_2 Pin=U1-23
Added Net: Name=NetR3_2
Added Pin To Net: NetName=NetR4_2 Pin=R4-2
Added Pin To Net: NetName=NetR4_2 Pin=U1-24
Added Net: Name=NetR4_2
Added Pin To Net: NetName=NetR6_2 Pin=R6-2
Added Pin To Net: NetName=NetR6_2 Pin=U1-94
Added Net: Name=NetR6_2
Added Pin To Net: NetName=NetR9_2 Pin=R9-2
Added Pin To Net: NetName=NetR9_2 Pin=U1-91
Added Net: Name=NetR9_2
Added Pin To Net: NetName=NetR10_2 Pin=R10-2
Added Pin To Net: NetName=NetR10_2 Pin=U1-90
Added Net: Name=NetR10_2
Added Pin To Net: NetName=NetR11_1 Pin=R11-1
Added Pin To Net: NetName=NetR11_1 Pin=R12-1
Added Pin To Net: NetName=NetR11_1 Pin=U1-25
Added Net: Name=NetR11_1
Added Pin To Net: NetName=NetR13_1 Pin=R13-1
Added Pin To Net: NetName=NetR13_1 Pin=R14-1
Added Pin To Net: NetName=NetR13_1 Pin=U1-26
Added Net: Name=NetR13_1
Added Pin To Net: NetName=NetR15_1 Pin=R15-1
Added Pin To Net: NetName=NetR15_1 Pin=R16-1
Added Pin To Net: NetName=NetR15_1 Pin=U1-29
Added Net: Name=NetR15_1
Added Pin To Net: NetName=NetR17_2 Pin=R17-2
Added Pin To Net: NetName=NetR17_2 Pin=U1-59
Added Net: Name=NetR17_2
Added Pin To Net: NetName=NetR18_1 Pin=R18-1
Added Pin To Net: NetName=NetR18_1 Pin=R19-1
Added Pin To Net: NetName=NetR18_1 Pin=U1-30
Added Net: Name=NetR18_1
Added Pin To Net: NetName=NetR20_1 Pin=R20-1
Added Pin To Net: NetName=NetR20_1 Pin=T1-1
Added Net: Name=NetR20_1
Added Pin To Net: NetName=NetR20_2 Pin=R20-2
Added Pin To Net: NetName=NetR20_2 Pin=U1-81
Added Net: Name=NetR20_2
Added Pin To Net: NetName=NetR21_2 Pin=R21-2
Added Pin To Net: NetName=NetR21_2 Pin=U1-60
Added Net: Name=NetR21_2
Added Pin To Net: NetName=NetR22_1 Pin=R22-1
Added Pin To Net: NetName=NetR22_1 Pin=T2-1
Added Net: Name=NetR22_1
Added Pin To Net: NetName=NetR22_2 Pin=R22-2
Added Pin To Net: NetName=NetR22_2 Pin=U1-82
Added Net: Name=NetR22_2
Added Pin To Net: NetName=NetR23_1 Pin=R23-1
Added Pin To Net: NetName=NetR23_1 Pin=R24-1
Added Pin To Net: NetName=NetR23_1 Pin=U1-31
Added Net: Name=NetR23_1
Added Pin To Net: NetName=NetR28_2 Pin=R28-2
Added Pin To Net: NetName=NetR28_2 Pin=U1-1
Added Net: Name=NetR28_2
Added Pin To Net: NetName=NetR29_2 Pin=R29-2
Added Pin To Net: NetName=NetR29_2 Pin=U1-2
Added Net: Name=NetR29_2
Added Pin To Net: NetName=NetR30_1 Pin=R30-1
Added Pin To Net: NetName=NetR30_1 Pin=R31-1
Added Pin To Net: NetName=NetR30_1 Pin=U1-32
Added Net: Name=NetR30_1
Added Pin To Net: NetName=NetR33_1 Pin=R33-1
Added Pin To Net: NetName=NetR33_1 Pin=R35-1
Added Pin To Net: NetName=NetR33_1 Pin=U1-66
Added Pin To Net: NetName=NetR33_1 Pin=U1-67
Added Pin To Net: NetName=NetR33_1 Pin=U9-23
Added Pin To Net: NetName=NetR33_1 Pin=U9-24
Added Net: Name=NetR33_1
Added Pin To Net: NetName=NetR38_2 Pin=R38-2
Added Pin To Net: NetName=NetR38_2 Pin=U4-2
Added Net: Name=NetR38_2
Added Pin To Net: NetName=NetR39_2 Pin=R39-2
Added Pin To Net: NetName=NetR39_2 Pin=U4-6
Added Net: Name=NetR39_2
Added Pin To Net: NetName=NetR40_2 Pin=R40-2
Added Pin To Net: NetName=NetR40_2 Pin=U4-8
Added Net: Name=NetR40_2
Added Pin To Net: NetName=NetR44_2 Pin=R44-2
Added Pin To Net: NetName=NetR44_2 Pin=R47-1
Added Pin To Net: NetName=NetR44_2 Pin=U2-11
Added Net: Name=NetR44_2
Added Pin To Net: NetName=NetR50_2 Pin=R50-2
Added Pin To Net: NetName=NetR50_2 Pin=U2-7
Added Net: Name=NetR50_2
Added Pin To Net: NetName=NetR51_2 Pin=R51-2
Added Pin To Net: NetName=NetR51_2 Pin=U2-1
Added Net: Name=NetR51_2
Added Pin To Net: NetName=NetR52_1 Pin=R52-1
Added Pin To Net: NetName=NetR52_1 Pin=R53-1
Added Pin To Net: NetName=NetR52_1 Pin=U2-3
Added Net: Name=NetR52_1
Added Pin To Net: NetName=NetR54_1 Pin=R54-1
Added Pin To Net: NetName=NetR54_1 Pin=U2-55
Added Net: Name=NetR54_1
Added Pin To Net: NetName=NetR55_1 Pin=R55-1
Added Pin To Net: NetName=NetR55_1 Pin=U2-49
Added Net: Name=NetR55_1
Added Pin To Net: NetName=NetR57_1 Pin=R57-1
Added Pin To Net: NetName=NetR57_1 Pin=R58-1
Added Pin To Net: NetName=NetR57_1 Pin=U6-4
Added Net: Name=NetR57_1
Added Pin To Net: NetName=NetR57_2 Pin=R57-2
Added Pin To Net: NetName=NetR57_2 Pin=U6-3
Added Pin To Net: NetName=NetR57_2 Pin=U7-61
Added Net: Name=NetR57_2
Added Pin To Net: NetName=NetR59_1 Pin=R59-1
Added Pin To Net: NetName=NetR59_1 Pin=U6-1
Added Pin To Net: NetName=NetR59_1 Pin=U7-63
Added Net: Name=NetR59_1
Added Pin To Net: NetName=NetR60_1 Pin=R60-1
Added Pin To Net: NetName=NetR60_1 Pin=U6-2
Added Pin To Net: NetName=NetR60_1 Pin=U7-62
Added Net: Name=NetR60_1
Added Pin To Net: NetName=NetR61_1 Pin=R61-1
Added Pin To Net: NetName=NetR61_1 Pin=R62-2
Added Pin To Net: NetName=NetR61_1 Pin=R63-2
Added Net: Name=NetR61_1
Added Pin To Net: NetName=NetR61_2 Pin=R61-2
Added Pin To Net: NetName=NetR61_2 Pin=USB2-1
Added Net: Name=NetR61_2
Added Pin To Net: NetName=NetR63_1 Pin=R63-1
Added Pin To Net: NetName=NetR63_1 Pin=U7-14
Added Net: Name=NetR63_1
Added Pin To Net: NetName=NetR64_1 Pin=R64-1
Added Pin To Net: NetName=NetR64_1 Pin=U7-6
Added Net: Name=NetR64_1
Added Pin To Net: NetName=NetR65_1 Pin=R65-1
Added Pin To Net: NetName=NetR65_1 Pin=U7-60
Added Net: Name=NetR65_1
Added Pin To Net: NetName=NetR65_2 Pin=R65-2
Added Pin To Net: NetName=NetR65_2 Pin=R66-2
Added Pin To Net: NetName=NetR65_2 Pin=U8-3
Added Net: Name=NetR65_2
Added Pin To Net: NetName=NetR66_1 Pin=R66-1
Added Pin To Net: NetName=NetR66_1 Pin=U7-29
Added Pin To Net: NetName=NetR66_1 Pin=U8-2
Added Net: Name=NetR66_1
Added Pin To Net: NetName=NetR67_2 Pin=R67-2
Added Pin To Net: NetName=NetR67_2 Pin=R68-1
Added Pin To Net: NetName=NetR67_2 Pin=U7-39
Added Net: Name=NetR67_2
Added Pin To Net: NetName=NetR71_1 Pin=R71-1
Added Pin To Net: NetName=NetR71_1 Pin=U2-45
Added Net: Name=NetR71_1
Added Pin To Net: NetName=NetR72_1 Pin=R72-1
Added Pin To Net: NetName=NetR72_1 Pin=U2-47
Added Net: Name=NetR72_1
Added Pin To Net: NetName=NetR75_1 Pin=R75-1
Added Pin To Net: NetName=NetR75_1 Pin=U2-35
Added Net: Name=NetR75_1
Added Pin To Net: NetName=NetR77_1 Pin=R77-1
Added Pin To Net: NetName=NetR77_1 Pin=U2-37
Added Net: Name=NetR77_1
Added Pin To Net: NetName=NetR80_1 Pin=R80-1
Added Pin To Net: NetName=NetR80_1 Pin=U2-40
Added Net: Name=NetR80_1
Added Pin To Net: NetName=NetR81_1 Pin=R81-1
Added Pin To Net: NetName=NetR81_1 Pin=U2-42
Added Net: Name=NetR81_1
Added Pin To Net: NetName=NetR84_2 Pin=R84-2
Added Pin To Net: NetName=NetR84_2 Pin=U9-9
Added Net: Name=NetR84_2
Added Pin To Net: NetName=NetR85_2 Pin=R85-2
Added Pin To Net: NetName=NetR85_2 Pin=U9-11
Added Net: Name=NetR85_2
Added Pin To Net: NetName=NetServ1_3 Pin=Serv1-3
Added Pin To Net: NetName=NetServ1_3 Pin=U1-48
Added Net: Name=NetServ1_3
Added Pin To Net: NetName=NetServ2_3 Pin=Serv2-3
Added Pin To Net: NetName=NetServ2_3 Pin=U1-45
Added Net: Name=NetServ2_3
Added Pin To Net: NetName=NetU1_3 Pin=U1-3
Added Net: Name=NetU1_3
Added Pin To Net: NetName=NetU1_4 Pin=U1-4
Added Net: Name=NetU1_4
Added Pin To Net: NetName=NetU1_5 Pin=U1-5
Added Net: Name=NetU1_5
Added Pin To Net: NetName=NetU1_16 Pin=U1-16
Added Net: Name=NetU1_16
Added Pin To Net: NetName=NetU1_17 Pin=U1-17
Added Net: Name=NetU1_17
Added Pin To Net: NetName=NetU1_18 Pin=U1-18
Added Net: Name=NetU1_18
Added Pin To Net: NetName=NetU1_33 Pin=U1-33
Added Net: Name=NetU1_33
Added Pin To Net: NetName=NetU1_34 Pin=U1-34
Added Net: Name=NetU1_34
Added Pin To Net: NetName=NetU1_35 Pin=U1-35
Added Net: Name=NetU1_35
Added Pin To Net: NetName=NetU1_36 Pin=U1-36
Added Net: Name=NetU1_36
Added Pin To Net: NetName=NetU1_37 Pin=U1-37
Added Net: Name=NetU1_37
Added Pin To Net: NetName=NetU1_38 Pin=U1-38
Added Net: Name=NetU1_38
Added Pin To Net: NetName=NetU1_39 Pin=U1-39
Added Net: Name=NetU1_39
Added Pin To Net: NetName=NetU1_41 Pin=U1-41
Added Net: Name=NetU1_41
Added Pin To Net: NetName=NetU1_43 Pin=U1-43
Added Net: Name=NetU1_43
Added Pin To Net: NetName=NetU1_46 Pin=U1-46
Added Net: Name=NetU1_46
Added Pin To Net: NetName=NetU1_47 Pin=U1-47
Added Net: Name=NetU1_47
Added Pin To Net: NetName=NetU1_51 Pin=U1-51
Added Net: Name=NetU1_51
Added Pin To Net: NetName=NetU1_55 Pin=U1-55
Added Pin To Net: NetName=NetU1_55 Pin=U7-17
Added Net: Name=NetU1_55
Added Pin To Net: NetName=NetU1_56 Pin=U1-56
Added Pin To Net: NetName=NetU1_56 Pin=U7-16
Added Net: Name=NetU1_56
Added Pin To Net: NetName=NetU1_65 Pin=U1-65
Added Net: Name=NetU1_65
Added Pin To Net: NetName=NetU1_68 Pin=U1-68
Added Net: Name=NetU1_68
Added Pin To Net: NetName=NetU1_69 Pin=U1-69
Added Net: Name=NetU1_69
Added Pin To Net: NetName=NetU1_77 Pin=U1-77
Added Net: Name=NetU1_77
Added Pin To Net: NetName=NetU1_78 Pin=U1-78
Added Pin To Net: NetName=NetU1_78 Pin=U9-12
Added Net: Name=NetU1_78
Added Pin To Net: NetName=NetU1_79 Pin=U1-79
Added Net: Name=NetU1_79
Added Pin To Net: NetName=NetU1_80 Pin=U1-80
Added Net: Name=NetU1_80
Added Pin To Net: NetName=NetU1_83 Pin=U1-83
Added Net: Name=NetU1_83
Added Pin To Net: NetName=NetU1_89 Pin=U1-89
Added Net: Name=NetU1_89
Added Pin To Net: NetName=NetU1_93 Pin=U1-93
Added Net: Name=NetU1_93
Added Pin To Net: NetName=NetU4_9 Pin=U4-9
Added Pin To Net: NetName=NetU4_9 Pin=U4-10
Added Pin To Net: NetName=NetU4_9 Pin=U4-11
Added Net: Name=NetU4_9
Added Pin To Net: NetName=NetU7_26 Pin=U7-26
Added Pin To Net: NetName=NetU7_26 Pin=U8-4
Added Net: Name=NetU7_26
Added Pin To Net: NetName=NetU7_27 Pin=U7-27
Added Pin To Net: NetName=NetU7_27 Pin=U8-1
Added Net: Name=NetU7_27
Added Pin To Net: NetName=OCTW Pin=LED4-2
Added Pin To Net: NetName=OCTW Pin=R46-1
Added Pin To Net: NetName=OCTW Pin=U2-5
Added Net: Name=OCTW
Added Pin To Net: NetName=OTG_N Pin=U1-70
Added Pin To Net: NetName=OTG_N Pin=USB1-2
Added Net: Name=OTG_N
Added Pin To Net: NetName=OTG_P Pin=U1-71
Added Pin To Net: NetName=OTG_P Pin=USB1-3
Added Net: Name=OTG_P
Added Pin To Net: NetName=PGND Pin=C25-1
Added Pin To Net: NetName=PGND Pin=C26-1
Added Pin To Net: NetName=PGND Pin=C27-1
Added Pin To Net: NetName=PGND Pin=C28-1
Added Pin To Net: NetName=PGND Pin=C29-1
Added Pin To Net: NetName=PGND Pin=C30-1
Added Pin To Net: NetName=PGND Pin=C31-1
Added Pin To Net: NetName=PGND Pin=C32-1
Added Pin To Net: NetName=PGND Pin=C33-1
Added Pin To Net: NetName=PGND Pin=C34-2
Added Pin To Net: NetName=PGND Pin=C35-2
Added Pin To Net: NetName=PGND Pin=C36-1
Added Pin To Net: NetName=PGND Pin=C39-1
Added Pin To Net: NetName=PGND Pin=C40-1
Added Pin To Net: NetName=PGND Pin=C41-1
Added Pin To Net: NetName=PGND Pin=C42-1
Added Pin To Net: NetName=PGND Pin=C43-1
Added Pin To Net: NetName=PGND Pin=C45-1
Added Pin To Net: NetName=PGND Pin=C46-1
Added Pin To Net: NetName=PGND Pin=C47-1
Added Pin To Net: NetName=PGND Pin=C48-2
Added Pin To Net: NetName=PGND Pin=C49-1
Added Pin To Net: NetName=PGND Pin=C50-1
Added Pin To Net: NetName=PGND Pin=C54-1
Added Pin To Net: NetName=PGND Pin=C55-1
Added Pin To Net: NetName=PGND Pin=C56-1
Added Pin To Net: NetName=PGND Pin=C57-1
Added Pin To Net: NetName=PGND Pin=D2-1
Added Pin To Net: NetName=PGND Pin=PWR1-1
Added Pin To Net: NetName=PGND Pin=PWR2-1
Added Pin To Net: NetName=PGND Pin=R44-1
Added Pin To Net: NetName=PGND Pin=R50-1
Added Pin To Net: NetName=PGND Pin=R51-1
Added Pin To Net: NetName=PGND Pin=R52-2
Added Pin To Net: NetName=PGND Pin=R54-2
Added Pin To Net: NetName=PGND Pin=R55-2
Added Pin To Net: NetName=PGND Pin=R79-1
Added Pin To Net: NetName=PGND Pin=R86-1
Added Pin To Net: NetName=PGND Pin=R99-2
Added Pin To Net: NetName=PGND Pin=R100-2
Added Pin To Net: NetName=PGND Pin=R101-2
Added Pin To Net: NetName=PGND Pin=R102-2
Added Pin To Net: NetName=PGND Pin=U2-28
Added Pin To Net: NetName=PGND Pin=U2-30
Added Pin To Net: NetName=PGND Pin=U2-31
Added Pin To Net: NetName=PGND Pin=U2-32
Added Pin To Net: NetName=PGND Pin=U2-57
Added Pin To Net: NetName=PGND Pin=U5-1
Added Net: Name=PGND
Added Pin To Net: NetName=PWRGD Pin=LED3-2
Added Pin To Net: NetName=PWRGD Pin=R45-1
Added Pin To Net: NetName=PWRGD Pin=U2-4
Added Net: Name=PWRGD
Added Pin To Net: NetName=SO1 Pin=U2-25
Added Net: Name=SO1
Added Pin To Net: NetName=USB_N Pin=U7-7
Added Pin To Net: NetName=USB_N Pin=USB2-2
Added Net: Name=USB_N
Added Pin To Net: NetName=USB_P Pin=U7-8
Added Pin To Net: NetName=USB_P Pin=USB2-3
Added Net: Name=USB_P
Added Pin To Net: NetName=V_MOTOR Pin=C18-2
Added Pin To Net: NetName=V_MOTOR Pin=C28-2
Added Pin To Net: NetName=V_MOTOR Pin=C31-2
Added Pin To Net: NetName=V_MOTOR Pin=L3-1
Added Pin To Net: NetName=V_MOTOR Pin=PWR1-2
Added Pin To Net: NetName=V_MOTOR Pin=PWR2-2
Added Pin To Net: NetName=V_MOTOR Pin=Q1-2
Added Pin To Net: NetName=V_MOTOR Pin=Q3-2
Added Pin To Net: NetName=V_MOTOR Pin=Q5-2
Added Pin To Net: NetName=V_MOTOR Pin=R7-2
Added Pin To Net: NetName=V_MOTOR Pin=R38-1
Added Pin To Net: NetName=V_MOTOR Pin=U4-1
Added Pin To Net: NetName=V_MOTOR Pin=U4-1
Added Pin To Net: NetName=V_MOTOR Pin=U4-1
Added Pin To Net: NetName=V_MOTOR Pin=U4-1
Added Pin To Net: NetName=V_MOTOR Pin=U4-1
Added Pin To Net: NetName=V_MOTOR Pin=U4-1
Added Pin To Net: NetName=V_MOTOR Pin=U4-1
Added Pin To Net: NetName=V_MOTOR Pin=U4-1
Added Pin To Net: NetName=V_MOTOR Pin=U4-1
Added Net: Name=V_MOTOR
Added Pin To Net: NetName=VDD_IRFS Pin=C40-2
Added Pin To Net: NetName=VDD_IRFS Pin=C54-2
Added Pin To Net: NetName=VDD_IRFS Pin=D1-2
Added Pin To Net: NetName=VDD_IRFS Pin=D3-1
Added Pin To Net: NetName=VDD_IRFS Pin=U2-53
Added Pin To Net: NetName=VDD_IRFS Pin=U2-54
Added Net: Name=VDD_IRFS
Added Class: Name=FT4232_USB
Added Class: Name=IRFS_Bridges
Added Class: Name=MPU9150_IMU
Added Class: Name=REPEAT(DR,2)
Added Class: Name=Sheet_Ninja_ECU
Added Class: Name=STM32_Microcontroller
Added Class: Name=DC_CAL[0..1]
Added Class: Name=EN_G[0..1]
Added Class: Name=FAULT[0..1]
Added Class: Name=GAIN[0..1]
Added Class: Name=INH_A[0..1]
Added Class: Name=INH_B[0..1]
Added Class: Name=INH_C[0..1]
Added Class: Name=INL_A[0..1]
Added Class: Name=INL_B[0..1]
Added Class: Name=INL_C[0..1]
Added Class: Name=M_OC[0..1]
Added Class: Name=MPWM[0..1]
Added Class: Name=OCTW[0..1]
Added Class: Name=PWRGD[0..1]
Added Room: Name=FT4232_USB
Added Room: Name=IRFS_Bridges
Added Room: Name=MPU9150_IMU
Added Room: Name=REPEAT(DR,2)
Added Room: Name=Sheet_Ninja_ECU
Added Room: Name=STM32_Microcontroller
Added Rule: Name=Schematic Clearance Constraint
Added Rule: Name=Schematic Width Constraint
Added Rule: Name=Schematic Width Constraint_1
Added Rule: Name=Schematic Width Constraint_2
Added Rule: Name=Schematic Width Constraint_3
Added Rule: Name=Schematic Width Constraint_4
Added Rule: Name=Schematic Width Constraint_5
Added Rule: Name=Schematic Width Constraint_6
