Removed Pin From Net: NetName=NetR3_2 Pin=U1-23
Removed Pin From Net: NetName=NetR4_2 Pin=U1-24
Removed Pin From Net: NetName=NetR17_2 Pin=U1-59
Removed Pin From Net: NetName=NetR21_2 Pin=U1-60
Removed Pin From Net: NetName=NetR2_2 Pin=U1-63
Removed Pin From Net: NetName=NetR1_2 Pin=U1-64
Removed Pin From Net: NetName=NetR10_2 Pin=U1-90
Removed Pin From Net: NetName=NetR9_2 Pin=U1-91
Added Pin To Net: NetName=NetR4_2 Pin=U1-23
Added Pin To Net: NetName=NetR3_2 Pin=U1-24
Added Pin To Net: NetName=NetR21_2 Pin=U1-59
Added Pin To Net: NetName=NetR17_2 Pin=U1-60
Added Pin To Net: NetName=NetR1_2 Pin=U1-63
Added Pin To Net: NetName=NetR2_2 Pin=U1-64
Added Pin To Net: NetName=NetR9_2 Pin=U1-90
Added Pin To Net: NetName=NetR10_2 Pin=U1-91
Added Rule: Name=Schematic Width Constraint_4
Added Rule: Name=Schematic Width Constraint_6
Change Rule Scope 1 : Old Scope=InNet('5V_IN') New Scope=InNet('5V_IN1')
Change Rule Scope 1 : Old Scope=InNet('5V_OUT1') New Scope=InNet('5V_OUT2')
Change Rule Scope 1 : Old Scope=InNet('NetD1_DR2_1') New Scope=InNet('NetD1_DR1_1')
