Removed Pin From Net: NetName=5V_IRFS Pin=C25_DR1-2
Removed Pin From Net: NetName=5V_IRFS Pin=C25_DR2-2
Removed Pin From Net: NetName=5V_IRFS Pin=C26_DR1-2
Removed Pin From Net: NetName=5V_IRFS Pin=C26_DR2-2
Removed Pin From Net: NetName=5V_IRFS Pin=C29_DR1-2
Removed Pin From Net: NetName=5V_IRFS Pin=C29_DR2-2
Removed Pin From Net: NetName=5V_IRFS Pin=C32_DR1-2
Removed Pin From Net: NetName=5V_IRFS Pin=C32_DR2-2
Removed Pin From Net: NetName=5V_IRFS Pin=C35_DR1-1
Removed Pin From Net: NetName=5V_IRFS Pin=C35_DR2-1
Removed Pin From Net: NetName=PGND Pin=C40-1
Removed Pin From Net: NetName=VDD_IRFS Pin=C40-2
Removed Pin From Net: NetName=VDD_IRFS Pin=C54_DR1-2
Removed Pin From Net: NetName=VDD_IRFS Pin=D1-2
Removed Pin From Net: NetName=VDD_IRFS Pin=D3_DR1-1
Removed Pin From Net: NetName=GND_STM Pin=H4-6
Removed Pin From Net: NetName=V_MOTOR Pin=L3-1
Removed Pin From Net: NetName=VDD_IRFS Pin=U2_DR1-53
Removed Pin From Net: NetName=VDD_IRFS Pin=U2_DR1-54
Removed Member From Class: ClassName=Sheet_Ninja_ECU Member=C40
Removed Member From Class: ClassName=Sheet_Ninja_ECU Member=D1
Removed Member From Class: ClassName=Sheet_Ninja_ECU Member=L3
Added Component: Designator=BLDC1_IRFS2(TERM3)
Added Component: Designator=C40_DR1(6032 [2312])
Added Component: Designator=C40_DR2(6032 [2312])
Added Component: Designator=D1_DR1(DIODE-4)
Added Component: Designator=D1_DR2(DIODE-4)
Added Component: Designator=L3_DR1(SDR0805)
Added Component: Designator=L3_DR2(SDR0805)
Added Component: Designator=PWR1(TERM2)
Added Component: Designator=PWR2(TERM2)
Added Pin To Net: NetName=NetBLDC1_IRFS2_1 Pin=BLDC1_IRFS2-1
Added Pin To Net: NetName=NetBLDC1_IRFS2_2 Pin=BLDC1_IRFS2-2
Added Pin To Net: NetName=NetBLDC1_IRFS2_3 Pin=BLDC1_IRFS2-3
Added Pin To Net: NetName=5V_IN1 Pin=C25_DR1-2
Added Pin To Net: NetName=5V_IN1 Pin=C25_DR2-2
Added Pin To Net: NetName=5V_IN1 Pin=C26_DR1-2
Added Pin To Net: NetName=5V_IN1 Pin=C26_DR2-2
Added Pin To Net: NetName=5V_IN1 Pin=C29_DR1-2
Added Pin To Net: NetName=5V_IN1 Pin=C29_DR2-2
Added Pin To Net: NetName=5V_IN1 Pin=C32_DR1-2
Added Pin To Net: NetName=5V_IN1 Pin=C32_DR2-2
Added Pin To Net: NetName=5V_IN1 Pin=C35_DR1-1
Added Pin To Net: NetName=5V_IN1 Pin=C35_DR2-1
Added Pin To Net: NetName=PGND Pin=C40_DR1-1
Added Pin To Net: NetName=PGND Pin=C40_DR2-1
Added Pin To Net: NetName=VDD_IRFS Pin=C40_DR2-2
Added Pin To Net: NetName=VDD_IRFS Pin=D1_DR2-2
Added Pin To Net: NetName=V_MOTOR Pin=L3_DR1-1
Added Pin To Net: NetName=V_MOTOR Pin=L3_DR2-1
Added Pin To Net: NetName=PGND Pin=PWR1-1
Added Pin To Net: NetName=V_MOTOR Pin=PWR1-2
Added Pin To Net: NetName=PGND Pin=PWR2-1
Added Pin To Net: NetName=V_MOTOR Pin=PWR2-2
Change Net Name : Old Net Name=VDD_IRFS New Net Name=NetC40_DR2_2
Added Pin To Net: NetName=NetC40_DR1_2 Pin=C40_DR1-2
Added Pin To Net: NetName=NetC40_DR1_2 Pin=C54_DR1-2
Added Pin To Net: NetName=NetC40_DR1_2 Pin=D1_DR1-2
Added Pin To Net: NetName=NetC40_DR1_2 Pin=D3_DR1-1
Added Pin To Net: NetName=NetC40_DR1_2 Pin=U2_DR1-53
Added Pin To Net: NetName=NetC40_DR1_2 Pin=U2_DR1-54
Added Net: Name=NetC40_DR1_2
Added Pin To Net: NetName=NetD1_DR1_1 Pin=D1_DR1-1
Added Pin To Net: NetName=NetD1_DR1_1 Pin=L3_DR1-2
Added Net: Name=NetD1_DR1_1
Added Pin To Net: NetName=NetD1_DR2_1 Pin=D1_DR2-1
Added Pin To Net: NetName=NetD1_DR2_1 Pin=L3_DR2-2
Added Net: Name=NetD1_DR2_1
Added Member To Class: ClassName=IRFS2 Member=Component BLDC1_IRFS2 (BLDC1) Terminal3
Added Member To Class: ClassName=DR1 Member=Component C40_DR1 (C40) 100uF/16V
Added Member To Class: ClassName=DR2 Member=Component C40_DR2 (C40) 100uF/16V
Added Member To Class: ClassName=DR1 Member=Component D1_DR1 (D1) 1N5821
Added Member To Class: ClassName=DR2 Member=Component D1_DR2 (D1) 1N5821
Added Member To Class: ClassName=DR1 Member=Component L3_DR1 (L3) 100uH
Added Member To Class: ClassName=DR2 Member=Component L3_DR2 (L3) 100uH
Added Member To Class: ClassName=Sheet_Ninja_ECU Member=Component PWR1 Computer Power
Added Member To Class: ClassName=Sheet_Ninja_ECU Member=Component PWR2 Battery Power
Added Member To Class: ClassName=DR2 Member=Component R51_DR2 (R51) 220K
Added Rule: Name=Schematic Width Constraint_1
Added Rule: Name=Schematic Width Constraint_6
Added Rule: Name=Schematic Width Constraint_12
Added Rule: Name=Schematic Width Constraint_13
Change Rule Scope 1 : Old Scope=InNet('5V_OUT1') New Scope=InNet('5V_OUT2')
