Removed Pin From Net: NetName=PGND Pin=C28_DR1-1
Removed Pin From Net: NetName=V_MOTOR Pin=C28_DR1-2
Removed Pin From Net: NetName=PGND Pin=C28_DR2-1
Removed Pin From Net: NetName=V_MOTOR Pin=C28_DR2-2
Removed Pin From Net: NetName=PGND Pin=C31_DR1-1
Removed Pin From Net: NetName=V_MOTOR Pin=C31_DR1-2
Removed Pin From Net: NetName=PGND Pin=C31_DR2-1
Removed Pin From Net: NetName=V_MOTOR Pin=C31_DR2-2
Removed Pin From Net: NetName=PGND Pin=C40_DR1-1
Removed Pin From Net: NetName=VDD_IRFS Pin=C40_DR1-2
Removed Pin From Net: NetName=PGND Pin=C40_DR2-1
Removed Pin From Net: NetName=VDD_IRFS Pin=C40_DR2-2
Removed Pin From Net: NetName=VDD_IRFS Pin=D1_DR1-2
Removed Pin From Net: NetName=NetD1_DR2_1 Pin=D1_DR2-1
Removed Pin From Net: NetName=VDD_IRFS Pin=D1_DR2-2
Removed Pin From Net: NetName=V_MOTOR Pin=L3_DR1-1
Removed Pin From Net: NetName=V_MOTOR Pin=L3_DR2-1
Removed Pin From Net: NetName=NetD1_DR2_1 Pin=L3_DR2-2
Removed Pin From Net: NetName=PGND Pin=PWR1_DR1-1
Removed Pin From Net: NetName=V_MOTOR Pin=PWR1_DR1-2
Removed Pin From Net: NetName=PGND Pin=PWR2_DR1-1
Removed Pin From Net: NetName=V_MOTOR Pin=PWR2_DR1-2
Removed Member From Class: ClassName=DR1 Member=C28_DR1
Removed Member From Class: ClassName=DR2 Member=C28_DR2
Removed Member From Class: ClassName=DR1 Member=C31_DR1
Removed Member From Class: ClassName=DR2 Member=C31_DR2
Removed Member From Class: ClassName=DR1 Member=C40_DR1
Removed Member From Class: ClassName=DR2 Member=C40_DR2
Removed Member From Class: ClassName=DR1 Member=D1_DR1
Removed Member From Class: ClassName=DR2 Member=D1_DR2
Removed Member From Class: ClassName=DR1 Member=L3_DR1
Removed Member From Class: ClassName=DR2 Member=L3_DR2
Removed Member From Class: ClassName=DR1 Member=PWR1_DR1
Removed Member From Class: ClassName=DR1 Member=PWR2_DR1
Added Component: Designator=C28(Large_SMD_Cap)
Added Component: Designator=C31(Large_SMD_Cap)
Added Component: Designator=C40(6032 [2312])
Added Component: Designator=D1(DIODE-4)
Added Component: Designator=L3(SDR0805)
Added Component: Designator=PWR1(TERM2)
Added Component: Designator=PWR2(TERM2)
Added Pin To Net: NetName=PGND Pin=C28-1
Added Pin To Net: NetName=V_MOTOR Pin=C28-2
Added Pin To Net: NetName=PGND Pin=C31-1
Added Pin To Net: NetName=V_MOTOR Pin=C31-2
Added Pin To Net: NetName=PGND Pin=C40-1
Added Pin To Net: NetName=VDD_IRFS Pin=C40-2
Added Pin To Net: NetName=NetD1_DR2_1 Pin=D1-1
Added Pin To Net: NetName=VDD_IRFS Pin=D1-2
Added Pin To Net: NetName=V_MOTOR Pin=L3-1
Added Pin To Net: NetName=NetD1_DR2_1 Pin=L3-2
Added Pin To Net: NetName=PGND Pin=PWR1-1
Added Pin To Net: NetName=V_MOTOR Pin=PWR1-2
Added Pin To Net: NetName=PGND Pin=PWR2-1
Added Pin To Net: NetName=V_MOTOR Pin=PWR2-2
Change Net Name : Old Net Name=NetD1_DR2_1 New Net Name=NetD1_1
Added Member To Class: ClassName=Sheet_Ninja_ECU Member=Component C28 1000uF/16V
Added Member To Class: ClassName=Sheet_Ninja_ECU Member=Component C31 1000uF/16V
Added Member To Class: ClassName=Sheet_Ninja_ECU Member=Component C40 100uF/16V
Added Member To Class: ClassName=Sheet_Ninja_ECU Member=Component D1 1N5821
Added Member To Class: ClassName=Sheet_Ninja_ECU Member=Component L3 100uH
Added Member To Class: ClassName=Sheet_Ninja_ECU Member=Component PWR1 Computer Power
Added Member To Class: ClassName=Sheet_Ninja_ECU Member=Component PWR2 Battery Power
Added Rule: Name=Schematic Width Constraint_8
Added Rule: Name=Schematic Width Constraint_11
Change Rule Scope 1 : Old Scope=InNet('5V_OUT1') New Scope=InNet('5V_OUT2')
