Change Component Designator: Old Designator=Enc? New Designator=Enc1
Change Component Designator: Old Designator=Enc? New Designator=Enc2
Change Component Designator: Old Designator=Enc? New Designator=Enc3
Change Component Designator: Old Designator=Enc? New Designator=Enc4
Change Component Designator: Old Designator=Hall_Sens? New Designator=Hall_Sens1
Change Component Designator: Old Designator=Hall_Sens? New Designator=Hall_Sens2
Change Component Designator: Old Designator=Oc? New Designator=Oc1
Change Component Designator: Old Designator=P_Servo? New Designator=P_Servo1
Change Component Designator: Old Designator=Pot? New Designator=Pot1
Change Component Designator: Old Designator=Pot? New Designator=Pot2
Change Component Designator: Old Designator=Pot? New Designator=Pot3
Change Component Designator: Old Designator=Pot? New Designator=Pot4
Change Component Designator: Old Designator=Pot? New Designator=Pot5
Change Component Designator: Old Designator=Pot? New Designator=Pot6
Change Component Designator: Old Designator=R? New Designator=R25
Change Component Designator: Old Designator=R? New Designator=R95
Change Component Designator: Old Designator=R? New Designator=R96
Change Component Designator: Old Designator=R? New Designator=R97
Change Component Designator: Old Designator=R? New Designator=R98
Change Component Designator: Old Designator=R? New Designator=R99
Change Component Designator: Old Designator=R? New Designator=R100
Change Component Designator: Old Designator=R? New Designator=R101
Change Component Designator: Old Designator=R? New Designator=R102
Change Component Designator: Old Designator=Serv? New Designator=Serv1
Change Component Designator: Old Designator=Serv? New Designator=Serv2
Change Component Designator: Old Designator=USB? New Designator=USB1
