Change Component Designator: Old Designator=Enc? New Designator=Enc1
Change Component Designator: Old Designator=Enc? New Designator=Enc2
Change Component Designator: Old Designator=Enc? New Designator=Enc3
Change Component Designator: Old Designator=Enc? New Designator=Enc4
Change Component Designator: Old Designator=Hall_Sens? New Designator=Hall_Sens1
Change Component Designator: Old Designator=Hall_Sens? New Designator=Hall_Sens2
Change Component Designator: Old Designator=Oc? New Designator=Oc1
Change Component Designator: Old Designator=P_Servo? New Designator=P_Servo1
Change Component Designator: Old Designator=Pot? New Designator=Pot1
Change Component Designator: Old Designator=Pot? New Designator=Pot2
Change Component Designator: Old Designator=Pot? New Designator=Pot3
Change Component Designator: Old Designator=Pot? New Designator=Pot4
Change Component Designator: Old Designator=Pot? New Designator=Pot5
Change Component Designator: Old Designator=Pot? New Designator=Pot6
Change Component Designator: Old Designator=Serv? New Designator=Serv1
Change Component Designator: Old Designator=Serv? New Designator=Serv2
Change Component Part ID : Designator=U1 Old Part ID =1 New Part ID =2
Change Component Part ID : Designator=U1 Old Part ID =2 New Part ID =4
Change Component Part ID : Designator=U1 Old Part ID =4 New Part ID =1
Change Component Part ID : Designator=U1 Old Part ID =5 New Part ID =6
Change Component Part ID : Designator=U1 Old Part ID =6 New Part ID =7
Change Component Part ID : Designator=U1 Old Part ID =7 New Part ID =5
Change Component Designator: Old Designator=USB? New Designator=USB1
